#
# There is insufficient memory for the Java Runtime Environment to continue.
# Native memory allocation (malloc) failed to allocate 1204352 bytes for Chunk::new
# Possible reasons:
#   The system is out of physical RAM or swap space
#   The process is running with CompressedOops enabled, and the Java Heap may be blocking the growth of the native heap
# Possible solutions:
#   Reduce memory load on the system
#   Increase physical memory or swap space
#   Check if swap backing store is full
#   Decrease Java heap size (-Xmx/-Xms)
#   Decrease number of Java threads
#   Decrease Java thread stack sizes (-Xss)
#   Set larger code cache with -XX:ReservedCodeCacheSize=
#   JVM is running with Unscaled Compressed Oops mode in which the Java heap is
#     placed in the first 4GB address space. The Java Heap base address is the
#     maximum limit for the native heap growth. Please use -XX:HeapBaseMinAddress
#     to set the Java Heap base and to place the Java Heap above 4GB virtual address.
# This output file may be truncated or incomplete.
#
#  Out of Memory Error (allocation.cpp:389), pid=10936, tid=0x0000000000002938
#
# JRE version: OpenJDK Runtime Environment (8.0_242-b01) (build 1.8.0_242-release-1644-b01)
# Java VM: OpenJDK 64-Bit Server VM (25.242-b01 mixed mode windows-amd64 compressed oops)
# Failed to write core dump. Minidumps are not enabled by default on client versions of Windows
#

---------------  T H R E A D  ---------------

Current thread (0x00000000593f5800):  JavaThread "C2 CompilerThread1" daemon [_thread_in_native, id=10552, stack(0x0000000059a90000,0x0000000059b90000)]

Stack: [0x0000000059a90000,0x0000000059b90000]
[error occurred during error reporting (printing stack bounds), id 0xc0000005]

Native frames: (J=compiled Java code, j=interpreted, Vv=VM code, C=native code)


Current CompileTask:
C2:4388864 21235       4       org.gradle.api.internal.artifacts.transform.TransformingAsyncArtifactListener::artifactAvailable (98 bytes)


---------------  P R O C E S S  ---------------

Java Threads: ( => current thread )
  0x0000000074287800 JavaThread "stdout" [_thread_in_native, id=6312, stack(0x00000000750c0000,0x00000000751c0000)]
  0x0000000074286800 JavaThread "stderr" [_thread_in_native, id=9372, stack(0x0000000074da0000,0x0000000074ea0000)]
  0x0000000074286000 JavaThread "pool-9-thread-1" [_thread_blocked, id=6892, stack(0x0000000074ee0000,0x0000000074fe0000)]
  0x0000000074285000 JavaThread "WorkerExecutor Queue Thread 4" [_thread_blocked, id=7208, stack(0x0000000074c60000,0x0000000074d60000)]
  0x0000000074284800 JavaThread "WorkerExecutor Queue Thread 3" [_thread_blocked, id=3576, stack(0x0000000070dc0000,0x0000000070ec0000)]
  0x0000000061443000 JavaThread "WorkerExecutor Queue Thread 2" [_thread_blocked, id=7260, stack(0x0000000073700000,0x0000000073800000)]
  0x0000000061442800 JavaThread "Exec process Thread 9" [_thread_blocked, id=2460, stack(0x0000000073500000,0x0000000073600000)]
  0x0000000061441800 JavaThread "Exec process Thread 8" [_thread_blocked, id=9160, stack(0x0000000073400000,0x0000000073500000)]
  0x0000000061441000 JavaThread "Exec process Thread 7" [_thread_blocked, id=10712, stack(0x0000000071f20000,0x0000000072020000)]
  0x0000000061440000 JavaThread "WorkerExecutor Queue" [_thread_blocked, id=8868, stack(0x0000000072940000,0x0000000072a40000)]
  0x000000006143f800 JavaThread "Cache worker for execution history cache (C:\Users\Reginleif\Desktop\knowledge_base\labs_tasks\rpo-baltin-2021\fclient\.gradle\6.5\executionHistory)" [_thread_blocked, id=7292, stack(0x0000000072640000,0x0000000072740000)]
  0x000000006143e800 JavaThread "Execution worker for ':' Thread 3" [_thread_blocked, id=3912, stack(0x0000000071e20000,0x0000000071f20000)]
  0x000000006143e000 JavaThread "Execution worker for ':' Thread 2" [_thread_blocked, id=5560, stack(0x00000000714d0000,0x00000000715d0000)]
  0x000000006143d000 JavaThread "Execution worker for ':'" [_thread_blocked, id=3568, stack(0x0000000071ce0000,0x0000000071de0000)]
  0x000000006143c800 JavaThread "Cache worker for file content cache (C:\Users\Reginleif\Desktop\knowledge_base\labs_tasks\rpo-baltin-2021\fclient\.gradle\6.5\fileContent)" [_thread_blocked, id=1896, stack(0x0000000071390000,0x0000000071490000)]
  0x000000005fe7b000 JavaThread "Cache worker for Build Output Cleanup Cache (C:\Users\Reginleif\Desktop\knowledge_base\labs_tasks\rpo-baltin-2021\fclient\.gradle\buildOutputCleanup)" [_thread_blocked, id=7072, stack(0x00000000707f0000,0x00000000708f0000)]
  0x000000005fe7a000 JavaThread "jar transforms Thread 368" [_thread_blocked, id=6424, stack(0x00000000710e0000,0x00000000711e0000)]
  0x000000005fe79800 JavaThread "jar transforms Thread 367" [_thread_blocked, id=10672, stack(0x0000000070b00000,0x0000000070c00000)]
  0x000000005fe78800 JavaThread "jar transforms Thread 366" [_thread_blocked, id=9872, stack(0x000000006ae90000,0x000000006af90000)]
  0x000000005fe78000 JavaThread "jar transforms Thread 365" [_thread_blocked, id=10528, stack(0x0000000070900000,0x0000000070a00000)]
  0x000000005fe77000 JavaThread "jar transforms Thread 364" [_thread_blocked, id=10272, stack(0x000000006db60000,0x000000006dc60000)]
  0x000000005fe76800 JavaThread "jar transforms Thread 363" [_thread_blocked, id=8884, stack(0x000000006fb10000,0x000000006fc10000)]
  0x000000005fe75800 JavaThread "jar transforms Thread 362" [_thread_blocked, id=3124, stack(0x0000000070500000,0x0000000070600000)]
  0x000000005fe74800 JavaThread "jar transforms Thread 361" [_thread_blocked, id=10216, stack(0x000000006c1a0000,0x000000006c2a0000)]
  0x000000005fe74000 JavaThread "jar transforms Thread 360" [_thread_blocked, id=10584, stack(0x000000006da60000,0x000000006db60000)]
  0x000000005a8b2000 JavaThread "jar transforms Thread 359" [_thread_blocked, id=8972, stack(0x000000006bfb0000,0x000000006c0b0000)]
  0x000000005a8b1000 JavaThread "jar transforms Thread 358" [_thread_blocked, id=1540, stack(0x000000006be50000,0x000000006bf50000)]
  0x000000005a8b0800 JavaThread "jar transforms Thread 357" [_thread_blocked, id=9468, stack(0x000000006ba80000,0x000000006bb80000)]
  0x000000005a8af800 JavaThread "jar transforms Thread 356" [_thread_blocked, id=6204, stack(0x000000006bd10000,0x000000006be10000)]
  0x000000005a8af000 JavaThread "jar transforms Thread 355" [_thread_blocked, id=6104, stack(0x000000006bb80000,0x000000006bc80000)]
  0x000000005a8ae000 JavaThread "jar transforms Thread 354" [_thread_blocked, id=8508, stack(0x000000006b090000,0x000000006b190000)]
  0x000000005a8ad800 JavaThread "jar transforms Thread 353" [_thread_blocked, id=9500, stack(0x000000006b940000,0x000000006ba40000)]
  0x000000005a8ac800 JavaThread "jar transforms Thread 352" [_thread_blocked, id=8816, stack(0x000000006b800000,0x000000006b900000)]
  0x000000005a8ac000 JavaThread "jar transforms Thread 351" [_thread_blocked, id=9540, stack(0x000000006b6f0000,0x000000006b7f0000)]
  0x000000005a8ab000 JavaThread "jar transforms Thread 350" [_thread_blocked, id=7768, stack(0x000000006b550000,0x000000006b650000)]
  0x0000000061e6c800 JavaThread "jar transforms Thread 349" [_thread_blocked, id=7064, stack(0x000000006b390000,0x000000006b490000)]
  0x0000000061e6c000 JavaThread "jar transforms Thread 348" [_thread_blocked, id=5740, stack(0x000000006b1f0000,0x000000006b2f0000)]
  0x0000000061e6b000 JavaThread "jar transforms Thread 347" [_thread_blocked, id=11212, stack(0x000000006af90000,0x000000006b090000)]
  0x0000000061e6a800 JavaThread "jar transforms Thread 346" [_thread_blocked, id=10008, stack(0x000000006aa40000,0x000000006ab40000)]
  0x0000000061e69800 JavaThread "jar transforms Thread 345" [_thread_blocked, id=9416, stack(0x000000006abc0000,0x000000006acc0000)]
  0x0000000061e69000 JavaThread "jar transforms Thread 344" [_thread_blocked, id=924, stack(0x000000006a900000,0x000000006aa00000)]
  0x0000000061e68000 JavaThread "jar transforms Thread 343" [_thread_blocked, id=6288, stack(0x000000006a760000,0x000000006a860000)]
  0x0000000061e67800 JavaThread "jar transforms Thread 342" [_thread_blocked, id=2100, stack(0x0000000069fb0000,0x000000006a0b0000)]
  0x0000000061e66800 JavaThread "jar transforms Thread 341" [_thread_blocked, id=10536, stack(0x000000006a650000,0x000000006a750000)]
  0x0000000061e66000 JavaThread "jar transforms Thread 340" [_thread_blocked, id=2604, stack(0x000000006a3a0000,0x000000006a4a0000)]
  0x0000000061608000 JavaThread "jar transforms Thread 339" [_thread_blocked, id=1592, stack(0x000000006a4a0000,0x000000006a5a0000)]
  0x000000006160c800 JavaThread "jar transforms Thread 338" [_thread_blocked, id=8204, stack(0x000000006a270000,0x000000006a370000)]
  0x000000006160b800 JavaThread "jar transforms Thread 337" [_thread_blocked, id=9676, stack(0x00000000694d0000,0x00000000695d0000)]
  0x000000006160e000 JavaThread "jar transforms Thread 336" [_thread_blocked, id=10448, stack(0x000000006a110000,0x000000006a210000)]
  0x000000005a887000 JavaThread "jar transforms Thread 335" [_thread_blocked, id=10860, stack(0x0000000069e70000,0x0000000069f70000)]
  0x000000005a88a000 JavaThread "jar transforms Thread 334" [_thread_blocked, id=3996, stack(0x0000000069cd0000,0x0000000069dd0000)]
  0x000000005a888000 JavaThread "jar transforms Thread 333" [_thread_blocked, id=7492, stack(0x0000000069b10000,0x0000000069c10000)]
  0x000000005a889800 JavaThread "jar transforms Thread 332" [_thread_blocked, id=10628, stack(0x0000000069930000,0x0000000069a30000)]
  0x0000000061a32000 JavaThread "jar transforms Thread 331" [_thread_blocked, id=6244, stack(0x0000000069790000,0x0000000069890000)]
  0x0000000061a31800 JavaThread "jar transforms Thread 330" [_thread_blocked, id=5820, stack(0x00000000695f0000,0x00000000696f0000)]
  0x0000000061a2d800 JavaThread "jar transforms Thread 329" [_thread_blocked, id=7036, stack(0x0000000069040000,0x0000000069140000)]
  0x0000000061a2f000 JavaThread "jar transforms Thread 328" [_thread_blocked, id=7588, stack(0x00000000693d0000,0x00000000694d0000)]
  0x000000005e9ae800 JavaThread "jar transforms Thread 327" [_thread_blocked, id=11140, stack(0x00000000691e0000,0x00000000692e0000)]
  0x000000005e9a9000 JavaThread "jar transforms Thread 326" [_thread_blocked, id=3204, stack(0x0000000068f40000,0x0000000069040000)]
  0x000000005e9aa000 JavaThread "jar transforms Thread 325" [_thread_blocked, id=1152, stack(0x0000000068de0000,0x0000000068ee0000)]
  0x000000005e9ab800 JavaThread "jar transforms Thread 324" [_thread_blocked, id=240, stack(0x00000000689c0000,0x0000000068ac0000)]
  0x000000005e9aa800 JavaThread "jar transforms Thread 323" [_thread_blocked, id=1772, stack(0x0000000068c70000,0x0000000068d70000)]
  0x000000005e9a8800 JavaThread "jar transforms Thread 322" [_thread_blocked, id=8048, stack(0x0000000068ac0000,0x0000000068bc0000)]
  0x000000005e9af000 JavaThread "jar transforms Thread 321" [_thread_blocked, id=156, stack(0x00000000684e0000,0x00000000685e0000)]
  0x000000005ebd5800 JavaThread "jar transforms Thread 320" [_thread_blocked, id=8012, stack(0x00000000687f0000,0x00000000688f0000)]
  0x000000005ebd0000 JavaThread "jar transforms Thread 319" [_thread_blocked, id=2752, stack(0x0000000068650000,0x0000000068750000)]
  0x000000005ebd3000 JavaThread "jar transforms Thread 318" [_thread_blocked, id=2396, stack(0x0000000067d20000,0x0000000067e20000)]
  0x000000005ebd1800 JavaThread "jar transforms Thread 317" [_thread_blocked, id=6988, stack(0x00000000683d0000,0x00000000684d0000)]
  0x000000005ebd6000 JavaThread "jar transforms Thread 316" [_thread_blocked, id=10220, stack(0x0000000067f70000,0x0000000068070000)]
  0x000000005ebd1000 JavaThread "jar transforms Thread 315" [_thread_blocked, id=9592, stack(0x0000000063770000,0x0000000063870000)]
  0x000000005ebd7000 JavaThread "jar transforms Thread 314" [_thread_blocked, id=9100, stack(0x0000000068210000,0x0000000068310000)]
  0x000000005ebd4000 JavaThread "jar transforms Thread 313" [_thread_blocked, id=8032, stack(0x00000000680a0000,0x00000000681a0000)]
  0x000000005ebd4800 JavaThread "jar transforms Thread 312" [_thread_blocked, id=4620, stack(0x0000000067e60000,0x0000000067f60000)]
  0x000000005eec8000 JavaThread "jar transforms Thread 311" [_thread_blocked, id=1652, stack(0x0000000067be0000,0x0000000067ce0000)]
  0x000000005eec4800 JavaThread "jar transforms Thread 310" [_thread_blocked, id=9988, stack(0x0000000067a80000,0x0000000067b80000)]
  0x000000005eec7800 JavaThread "jar transforms Thread 309" [_thread_blocked, id=2824, stack(0x0000000067910000,0x0000000067a10000)]
  0x000000005eec5000 JavaThread "jar transforms Thread 308" [_thread_blocked, id=3036, stack(0x00000000674a0000,0x00000000675a0000)]
  0x000000005eec2000 JavaThread "jar transforms Thread 307" [_thread_blocked, id=8216, stack(0x0000000067740000,0x0000000067840000)]
  0x000000005eec6800 JavaThread "jar transforms Thread 306" [_thread_blocked, id=5940, stack(0x0000000067640000,0x0000000067740000)]
  0x000000005eec6000 JavaThread "jar transforms Thread 305" [_thread_blocked, id=9172, stack(0x0000000066d90000,0x0000000066e90000)]
  0x000000005eec3000 JavaThread "jar transforms Thread 304" [_thread_blocked, id=9696, stack(0x0000000067360000,0x0000000067460000)]
  0x000000005eec3800 JavaThread "jar transforms Thread 303" [_thread_blocked, id=10436, stack(0x00000000640e0000,0x00000000641e0000)]
  0x000000005c613000 JavaThread "jar transforms Thread 302" [_thread_blocked, id=10052, stack(0x0000000067190000,0x0000000067290000)]
  0x000000005c614000 JavaThread "jar transforms Thread 301" [_thread_blocked, id=9616, stack(0x0000000067090000,0x0000000067190000)]
  0x000000005c619000 JavaThread "jar transforms Thread 300" [_thread_blocked, id=8424, stack(0x0000000066eb0000,0x0000000066fb0000)]
  0x000000005c617800 JavaThread "jar transforms Thread 299" [_thread_blocked, id=7248, stack(0x0000000066c60000,0x0000000066d60000)]
  0x000000005c614800 JavaThread "jar transforms Thread 298" [_thread_blocked, id=9628, stack(0x0000000065100000,0x0000000065200000)]
  0x000000005c616000 JavaThread "jar transforms Thread 297" [_thread_blocked, id=9604, stack(0x0000000066b40000,0x0000000066c40000)]
  0x000000005c621800 JavaThread "jar transforms Thread 296" [_thread_blocked, id=9292, stack(0x00000000669e0000,0x0000000066ae0000)]
  0x000000005c618800 JavaThread "jar transforms Thread 295" [_thread_blocked, id=6408, stack(0x0000000065690000,0x0000000065790000)]
  0x000000005c617000 JavaThread "jar transforms Thread 294" [_thread_blocked, id=1972, stack(0x00000000639f0000,0x0000000063af0000)]
  0x000000005c615800 JavaThread "jar transforms Thread 293" [_thread_blocked, id=9072, stack(0x0000000063fc0000,0x00000000640c0000)]
  0x000000005c612800 JavaThread "jar transforms Thread 292" [_thread_blocked, id=9672, stack(0x0000000063500000,0x0000000063600000)]
  0x000000005c61f000 JavaThread "jar transforms Thread 291" [_thread_blocked, id=8420, stack(0x0000000063870000,0x0000000063970000)]
  0x000000005c620800 JavaThread "jar transforms Thread 290" [_thread_blocked, id=9652, stack(0x0000000063670000,0x0000000063770000)]
  0x000000005c620000 JavaThread "jar transforms Thread 289" [_thread_blocked, id=9748, stack(0x0000000063290000,0x0000000063390000)]
  0x000000005c1e8000 JavaThread "jar transforms Thread 288" [_thread_blocked, id=6940, stack(0x00000000633b0000,0x00000000634b0000)]
  0x000000005c1de800 JavaThread "jar transforms Thread 287" [_thread_blocked, id=6232, stack(0x0000000062fd0000,0x00000000630d0000)]
  0x000000005c1e3000 JavaThread "jar transforms Thread 286" [_thread_blocked, id=4784, stack(0x0000000062a70000,0x0000000062b70000)]
  0x000000005c1e7800 JavaThread "jar transforms Thread 285" [_thread_blocked, id=8932, stack(0x000000005e670000,0x000000005e770000)]
  0x000000005c1df000 JavaThread "jar transforms Thread 284" [_thread_blocked, id=11040, stack(0x0000000063110000,0x0000000063210000)]
  0x000000005c1e0000 JavaThread "jar transforms Thread 283" [_thread_blocked, id=10396, stack(0x0000000062ea0000,0x0000000062fa0000)]
  0x000000005c1e1800 JavaThread "jar transforms Thread 282" [_thread_blocked, id=10132, stack(0x0000000062cd0000,0x0000000062dd0000)]
  0x000000005c1e6800 JavaThread "jar transforms Thread 281" [_thread_blocked, id=8360, stack(0x0000000062b80000,0x0000000062c80000)]
  0x000000005c1e9000 JavaThread "jar transforms Thread 280" [_thread_blocked, id=1348, stack(0x0000000062820000,0x0000000062920000)]
  0x000000005c1dd800 JavaThread "jar transforms Thread 279" [_thread_blocked, id=10468, stack(0x0000000062960000,0x0000000062a60000)]
  0x000000005c1e9800 JavaThread "jar transforms Thread 278" [_thread_blocked, id=11148, stack(0x00000000626a0000,0x00000000627a0000)]
  0x000000005c1ea800 JavaThread "jar transforms Thread 277" [_thread_blocked, id=6596, stack(0x0000000062550000,0x0000000062650000)]
  0x000000005c1e2000 JavaThread "Build operations Thread 4" [_thread_blocked, id=8784, stack(0x00000000623b0000,0x00000000624b0000)]
  0x000000005c1dd000 JavaThread "Build operations Thread 3" [_thread_blocked, id=1588, stack(0x0000000061040000,0x0000000061140000)]
  0x000000005c1e3800 JavaThread "Build operations Thread 2" [_thread_blocked, id=6188, stack(0x00000000622a0000,0x00000000623a0000)]
  0x000000005c1e5000 JavaThread "Build operations" [_thread_blocked, id=10944, stack(0x0000000060c80000,0x0000000060d80000)]
  0x000000005c1e4800 JavaThread "Cache worker for cache directory md-rule (C:\Users\Reginleif\.gradle\caches\6.5\md-rule)" [_thread_blocked, id=8436, stack(0x0000000062190000,0x0000000062290000)]
  0x000000005c1e0800 JavaThread "Cache worker for cache directory md-supplier (C:\Users\Reginleif\.gradle\caches\6.5\md-supplier)" [_thread_blocked, id=2400, stack(0x000000005d970000,0x000000005da70000)]
  0x000000005c1e6000 JavaThread "Cache worker for checksums cache (C:\Users\Reginleif\Desktop\knowledge_base\labs_tasks\rpo-baltin-2021\fclient\.gradle\checksums)" [_thread_blocked, id=9804, stack(0x0000000060b70000,0x0000000060c70000)]
  0x000000005ae9b800 JavaThread "Cache worker for file hash cache (C:\Users\Reginleif\Desktop\knowledge_base\labs_tasks\rpo-baltin-2021\fclient\.gradle\6.5\fileHashes)" [_thread_blocked, id=7604, stack(0x000000005dfd0000,0x000000005e0d0000)]
  0x000000005ae9c800 JavaThread "Thread-385" [_thread_blocked, id=11160, stack(0x00000000609b0000,0x0000000060ab0000)]
  0x000000005ae9e000 JavaThread "Stdin handler" [_thread_blocked, id=11240, stack(0x000000005deb0000,0x000000005dfb0000)]
  0x000000005ae9b000 JavaThread "Asynchronous log dispatcher for DefaultDaemonConnection: socket connection from /127.0.0.1:64547 to /127.0.0.1:50499" [_thread_blocked, id=9528, stack(0x000000005ddb0000,0x000000005deb0000)]
  0x000000005ae9d000 JavaThread "Daemon worker Thread 4" [_thread_blocked, id=3540, stack(0x000000005dbf0000,0x000000005dcf0000)]
  0x000000005ae99800 JavaThread "Cancel handler" [_thread_blocked, id=10948, stack(0x000000005da70000,0x000000005db70000)]
  0x000000005ae9a000 JavaThread "Handler for socket connection from /127.0.0.1:64547 to /127.0.0.1:50499" [_thread_in_native, id=9148, stack(0x000000005d810000,0x000000005d910000)]
  0x000000005ae98800 JavaThread "Daemon Thread 4" [_thread_blocked, id=10336, stack(0x0000000059ef0000,0x0000000059ff0000)]
  0x000000005ebd2800 JavaThread "Cache worker for Java compile cache (C:\Users\Reginleif\.gradle\caches\6.5\javaCompile)" [_thread_blocked, id=9336, stack(0x0000000071260000,0x0000000071360000)]
  0x000000005e9ac000 JavaThread "pool-3-thread-2" [_thread_blocked, id=10800, stack(0x0000000070690000,0x0000000070790000)]
  0x000000005e9ad800 JavaThread "pool-3-thread-1" [_thread_blocked, id=11152, stack(0x0000000070cb0000,0x0000000070db0000)]
  0x0000000061a2c000 JavaThread "Memory manager" [_thread_blocked, id=10824, stack(0x000000006d8f0000,0x000000006d9f0000)]
  0x000000005c61b800 JavaThread "Cache worker for file content cache (C:\Users\Reginleif\.gradle\caches\6.5\fileContent)" [_thread_blocked, id=6108, stack(0x00000000644a0000,0x00000000645a0000)]
  0x000000005c61a000 JavaThread "Cache worker for execution history cache (C:\Users\Reginleif\.gradle\caches\6.5\executionHistory)" [_thread_blocked, id=6208, stack(0x00000000645c0000,0x00000000646c0000)]
  0x000000005c1dc000 JavaThread "Cache worker for file hash cache (C:\Users\Reginleif\.gradle\caches\6.5\fileHashes)" [_thread_blocked, id=8964, stack(0x000000005e550000,0x000000005e650000)]
  0x000000005c1db800 JavaThread "File lock request listener" [_thread_in_native, id=8936, stack(0x000000005e3d0000,0x000000005e4d0000)]
  0x000000005c217800 JavaThread "Cache worker for journal cache (C:\Users\Reginleif\.gradle\caches\journal-1)" [_thread_blocked, id=9240, stack(0x000000005d1d0000,0x000000005d2d0000)]
  0x000000005be59000 JavaThread "Daemon periodic checks" [_thread_blocked, id=2868, stack(0x000000005d430000,0x000000005d530000)]
  0x000000005be57800 JavaThread "Incoming local TCP Connector on port 64547" [_thread_in_native, id=5564, stack(0x000000005d2e0000,0x000000005d3e0000)]
  0x000000005b8bf800 JavaThread "Daemon health stats" [_thread_blocked, id=10996, stack(0x000000005b8e0000,0x000000005b9e0000)]
  0x0000000059429800 JavaThread "Service Thread" daemon [_thread_blocked, id=9808, stack(0x0000000059060000,0x0000000059160000)]
  0x00000000593f6800 JavaThread "C1 CompilerThread2" daemon [_thread_blocked, id=1512, stack(0x0000000059d50000,0x0000000059e50000)]
=>0x00000000593f5800 JavaThread "C2 CompilerThread1" daemon [_thread_in_native, id=10552, stack(0x0000000059a90000,0x0000000059b90000)]
  0x00000000593ac800 JavaThread "C2 CompilerThread0" daemon [_thread_blocked, id=10984, stack(0x0000000059bc0000,0x0000000059cc0000)]
  0x0000000007917800 JavaThread "Attach Listener" daemon [_thread_blocked, id=8372, stack(0x0000000059940000,0x0000000059a40000)]
  0x0000000007916000 JavaThread "Signal Dispatcher" daemon [_thread_blocked, id=10344, stack(0x0000000059840000,0x0000000059940000)]
  0x00000000078fa000 JavaThread "Finalizer" daemon [_thread_blocked, id=10980, stack(0x00000000592a0000,0x00000000593a0000)]
  0x00000000078f3000 JavaThread "Reference Handler" daemon [_thread_blocked, id=11052, stack(0x00000000591a0000,0x00000000592a0000)]
  0x00000000021bf000 JavaThread "main" [_thread_blocked, id=7152, stack(0x0000000002490000,0x0000000002590000)]

Other Threads:
  0x00000000078ab000 VMThread [stack: 0x0000000058f40000,0x0000000059040000] [id=11044]
  0x000000005942c000 WatcherThread [stack: 0x0000000059ff0000,0x000000005a0f0000] [id=7840]

VM state:not at safepoint (normal execution)

VM Mutex/Monitor currently owned by a thread: None

heap address: 0x0000000080000000, size: 2048 MB, Compressed Oops mode: 32-bit
Narrow klass base: 0x0000000000000000, Narrow klass shift: 0
Compressed class space size: 1073741824 Address: 0x00000000176b0000

Heap:
 PSYoungGen      total 632832K, used 144444K [0x00000000d5580000, 0x0000000100000000, 0x0000000100000000)
  eden space 584192K, 16% used [0x00000000d5580000,0x00000000db314728,0x00000000f9000000)
  from space 48640K, 99% used [0x00000000fd080000,0x00000000ffffaa28,0x0000000100000000)
  to   space 57344K, 0% used [0x00000000f9000000,0x00000000f9000000,0x00000000fc800000)
 ParOldGen       total 174592K, used 77674K [0x0000000080000000, 0x000000008aa80000, 0x00000000d5580000)
  object space 174592K, 44% used [0x0000000080000000,0x0000000084bda860,0x000000008aa80000)
 Metaspace       used 115278K, capacity 120876K, committed 121024K, reserved 1155072K
  class space    used 14922K, capacity 15979K, committed 16104K, reserved 1048576K

Card table byte_map: [0x0000000002c20000,0x0000000003030000] byte_map_base: 0x0000000002820000

Marking Bits: (ParMarkBitMap*) 0x000000000822f030
 Begin Bits: [0x0000000003720000, 0x0000000005720000)
 End Bits:   [0x0000000005720000, 0x0000000007720000)

Polling page: 0x0000000000340000

CodeCache: size=245760Kb used=60229Kb max_used=60368Kb free=185530Kb
 bounds [0x00000000082b0000, 0x000000000be00000, 0x00000000172b0000]
 total_blobs=18591 nmethods=17625 adapters=874
 compilation: enabled

Compilation events (10 events):
Event: 4388.008 Thread 0x00000000593ac800 21242       4       java.util.concurrent.atomic.AtomicReferenceArray::getRaw (12 bytes)
Event: 4388.010 Thread 0x00000000593ac800 nmethod 21242 0x000000000b4a2d90 code [0x000000000b4a2ec0, 0x000000000b4a2f18]
Event: 4388.045 Thread 0x00000000593ac800 21344       4       jdk.internal.org.objectweb.asm.MethodVisitor::<init> (35 bytes)
Event: 4388.046 Thread 0x00000000593ac800 nmethod 21344 0x0000000008749250 code [0x0000000008749380, 0x0000000008749438]
Event: 4388.046 Thread 0x00000000593ac800 21345       4       java.io.Writer::write (11 bytes)
Event: 4388.047 Thread 0x00000000593f6800 21346   !   3       java.io.BufferedWriter::write (55 bytes)
Event: 4388.048 Thread 0x00000000593f6800 nmethod 21346 0x0000000008b19890 code [0x0000000008b19a40, 0x0000000008b19f58]
Event: 4388.054 Thread 0x00000000593ac800 nmethod 21345 0x0000000009b1e390 code [0x0000000009b1e500, 0x0000000009b1eba8]
Event: 4388.054 Thread 0x00000000593ac800 21347 %     4       sun.nio.cs.UTF_8$Encoder::encodeArrayLoop @ 73 (489 bytes)
Event: 4388.083 Thread 0x00000000593ac800 nmethod 21347% 0x000000000b611a50 code [0x000000000b611c40, 0x000000000b612a30]

GC Heap History (10 events):
Event: 3980.056 GC heap before
{Heap before GC invocations=14 (full 3):
 PSYoungGen      total 465920K, used 465913K [0x00000000d5580000, 0x00000000f4c00000, 0x0000000100000000)
  eden space 442368K, 100% used [0x00000000d5580000,0x00000000f0580000,0x00000000f0580000)
  from space 23552K, 99% used [0x00000000f2480000,0x00000000f3b7e568,0x00000000f3b80000)
  to   space 31744K, 0% used [0x00000000f0580000,0x00000000f0580000,0x00000000f2480000)
 ParOldGen       total 126976K, used 46978K [0x0000000080000000, 0x0000000087c00000, 0x00000000d5580000)
  object space 126976K, 36% used [0x0000000080000000,0x0000000082de09a8,0x0000000087c00000)
 Metaspace       used 92982K, capacity 97446K, committed 97624K, reserved 1134592K
  class space    used 12150K, capacity 13079K, committed 13184K, reserved 1048576K
Event: 3980.142 GC heap after
Heap after GC invocations=14 (full 3):
 PSYoungGen      total 474112K, used 23217K [0x00000000d5580000, 0x00000000f8e80000, 0x0000000100000000)
  eden space 442368K, 0% used [0x00000000d5580000,0x00000000d5580000,0x00000000f0580000)
  from space 31744K, 73% used [0x00000000f0580000,0x00000000f1c2c640,0x00000000f2480000)
  to   space 33280K, 0% used [0x00000000f6e00000,0x00000000f6e00000,0x00000000f8e80000)
 ParOldGen       total 126976K, used 65618K [0x0000000080000000, 0x0000000087c00000, 0x00000000d5580000)
  object space 126976K, 51% used [0x0000000080000000,0x00000000840148a8,0x0000000087c00000)
 Metaspace       used 92982K, capacity 97446K, committed 97624K, reserved 1134592K
  class space    used 12150K, capacity 13079K, committed 13184K, reserved 1048576K
}
Event: 3981.274 GC heap before
{Heap before GC invocations=15 (full 3):
 PSYoungGen      total 474112K, used 62480K [0x00000000d5580000, 0x00000000f8e80000, 0x0000000100000000)
  eden space 442368K, 8% used [0x00000000d5580000,0x00000000d7bd7b18,0x00000000f0580000)
  from space 31744K, 73% used [0x00000000f0580000,0x00000000f1c2c640,0x00000000f2480000)
  to   space 33280K, 0% used [0x00000000f6e00000,0x00000000f6e00000,0x00000000f8e80000)
 ParOldGen       total 126976K, used 65618K [0x0000000080000000, 0x0000000087c00000, 0x00000000d5580000)
  object space 126976K, 51% used [0x0000000080000000,0x00000000840148a8,0x0000000087c00000)
 Metaspace       used 93720K, capacity 98358K, committed 98496K, reserved 1134592K
  class space    used 12277K, capacity 13209K, committed 13288K, reserved 1048576K
Event: 3981.337 GC heap after
Heap after GC invocations=15 (full 3):
 PSYoungGen      total 549376K, used 18146K [0x00000000d5580000, 0x00000000fae00000, 0x0000000100000000)
  eden space 516096K, 0% used [0x00000000d5580000,0x00000000d5580000,0x00000000f4d80000)
  from space 33280K, 54% used [0x00000000f6e00000,0x00000000f7fb89e0,0x00000000f8e80000)
  to   space 33280K, 0% used [0x00000000f4d80000,0x00000000f4d80000,0x00000000f6e00000)
 ParOldGen       total 126976K, used 65626K [0x0000000080000000, 0x0000000087c00000, 0x00000000d5580000)
  object space 126976K, 51% used [0x0000000080000000,0x00000000840168a8,0x0000000087c00000)
 Metaspace       used 93720K, capacity 98358K, committed 98496K, reserved 1134592K
  class space    used 12277K, capacity 13209K, committed 13288K, reserved 1048576K
}
Event: 3981.337 GC heap before
{Heap before GC invocations=16 (full 4):
 PSYoungGen      total 549376K, used 18146K [0x00000000d5580000, 0x00000000fae00000, 0x0000000100000000)
  eden space 516096K, 0% used [0x00000000d5580000,0x00000000d5580000,0x00000000f4d80000)
  from space 33280K, 54% used [0x00000000f6e00000,0x00000000f7fb89e0,0x00000000f8e80000)
  to   space 33280K, 0% used [0x00000000f4d80000,0x00000000f4d80000,0x00000000f6e00000)
 ParOldGen       total 126976K, used 65626K [0x0000000080000000, 0x0000000087c00000, 0x00000000d5580000)
  object space 126976K, 51% used [0x0000000080000000,0x00000000840168a8,0x0000000087c00000)
 Metaspace       used 93720K, capacity 98358K, committed 98496K, reserved 1134592K
  class space    used 12277K, capacity 13209K, committed 13288K, reserved 1048576K
Event: 3981.664 GC heap after
Heap after GC invocations=16 (full 4):
 PSYoungGen      total 549376K, used 0K [0x00000000d5580000, 0x00000000fae00000, 0x0000000100000000)
  eden space 516096K, 0% used [0x00000000d5580000,0x00000000d5580000,0x00000000f4d80000)
  from space 33280K, 0% used [0x00000000f6e00000,0x00000000f6e00000,0x00000000f8e80000)
  to   space 33280K, 0% used [0x00000000f4d80000,0x00000000f4d80000,0x00000000f6e00000)
 ParOldGen       total 174592K, used 47611K [0x0000000080000000, 0x000000008aa80000, 0x00000000d5580000)
  object space 174592K, 27% used [0x0000000080000000,0x0000000082e7efa0,0x000000008aa80000)
 Metaspace       used 92603K, capacity 96388K, committed 98496K, reserved 1134592K
  class space    used 12066K, capacity 12828K, committed 13288K, reserved 1048576K
}
Event: 3990.358 GC heap before
{Heap before GC invocations=17 (full 4):
 PSYoungGen      total 549376K, used 516096K [0x00000000d5580000, 0x00000000fae00000, 0x0000000100000000)
  eden space 516096K, 100% used [0x00000000d5580000,0x00000000f4d80000,0x00000000f4d80000)
  from space 33280K, 0% used [0x00000000f6e00000,0x00000000f6e00000,0x00000000f8e80000)
  to   space 33280K, 0% used [0x00000000f4d80000,0x00000000f4d80000,0x00000000f6e00000)
 ParOldGen       total 174592K, used 47611K [0x0000000080000000, 0x000000008aa80000, 0x00000000d5580000)
  object space 174592K, 27% used [0x0000000080000000,0x0000000082e7efa0,0x000000008aa80000)
 Metaspace       used 109346K, capacity 114504K, committed 114624K, reserved 1148928K
  class space    used 14279K, capacity 15247K, committed 15336K, reserved 1048576K
Event: 3990.467 GC heap after
Heap after GC invocations=17 (full 4):
 PSYoungGen      total 549376K, used 33269K [0x00000000d5580000, 0x0000000100000000, 0x0000000100000000)
  eden space 516096K, 0% used [0x00000000d5580000,0x00000000d5580000,0x00000000f4d80000)
  from space 33280K, 99% used [0x00000000f4d80000,0x00000000f6dfd450,0x00000000f6e00000)
  to   space 48640K, 0% used [0x00000000fd080000,0x00000000fd080000,0x0000000100000000)
 ParOldGen       total 174592K, used 75954K [0x0000000080000000, 0x000000008aa80000, 0x00000000d5580000)
  object space 174592K, 43% used [0x0000000080000000,0x0000000084a2cb58,0x000000008aa80000)
 Metaspace       used 109346K, capacity 114504K, committed 114624K, reserved 1148928K
  class space    used 14279K, capacity 15247K, committed 15336K, reserved 1048576K
}
Event: 4385.833 GC heap before
{Heap before GC invocations=18 (full 4):
 PSYoungGen      total 549376K, used 549365K [0x00000000d5580000, 0x0000000100000000, 0x0000000100000000)
  eden space 516096K, 100% used [0x00000000d5580000,0x00000000f4d80000,0x00000000f4d80000)
  from space 33280K, 99% used [0x00000000f4d80000,0x00000000f6dfd450,0x00000000f6e00000)
  to   space 48640K, 0% used [0x00000000fd080000,0x00000000fd080000,0x0000000100000000)
 ParOldGen       total 174592K, used 75954K [0x0000000080000000, 0x000000008aa80000, 0x00000000d5580000)
  object space 174592K, 43% used [0x0000000080000000,0x0000000084a2cb58,0x000000008aa80000)
 Metaspace       used 114093K, capacity 119578K, committed 119872K, reserved 1153024K
  class space    used 14787K, capacity 15842K, committed 15976K, reserved 1048576K
Event: 4385.988 GC heap after
Heap after GC invocations=18 (full 4):
 PSYoungGen      total 632832K, used 48618K [0x00000000d5580000, 0x0000000100000000, 0x0000000100000000)
  eden space 584192K, 0% used [0x00000000d5580000,0x00000000d5580000,0x00000000f9000000)
  from space 48640K, 99% used [0x00000000fd080000,0x00000000ffffaa28,0x0000000100000000)
  to   space 57344K, 0% used [0x00000000f9000000,0x00000000f9000000,0x00000000fc800000)
 ParOldGen       total 174592K, used 77674K [0x0000000080000000, 0x000000008aa80000, 0x00000000d5580000)
  object space 174592K, 44% used [0x0000000080000000,0x0000000084bda860,0x000000008aa80000)
 Metaspace       used 114093K, capacity 119578K, committed 119872K, reserved 1153024K
  class space    used 14787K, capacity 15842K, committed 15976K, reserved 1048576K
}

Deoptimization events (10 events):
Event: 4386.681 Thread 0x000000005ae9d000 Uncommon trap: reason=unstable_if action=reinterpret pc=0x000000000a8158f0 method=java.lang.Class.getSimpleName()Ljava/lang/String; @ 4
Event: 4386.707 Thread 0x000000005ae9d000 Uncommon trap: reason=unstable_if action=reinterpret pc=0x000000000913b1a0 method=sun.nio.cs.UTF_8$Encoder.encodeArrayLoop(Ljava/nio/CharBuffer;Ljava/nio/ByteBuffer;)Ljava/nio/charset/CoderResult; @ 113
Event: 4386.707 Thread 0x000000005ae9d000 Uncommon trap: reason=unstable_if action=reinterpret pc=0x0000000009a5a6ac method=java.nio.charset.CharsetEncoder.encode(Ljava/nio/CharBuffer;Ljava/nio/ByteBuffer;Z)Ljava/nio/charset/CoderResult; @ 94
Event: 4386.935 Thread 0x000000006143d000 Uncommon trap: reason=null_check action=make_not_entrant pc=0x000000000bd48bf4 method=com.google.gson.internal.Excluder.isAnonymousOrLocal(Ljava/lang/Class;)Z @ 3
Event: 4387.526 Thread 0x000000006143d000 Uncommon trap: reason=speculate_class_check action=maybe_recompile pc=0x000000000acacefc method=org.gradle.internal.snapshot.AbstractIncompleteSnapshotWithChildren$2.handleNewChild(I)Lorg/gradle/internal/snapshot/FileSystemNode; @ 62
Event: 4387.526 Thread 0x000000006143d000 Uncommon trap: reason=speculate_class_check action=maybe_recompile pc=0x000000000acacefc method=org.gradle.internal.snapshot.AbstractIncompleteSnapshotWithChildren$2.handleNewChild(I)Lorg/gradle/internal/snapshot/FileSystemNode; @ 62
Event: 4388.047 Thread 0x0000000074285000 Uncommon trap: reason=class_check action=maybe_recompile pc=0x000000000ab7e668 method=java.io.BufferedOutputStream.write([BII)V @ 20
Event: 4388.047 Thread 0x0000000074285000 Uncommon trap: reason=class_check action=maybe_recompile pc=0x000000000ab7e668 method=java.io.BufferedOutputStream.write([BII)V @ 20
Event: 4388.053 Thread 0x0000000074285000 Uncommon trap: reason=class_check action=maybe_recompile pc=0x000000000ab7e668 method=java.io.BufferedOutputStream.write([BII)V @ 20
Event: 4388.053 Thread 0x0000000074285000 Uncommon trap: reason=class_check action=maybe_recompile pc=0x000000000ab7e668 method=java.io.BufferedOutputStream.write([BII)V @ 20

Classes redefined (0 events):
No events

Internal exceptions (10 events):
Event: 4071.459 Thread 0x000000006143d000 Exception <a 'sun/nio/fs/WindowsException'> (0x00000000ef752e60) thrown at [C:\src\AOSP-openjdk-git\hotspot\src\share\vm\prims\jni.cpp, line 710]
Event: 4071.495 Thread 0x000000006143e800 Exception <a 'sun/nio/fs/WindowsException'> (0x00000000ef819618) thrown at [C:\src\AOSP-openjdk-git\hotspot\src\share\vm\prims\jni.cpp, line 710]
Event: 4071.757 Thread 0x0000000061440000 Exception <a 'sun/nio/fs/WindowsException'> (0x00000000f0e49e20) thrown at [C:\src\AOSP-openjdk-git\hotspot\src\share\vm\prims\jni.cpp, line 710]
Event: 4385.406 Thread 0x000000005ae9d000 Exception <a 'sun/nio/fs/WindowsException'> (0x00000000f3f7bb00) thrown at [C:\src\AOSP-openjdk-git\hotspot\src\share\vm\prims\jni.cpp, line 710]
Event: 4386.175 Thread 0x000000005ae9d000 Implicit null exception at 0x00000000097f8ca3 to 0x00000000097f90d9
Event: 4387.226 Thread 0x000000006143d000 Exception <a 'sun/nio/fs/WindowsException'> (0x00000000d8d82b68) thrown at [C:\src\AOSP-openjdk-git\hotspot\src\share\vm\prims\jni.cpp, line 710]
Event: 4387.226 Thread 0x000000006143d000 Exception <a 'sun/nio/fs/WindowsException'> (0x00000000d8d838c8) thrown at [C:\src\AOSP-openjdk-git\hotspot\src\share\vm\prims\jni.cpp, line 710]
Event: 4387.801 Thread 0x000000005ae9d000 Exception <a 'java/lang/NoSuchMethodError': <clinit>> (0x00000000daff9e18) thrown at [C:\src\AOSP-openjdk-git\hotspot\src\share\vm\prims\jni.cpp, line 1615]
Event: 4387.802 Thread 0x000000005ae9d000 Exception <a 'java/lang/NoSuchMethodError': <clinit>> (0x00000000db01b980) thrown at [C:\src\AOSP-openjdk-git\hotspot\src\share\vm\prims\jni.cpp, line 1615]
Event: 4387.803 Thread 0x000000005ae9d000 Exception <a 'java/lang/NoSuchMethodError': <clinit>> (0x00000000db02f0c8) thrown at [C:\src\AOSP-openjdk-git\hotspot\src\share\vm\prims\jni.cpp, line 1615]

Events (10 events):
Event: 4388.047 Thread 0x0000000074285000 DEOPT UNPACKING pc=0x00000000082f557b sp=0x0000000074d5db80 mode 2
Event: 4388.047 Thread 0x0000000074285000 Uncommon trap: trap_request=0xffffffde fr.pc=0x000000000ab7e668
Event: 4388.047 Thread 0x0000000074285000 DEOPT PACKING pc=0x000000000ab7e668 sp=0x0000000074d5dbf0
Event: 4388.047 Thread 0x0000000074285000 DEOPT UNPACKING pc=0x00000000082f557b sp=0x0000000074d5db80 mode 2
Event: 4388.053 Thread 0x0000000074285000 Uncommon trap: trap_request=0xffffffde fr.pc=0x000000000ab7e668
Event: 4388.053 Thread 0x0000000074285000 DEOPT PACKING pc=0x000000000ab7e668 sp=0x0000000074d5dbf0
Event: 4388.053 Thread 0x0000000074285000 DEOPT UNPACKING pc=0x00000000082f557b sp=0x0000000074d5db80 mode 2
Event: 4388.053 Thread 0x0000000074285000 Uncommon trap: trap_request=0xffffffde fr.pc=0x000000000ab7e668
Event: 4388.053 Thread 0x0000000074285000 DEOPT PACKING pc=0x000000000ab7e668 sp=0x0000000074d5dbf0
Event: 4388.053 Thread 0x0000000074285000 DEOPT UNPACKING pc=0x00000000082f557b sp=0x0000000074d5db80 mode 2


Dynamic libraries:
0x000000013f380000 - 0x000000013f3b1000 	C:\Program Files\Android\Android Studio\jre\bin\java.exe
0x0000000077690000 - 0x000000007782f000 	C:\Windows\SYSTEM32\ntdll.dll
0x0000000077570000 - 0x000000007768f000 	C:\Windows\system32\kernel32.dll
0x000007fefd270000 - 0x000007fefd2d7000 	C:\Windows\system32\KERNELBASE.dll
0x000007feff070000 - 0x000007feff14b000 	C:\Windows\system32\ADVAPI32.dll
0x000007fefe3a0000 - 0x000007fefe43f000 	C:\Windows\system32\msvcrt.dll
0x000007feff950000 - 0x000007feff96f000 	C:\Windows\SYSTEM32\sechost.dll
0x000007feff4e0000 - 0x000007feff60c000 	C:\Windows\system32\RPCRT4.dll
0x0000000077470000 - 0x000000007756b000 	C:\Windows\system32\USER32.dll
0x000007feff1f0000 - 0x000007feff257000 	C:\Windows\system32\GDI32.dll
0x000007fefe390000 - 0x000007fefe39e000 	C:\Windows\system32\LPK.dll
0x000007fefe440000 - 0x000007fefe50b000 	C:\Windows\system32\USP10.dll
0x000007fefc9a0000 - 0x000007fefcb95000 	C:\Windows\WinSxS\amd64_microsoft.windows.common-controls_6595b64144ccf1df_6.0.7601.24483_none_e372d88f30fbb845\COMCTL32.dll
0x000007feff300000 - 0x000007feff371000 	C:\Windows\system32\SHLWAPI.dll
0x000007feff1a0000 - 0x000007feff1ce000 	C:\Windows\system32\IMM32.DLL
0x000007feff840000 - 0x000007feff94b000 	C:\Windows\system32\MSCTF.dll
0x0000000058d70000 - 0x0000000058e42000 	C:\Program Files\Android\Android Studio\jre\jre\bin\msvcr100.dll
0x0000000007a60000 - 0x00000000082ab000 	C:\Program Files\Android\Android Studio\jre\jre\bin\server\jvm.dll
0x000007fef8ae0000 - 0x000007fef8ae9000 	C:\Windows\system32\WSOCK32.dll
0x000007feff150000 - 0x000007feff19d000 	C:\Windows\system32\WS2_32.dll
0x000007feff970000 - 0x000007feff978000 	C:\Windows\system32\NSI.dll
0x000007fef9760000 - 0x000007fef979b000 	C:\Windows\system32\WINMM.dll
0x000007fefbdb0000 - 0x000007fefbdbc000 	C:\Windows\system32\VERSION.dll
0x0000000077840000 - 0x0000000077847000 	C:\Windows\system32\PSAPI.DLL
0x000007fefa4e0000 - 0x000007fefa4ef000 	C:\Program Files\Android\Android Studio\jre\jre\bin\verify.dll
0x000007fefa4b0000 - 0x000007fefa4d9000 	C:\Program Files\Android\Android Studio\jre\jre\bin\java.dll
0x000007fef9af0000 - 0x000007fef9b06000 	C:\Program Files\Android\Android Studio\jre\jre\bin\zip.dll
0x000007fefd600000 - 0x000007fefe38b000 	C:\Windows\system32\SHELL32.dll
0x000007fefe510000 - 0x000007fefe70f000 	C:\Windows\system32\ole32.dll
0x000007fefd1f0000 - 0x000007fefd1ff000 	C:\Windows\system32\profapi.dll
0x000007fee8b80000 - 0x000007fee8b9a000 	C:\Program Files\Android\Android Studio\jre\jre\bin\net.dll
0x000007fefc660000 - 0x000007fefc6b5000 	C:\Windows\system32\mswsock.dll
0x000007fefc650000 - 0x000007fefc657000 	C:\Windows\System32\wship6.dll
0x000007fee7ef0000 - 0x000007fee7f03000 	C:\Program Files\Android\Android Studio\jre\jre\bin\nio.dll
0x000007fefb2c0000 - 0x000007fefb2e7000 	C:\Users\Reginleif\.gradle\native\f6784746aeab05261644944871eae4fe03e0ef1612fff0a4a95f87b438bc6780\windows-amd64\native-platform.dll
0x000007fefbf80000 - 0x000007fefbf83000 	C:\Windows\system32\api-ms-win-core-synch-l1-2-0.DLL
0x000007fefa4a0000 - 0x000007fefa4ad000 	C:\Program Files\Android\Android Studio\jre\jre\bin\management.dll
0x000007fefc6c0000 - 0x000007fefc6d8000 	C:\Windows\system32\CRYPTSP.dll
0x000007fefc3c0000 - 0x000007fefc407000 	C:\Windows\system32\rsaenh.dll
0x000007fefd200000 - 0x000007fefd21f000 	C:\Windows\system32\USERENV.dll
0x000007fefd080000 - 0x000007fefd08f000 	C:\Windows\system32\CRYPTBASE.dll
0x000007fefa410000 - 0x000007fefa437000 	C:\Windows\system32\IPHLPAPI.DLL
0x000007fefcc30000 - 0x000007fefcc3b000 	C:\Windows\system32\WINNSI.DLL
0x000007fef8c30000 - 0x000007fef8c41000 	C:\Windows\system32\dhcpcsvc6.DLL
0x000007fef92a0000 - 0x000007fef92b8000 	C:\Windows\system32\dhcpcsvc.DLL
0x000007fee09a0000 - 0x000007fee09c4000 	C:\Program Files\Android\Android Studio\jre\jre\bin\sunec.dll
0x000007fefbe80000 - 0x000007fefbe87000 	C:\Windows\System32\wshtcpip.dll
0x000007fefc4e0000 - 0x000007fefc53b000 	C:\Windows\system32\DNSAPI.dll
0x000007fef81c0000 - 0x000007fef81ef000 	C:\Program Files\Common Files\Microsoft Shared\Windows Live\WLIDNSP.DLL
0x0000000073ad0000 - 0x0000000073af6000 	C:\Program Files\Bonjour\mdnsNSP.dll
0x0000000073ac0000 - 0x0000000073aca000 	C:\Program Files\National Instruments\Shared\mDNS Responder\nimdnsNSP.dll
0x0000000073ab0000 - 0x0000000073ac0000 	C:\Windows\system32\nimdnsResponder.dll
0x000007fef81a0000 - 0x000007fef81b9000 	C:\Windows\system32\VCRUNTIME140.dll
0x000007fef8600000 - 0x000007fef8604000 	C:\Windows\system32\api-ms-win-crt-runtime-l1-1-0.dll
0x000007fef80a0000 - 0x000007fef8194000 	C:\Windows\system32\ucrtbase.DLL
0x000007fef8090000 - 0x000007fef8093000 	C:\Windows\system32\api-ms-win-core-timezone-l1-1-0.dll
0x000007fef8080000 - 0x000007fef8083000 	C:\Windows\system32\api-ms-win-core-file-l2-1-0.dll
0x000007fef8070000 - 0x000007fef8073000 	C:\Windows\system32\api-ms-win-core-localization-l1-2-0.dll
0x000007fef8060000 - 0x000007fef8063000 	C:\Windows\system32\api-ms-win-core-processthreads-l1-1-1.dll
0x000007fef8050000 - 0x000007fef8053000 	C:\Windows\system32\api-ms-win-core-file-l1-2-0.dll
0x000007fef8040000 - 0x000007fef8043000 	C:\Windows\system32\api-ms-win-crt-heap-l1-1-0.dll
0x000007fef8030000 - 0x000007fef8034000 	C:\Windows\system32\api-ms-win-crt-string-l1-1-0.dll
0x000007fef8020000 - 0x000007fef8024000 	C:\Windows\system32\api-ms-win-crt-stdio-l1-1-0.dll
0x000007fef8010000 - 0x000007fef8014000 	C:\Windows\system32\api-ms-win-crt-convert-l1-1-0.dll
0x000007fef8000000 - 0x000007fef8008000 	C:\Windows\system32\rasadhlp.dll
0x000007fef9200000 - 0x000007fef9253000 	C:\Windows\System32\fwpuclnt.dll
0x000007fef9ae0000 - 0x000007fef9aeb000 	C:\Program Files\Android\Android Studio\jre\jre\bin\sunmscapi.dll
0x000007fefd390000 - 0x000007fefd4fd000 	C:\Windows\system32\CRYPT32.dll
0x000007fefd1e0000 - 0x000007fefd1ef000 	C:\Windows\system32\MSASN1.dll
0x000007fefd020000 - 0x000007fefd077000 	C:\Windows\system32\apphelp.dll

VM Arguments:
jvm_args: -Xmx2048m -Dfile.encoding=UTF-8 -Duser.country=US -Duser.language=en -Duser.variant 
java_command: org.gradle.launcher.daemon.bootstrap.GradleDaemon 6.5
java_class_path (initial): C:\Users\Reginleif\.gradle\wrapper\dists\gradle-6.5-bin\6nifqtx7604sqp1q6g8wikw7p\gradle-6.5\lib\gradle-launcher-6.5.jar
Launcher Type: SUN_STANDARD

Environment Variables:
JAVA_HOME=C:\Program Files\Java\jdk1.8.0_261
USERNAME=Reginleif
OS=Windows_NT
PROCESSOR_IDENTIFIER=Intel64 Family 6 Model 58 Stepping 9, GenuineIntel



---------------  S Y S T E M  ---------------

OS: Windows 7 , 64 bit Build 7601 (6.1.7601.24545)

CPU:total 4 (initial active 4) (2 cores per cpu, 2 threads per core) family 6 model 58 stepping 9, cmov, cx8, fxsr, mmx, sse, sse2, sse3, ssse3, sse4.1, sse4.2, popcnt, avx, aes, clmul, erms, ht, tsc, tscinvbit, tscinv

Memory: 4k page, physical 8059016k(476072k free), swap 9105692k(6048k free)

vm_info: OpenJDK 64-Bit Server VM (25.242-b01) for windows-amd64 JRE (1.8.0_242-release-1644-b01), built by "builder" with MS VC++ 10.0 (VS2010)

time: Thu Jun 17 23:51:40 2021
timezone: Russia TZ 2 Standard Time
elapsed time: 4388 seconds (0d 1h 13m 8s)

