#
# There is insufficient memory for the Java Runtime Environment to continue.
# Native memory allocation (malloc) failed to allocate 1316016 bytes for Chunk::new
# Possible reasons:
#   The system is out of physical RAM or swap space
#   The process is running with CompressedOops enabled, and the Java Heap may be blocking the growth of the native heap
# Possible solutions:
#   Reduce memory load on the system
#   Increase physical memory or swap space
#   Check if swap backing store is full
#   Decrease Java heap size (-Xmx/-Xms)
#   Decrease number of Java threads
#   Decrease Java thread stack sizes (-Xss)
#   Set larger code cache with -XX:ReservedCodeCacheSize=
#   JVM is running with Unscaled Compressed Oops mode in which the Java heap is
#     placed in the first 4GB address space. The Java Heap base address is the
#     maximum limit for the native heap growth. Please use -XX:HeapBaseMinAddress
#     to set the Java Heap base and to place the Java Heap above 4GB virtual address.
# This output file may be truncated or incomplete.
#
#  Out of Memory Error (allocation.cpp:389), pid=10144, tid=0x00000000000015b4
#
# JRE version: OpenJDK Runtime Environment (8.0_242-b01) (build 1.8.0_242-release-1644-b01)
# Java VM: OpenJDK 64-Bit Server VM (25.242-b01 mixed mode windows-amd64 compressed oops)
# Failed to write core dump. Minidumps are not enabled by default on client versions of Windows
#

---------------  T H R E A D  ---------------

Current thread (0x0000000058a4c800):  JavaThread "C2 CompilerThread0" daemon [_thread_in_native, id=5556, stack(0x00000000590e0000,0x00000000591e0000)]

Stack: [0x00000000590e0000,0x00000000591e0000]
[error occurred during error reporting (printing stack bounds), id 0xc0000005]

Native frames: (J=compiled Java code, j=interpreted, Vv=VM code, C=native code)


Current CompileTask:
C2:   5907 2633       4       groovy.lang.MetaClassImpl$1MOPIter::methodNameAction (325 bytes)


---------------  P R O C E S S  ---------------

Java Threads: ( => current thread )
  0x000000005c200800 JavaThread "Cache worker for file content cache (C:\Users\Reginleif\.gradle\caches\6.5\fileContent)" [_thread_blocked, id=7412, stack(0x0000000061af0000,0x0000000061bf0000)]
  0x000000005c200000 JavaThread "jar transforms" [_thread_blocked, id=7992, stack(0x0000000062380000,0x0000000062480000)]
  0x000000005c1ff000 JavaThread "Cache worker for execution history cache (C:\Users\Reginleif\.gradle\caches\6.5\executionHistory)" [_thread_blocked, id=8576, stack(0x00000000619c0000,0x0000000061ac0000)]
  0x000000005c1fe800 JavaThread "Cache worker for cache directory md-rule (C:\Users\Reginleif\.gradle\caches\6.5\md-rule)" [_thread_blocked, id=8460, stack(0x000000005dc60000,0x000000005dd60000)]
  0x000000005c1fd800 JavaThread "Cache worker for cache directory md-supplier (C:\Users\Reginleif\.gradle\caches\6.5\md-supplier)" [_thread_blocked, id=7968, stack(0x000000005b070000,0x000000005b170000)]
  0x000000005c1fd000 JavaThread "Cache worker for checksums cache (C:\Users\Reginleif\Desktop\knowledge_base\labs_tasks\rpo-baltin-2021\fclient\.gradle\checksums)" [_thread_blocked, id=6824, stack(0x0000000060440000,0x0000000060540000)]
  0x000000005c1fc000 JavaThread "Cache worker for file hash cache (C:\Users\Reginleif\Desktop\knowledge_base\labs_tasks\rpo-baltin-2021\fclient\.gradle\6.5\fileHashes)" [_thread_blocked, id=1404, stack(0x0000000061c60000,0x0000000061d60000)]
  0x000000005c1fb800 JavaThread "Cache worker for file hash cache (C:\Users\Reginleif\.gradle\caches\6.5\fileHashes)" [_thread_blocked, id=1424, stack(0x000000005d830000,0x000000005d930000)]
  0x000000005c1fa800 JavaThread "File lock request listener" [_thread_in_native, id=8372, stack(0x000000005df10000,0x000000005e010000)]
  0x000000005c073000 JavaThread "Cache worker for journal cache (C:\Users\Reginleif\.gradle\caches\journal-1)" [_thread_blocked, id=4308, stack(0x000000005dd80000,0x000000005de80000)]
  0x000000005be24800 JavaThread "Thread-9" [_thread_blocked, id=2528, stack(0x000000005d960000,0x000000005da60000)]
  0x000000005be0a800 JavaThread "Stdin handler" [_thread_blocked, id=8160, stack(0x000000005d5e0000,0x000000005d6e0000)]
  0x000000005be11800 JavaThread "Asynchronous log dispatcher for DefaultDaemonConnection: socket connection from /127.0.0.1:49645 to /127.0.0.1:49646" [_thread_blocked, id=9780, stack(0x000000005d730000,0x000000005d830000)]
  0x000000005be10000 JavaThread "Daemon worker" [_thread_in_vm, id=9500, stack(0x000000005d4e0000,0x000000005d5e0000)]
  0x000000005be29800 JavaThread "Cancel handler" [_thread_blocked, id=6260, stack(0x000000005d3e0000,0x000000005d4e0000)]
  0x000000005bdf9000 JavaThread "Handler for socket connection from /127.0.0.1:49645 to /127.0.0.1:49646" [_thread_in_native, id=4512, stack(0x000000005d210000,0x000000005d310000)]
  0x000000005bddc000 JavaThread "Daemon" [_thread_blocked, id=960, stack(0x000000005d060000,0x000000005d160000)]
  0x000000005bdda800 JavaThread "Daemon periodic checks" [_thread_blocked, id=2392, stack(0x000000005cc90000,0x000000005cd90000)]
  0x000000005bdca800 JavaThread "Incoming local TCP Connector on port 49645" [_thread_in_native, id=6612, stack(0x000000005b950000,0x000000005ba50000)]
  0x000000005bd10000 JavaThread "Daemon health stats" [_thread_blocked, id=6688, stack(0x000000005b570000,0x000000005b670000)]
  0x0000000058acc000 JavaThread "Service Thread" daemon [_thread_blocked, id=4516, stack(0x0000000059780000,0x0000000059880000)]
  0x0000000058a56000 JavaThread "C1 CompilerThread2" daemon [_thread_blocked, id=6176, stack(0x00000000594d0000,0x00000000595d0000)]
  0x00000000576af000 JavaThread "C2 CompilerThread1" daemon [_thread_in_native, id=5532, stack(0x00000000592e0000,0x00000000593e0000)]
=>0x0000000058a4c800 JavaThread "C2 CompilerThread0" daemon [_thread_in_native, id=5556, stack(0x00000000590e0000,0x00000000591e0000)]
  0x00000000576a9000 JavaThread "Attach Listener" daemon [_thread_blocked, id=444, stack(0x0000000058e70000,0x0000000058f70000)]
  0x00000000576a8000 JavaThread "Signal Dispatcher" daemon [_thread_blocked, id=10112, stack(0x0000000058f70000,0x0000000059070000)]
  0x000000005768a000 JavaThread "Finalizer" daemon [_thread_blocked, id=8140, stack(0x0000000058940000,0x0000000058a40000)]
  0x0000000057683000 JavaThread "Reference Handler" daemon [_thread_blocked, id=9052, stack(0x00000000587a0000,0x00000000588a0000)]
  0x000000000217f000 JavaThread "main" [_thread_blocked, id=6448, stack(0x00000000023c0000,0x00000000024c0000)]

Other Threads:
  0x000000005763b000 VMThread [stack: 0x00000000585d0000,0x00000000586d0000] [id=10160]
  0x0000000058aa6000 WatcherThread [stack: 0x0000000059620000,0x0000000059720000] [id=7276]

VM state:not at safepoint (normal execution)

VM Mutex/Monitor currently owned by a thread: None

heap address: 0x0000000080000000, size: 2048 MB, Compressed Oops mode: 32-bit
Narrow klass base: 0x0000000000000000, Narrow klass shift: 0
Compressed class space size: 1073741824 Address: 0x0000000016cb0000

Heap:
 PSYoungGen      total 229888K, used 10526K [0x00000000d5580000, 0x00000000e6580000, 0x0000000100000000)
  eden space 214528K, 4% used [0x00000000d5580000,0x00000000d5fc7b80,0x00000000e2700000)
  from space 15360K, 0% used [0x00000000e4780000,0x00000000e4780000,0x00000000e5680000)
  to   space 12288K, 0% used [0x00000000e5980000,0x00000000e5980000,0x00000000e6580000)
 ParOldGen       total 83456K, used 14383K [0x0000000080000000, 0x0000000085180000, 0x00000000d5580000)
  object space 83456K, 17% used [0x0000000080000000,0x0000000080e0bef8,0x0000000085180000)
 Metaspace       used 34591K, capacity 35774K, committed 36136K, reserved 1081344K
  class space    used 4741K, capacity 5036K, committed 5160K, reserved 1048576K

Card table byte_map: [0x0000000011b50000,0x0000000011f60000] byte_map_base: 0x0000000011750000

Marking Bits: (ParMarkBitMap*) 0x0000000063ddf030
 Begin Bits: [0x00000000128b0000, 0x00000000148b0000)
 End Bits:   [0x00000000148b0000, 0x00000000168b0000)

Polling page: 0x0000000000330000

CodeCache: size=245760Kb used=10494Kb max_used=10494Kb free=235266Kb
 bounds [0x0000000002790000, 0x00000000031e0000, 0x0000000011790000]
 total_blobs=3439 nmethods=2752 adapters=600
 compilation: enabled

Compilation events (10 events):
Event: 5.715 Thread 0x0000000058a56000 2753   !   3       java.lang.invoke.MethodHandleNatives::linkMethodHandleConstant (154 bytes)
Event: 5.716 Thread 0x0000000058a56000 nmethod 2753 0x00000000031ce390 code [0x00000000031ce5e0, 0x00000000031cf178]
Event: 5.716 Thread 0x0000000058a56000 2754       3       java.lang.invoke.MethodHandles$Lookup::linkMethodHandleConstant (185 bytes)
Event: 5.718 Thread 0x0000000058a56000 nmethod 2754 0x00000000031cf790 code [0x00000000031cfa40, 0x00000000031d0eb8]
Event: 5.839 Thread 0x0000000058a56000 2755   !   3       java.lang.ref.Reference::tryHandlePending (115 bytes)
Event: 5.840 Thread 0x0000000058a56000 nmethod 2755 0x00000000031d1510 code [0x00000000031d1740, 0x00000000031d23c8]
Event: 5.871 Thread 0x0000000058a56000 2757       1       org.slf4j.impl.StaticLoggerBinder::getLoggerFactory (5 bytes)
Event: 5.871 Thread 0x0000000058a56000 nmethod 2757 0x00000000031d28d0 code [0x00000000031d2a20, 0x00000000031d2b30]
Event: 5.881 Thread 0x0000000058a56000 2758       3       java.util.concurrent.locks.AbstractQueuedSynchronizer::enq (58 bytes)
Event: 5.882 Thread 0x0000000058a56000 nmethod 2758 0x00000000031d2b90 code [0x00000000031d2d20, 0x00000000031d3250]

GC Heap History (10 events):
Event: 3.783 GC heap before
{Heap before GC invocations=5 (full 0):
 PSYoungGen      total 132096K, used 20950K [0x00000000d5580000, 0x00000000ddb80000, 0x0000000100000000)
  eden space 126976K, 12% used [0x00000000d5580000,0x00000000d64fdb08,0x00000000dd180000)
  from space 5120K, 99% used [0x00000000dd680000,0x00000000ddb78050,0x00000000ddb80000)
  to   space 5120K, 0% used [0x00000000dd180000,0x00000000dd180000,0x00000000dd680000)
 ParOldGen       total 84992K, used 9665K [0x0000000080000000, 0x0000000085300000, 0x00000000d5580000)
  object space 84992K, 11% used [0x0000000080000000,0x0000000080970510,0x0000000085300000)
 Metaspace       used 20591K, capacity 21224K, committed 21296K, reserved 1067008K
  class space    used 2873K, capacity 3076K, committed 3120K, reserved 1048576K
Event: 3.793 GC heap after
Heap after GC invocations=5 (full 0):
 PSYoungGen      total 132096K, used 5108K [0x00000000d5580000, 0x00000000e6580000, 0x0000000100000000)
  eden space 126976K, 0% used [0x00000000d5580000,0x00000000d5580000,0x00000000dd180000)
  from space 5120K, 99% used [0x00000000dd180000,0x00000000dd67d040,0x00000000dd680000)
  to   space 12288K, 0% used [0x00000000e5980000,0x00000000e5980000,0x00000000e6580000)
 ParOldGen       total 84992K, used 10867K [0x0000000080000000, 0x0000000085300000, 0x00000000d5580000)
  object space 84992K, 12% used [0x0000000080000000,0x0000000080a9cc00,0x0000000085300000)
 Metaspace       used 20591K, capacity 21224K, committed 21296K, reserved 1067008K
  class space    used 2873K, capacity 3076K, committed 3120K, reserved 1048576K
}
Event: 3.793 GC heap before
{Heap before GC invocations=6 (full 1):
 PSYoungGen      total 132096K, used 5108K [0x00000000d5580000, 0x00000000e6580000, 0x0000000100000000)
  eden space 126976K, 0% used [0x00000000d5580000,0x00000000d5580000,0x00000000dd180000)
  from space 5120K, 99% used [0x00000000dd180000,0x00000000dd67d040,0x00000000dd680000)
  to   space 12288K, 0% used [0x00000000e5980000,0x00000000e5980000,0x00000000e6580000)
 ParOldGen       total 84992K, used 10867K [0x0000000080000000, 0x0000000085300000, 0x00000000d5580000)
  object space 84992K, 12% used [0x0000000080000000,0x0000000080a9cc00,0x0000000085300000)
 Metaspace       used 20591K, capacity 21224K, committed 21296K, reserved 1067008K
  class space    used 2873K, capacity 3076K, committed 3120K, reserved 1048576K
Event: 3.835 GC heap after
Heap after GC invocations=6 (full 1):
 PSYoungGen      total 132096K, used 0K [0x00000000d5580000, 0x00000000e6580000, 0x0000000100000000)
  eden space 126976K, 0% used [0x00000000d5580000,0x00000000d5580000,0x00000000dd180000)
  from space 5120K, 0% used [0x00000000dd180000,0x00000000dd180000,0x00000000dd680000)
  to   space 12288K, 0% used [0x00000000e5980000,0x00000000e5980000,0x00000000e6580000)
 ParOldGen       total 55296K, used 7625K [0x0000000080000000, 0x0000000083600000, 0x00000000d5580000)
  object space 55296K, 13% used [0x0000000080000000,0x00000000807727a8,0x0000000083600000)
 Metaspace       used 20591K, capacity 21224K, committed 21296K, reserved 1067008K
  class space    used 2873K, capacity 3076K, committed 3120K, reserved 1048576K
}
Event: 5.392 GC heap before
{Heap before GC invocations=7 (full 1):
 PSYoungGen      total 132096K, used 126976K [0x00000000d5580000, 0x00000000e6580000, 0x0000000100000000)
  eden space 126976K, 100% used [0x00000000d5580000,0x00000000dd180000,0x00000000dd180000)
  from space 5120K, 0% used [0x00000000dd180000,0x00000000dd180000,0x00000000dd680000)
  to   space 12288K, 0% used [0x00000000e5980000,0x00000000e5980000,0x00000000e6580000)
 ParOldGen       total 55296K, used 7625K [0x0000000080000000, 0x0000000083600000, 0x00000000d5580000)
  object space 55296K, 13% used [0x0000000080000000,0x00000000807727a8,0x0000000083600000)
 Metaspace       used 32843K, capacity 33828K, committed 33968K, reserved 1079296K
  class space    used 4448K, capacity 4718K, committed 4784K, reserved 1048576K
Event: 5.409 GC heap after
Heap after GC invocations=7 (full 1):
 PSYoungGen      total 226816K, used 12269K [0x00000000d5580000, 0x00000000e6580000, 0x0000000100000000)
  eden space 214528K, 0% used [0x00000000d5580000,0x00000000d5580000,0x00000000e2700000)
  from space 12288K, 99% used [0x00000000e5980000,0x00000000e657b478,0x00000000e6580000)
  to   space 15360K, 0% used [0x00000000e4780000,0x00000000e4780000,0x00000000e5680000)
 ParOldGen       total 55296K, used 9227K [0x0000000080000000, 0x0000000083600000, 0x00000000d5580000)
  object space 55296K, 16% used [0x0000000080000000,0x0000000080902fb0,0x0000000083600000)
 Metaspace       used 32843K, capacity 33828K, committed 33968K, reserved 1079296K
  class space    used 4448K, capacity 4718K, committed 4784K, reserved 1048576K
}
Event: 5.729 GC heap before
{Heap before GC invocations=8 (full 1):
 PSYoungGen      total 226816K, used 43120K [0x00000000d5580000, 0x00000000e6580000, 0x0000000100000000)
  eden space 214528K, 14% used [0x00000000d5580000,0x00000000d73a0c38,0x00000000e2700000)
  from space 12288K, 99% used [0x00000000e5980000,0x00000000e657b478,0x00000000e6580000)
  to   space 15360K, 0% used [0x00000000e4780000,0x00000000e4780000,0x00000000e5680000)
 ParOldGen       total 55296K, used 9227K [0x0000000080000000, 0x0000000083600000, 0x00000000d5580000)
  object space 55296K, 16% used [0x0000000080000000,0x0000000080902fb0,0x0000000083600000)
 Metaspace       used 34234K, capacity 35348K, committed 35496K, reserved 1079296K
  class space    used 4678K, capacity 4937K, committed 5032K, reserved 1048576K
Event: 5.741 GC heap after
Heap after GC invocations=8 (full 1):
 PSYoungGen      total 229888K, used 7923K [0x00000000d5580000, 0x00000000e6580000, 0x0000000100000000)
  eden space 214528K, 0% used [0x00000000d5580000,0x00000000d5580000,0x00000000e2700000)
  from space 15360K, 51% used [0x00000000e4780000,0x00000000e4f3cf40,0x00000000e5680000)
  to   space 12288K, 0% used [0x00000000e5980000,0x00000000e5980000,0x00000000e6580000)
 ParOldGen       total 55296K, used 9235K [0x0000000080000000, 0x0000000083600000, 0x00000000d5580000)
  object space 55296K, 16% used [0x0000000080000000,0x0000000080904fb0,0x0000000083600000)
 Metaspace       used 34234K, capacity 35348K, committed 35496K, reserved 1079296K
  class space    used 4678K, capacity 4937K, committed 5032K, reserved 1048576K
}
Event: 5.741 GC heap before
{Heap before GC invocations=9 (full 2):
 PSYoungGen      total 229888K, used 7923K [0x00000000d5580000, 0x00000000e6580000, 0x0000000100000000)
  eden space 214528K, 0% used [0x00000000d5580000,0x00000000d5580000,0x00000000e2700000)
  from space 15360K, 51% used [0x00000000e4780000,0x00000000e4f3cf40,0x00000000e5680000)
  to   space 12288K, 0% used [0x00000000e5980000,0x00000000e5980000,0x00000000e6580000)
 ParOldGen       total 55296K, used 9235K [0x0000000080000000, 0x0000000083600000, 0x00000000d5580000)
  object space 55296K, 16% used [0x0000000080000000,0x0000000080904fb0,0x0000000083600000)
 Metaspace       used 34234K, capacity 35348K, committed 35496K, reserved 1079296K
  class space    used 4678K, capacity 4937K, committed 5032K, reserved 1048576K
Event: 5.838 GC heap after
Heap after GC invocations=9 (full 2):
 PSYoungGen      total 229888K, used 0K [0x00000000d5580000, 0x00000000e6580000, 0x0000000100000000)
  eden space 214528K, 0% used [0x00000000d5580000,0x00000000d5580000,0x00000000e2700000)
  from space 15360K, 0% used [0x00000000e4780000,0x00000000e4780000,0x00000000e5680000)
  to   space 12288K, 0% used [0x00000000e5980000,0x00000000e5980000,0x00000000e6580000)
 ParOldGen       total 83456K, used 14383K [0x0000000080000000, 0x0000000085180000, 0x00000000d5580000)
  object space 83456K, 17% used [0x0000000080000000,0x0000000080e0bef8,0x0000000085180000)
 Metaspace       used 34234K, capacity 35348K, committed 35496K, reserved 1079296K
  class space    used 4678K, capacity 4937K, committed 5032K, reserved 1048576K
}

Deoptimization events (10 events):
Event: 3.983 Thread 0x000000005be10000 Uncommon trap: reason=unstable_if action=reinterpret pc=0x0000000002a88b3c method=java.io.WinNTFileSystem.resolve(Ljava/lang/String;Ljava/lang/String;)Ljava/lang/String; @ 49
Event: 4.298 Thread 0x000000005be10000 Uncommon trap: reason=unstable_if action=reinterpret pc=0x0000000002d867bc method=java.util.HashMap.putVal(ILjava/lang/Object;Ljava/lang/Object;ZZ)Ljava/lang/Object; @ 162
Event: 4.703 Thread 0x000000005be10000 Uncommon trap: reason=unstable_if action=reinterpret pc=0x0000000002d8fb24 method=java.net.URLClassLoader.defineClass(Ljava/lang/String;Lsun/misc/Resource;)Ljava/lang/Class; @ 21
Event: 4.703 Thread 0x000000005be10000 Uncommon trap: reason=unstable_if action=reinterpret pc=0x0000000002c9fb54 method=java.lang.ClassLoader.getClassLoadingLock(Ljava/lang/String;)Ljava/lang/Object; @ 6
Event: 5.033 Thread 0x000000005be10000 Uncommon trap: reason=unstable_if action=reinterpret pc=0x0000000002d853ec method=java.util.HashMap.getNode(ILjava/lang/Object;)Ljava/util/HashMap$Node; @ 53
Event: 5.139 Thread 0x000000005be10000 Uncommon trap: reason=unstable_if action=reinterpret pc=0x0000000002f9a884 method=org.gradle.internal.reflect.PropertyAccessorType.isGetGetterName(Ljava/lang/String;)Z @ 14
Event: 5.165 Thread 0x000000005be10000 Uncommon trap: reason=unstable_if action=reinterpret pc=0x0000000002e99930 method=org.objectweb.asm.ByteVector.putShort(I)Lorg/objectweb/asm/ByteVector; @ 13
Event: 5.259 Thread 0x000000005be10000 Uncommon trap: reason=unstable_if action=reinterpret pc=0x0000000002de144c method=java.net.URLClassLoader.defineClass(Ljava/lang/String;Lsun/misc/Resource;)Ljava/lang/Class; @ 21
Event: 5.410 Thread 0x0000000057683000 Uncommon trap: reason=unstable_if action=reinterpret pc=0x0000000002dd80f0 method=java.lang.ref.Reference.tryHandlePending(Z)Z @ 104
Event: 5.471 Thread 0x000000005be10000 Uncommon trap: reason=range_check action=make_not_entrant pc=0x0000000003169024 method=java.lang.String.charAt(I)C @ 27

Classes redefined (0 events):
No events

Internal exceptions (10 events):
Event: 5.385 Thread 0x000000005be10000 Exception <a 'java/lang/ClassNotFoundException': org/gradle/api/internal/DefaultNamedDomainObjectCollectionCustomizer> (0x00000000dd0d6f68) thrown at [C:\src\AOSP-openjdk-git\hotspot\src\share\vm\classfile\systemDictionary.cpp, line 210]
Event: 5.390 Thread 0x000000005be10000 Exception <a 'java/lang/ClassNotFoundException': org/gradle/api/internal/DefaultNamedDomainObjectListCustomizer> (0x00000000dd14bba8) thrown at [C:\src\AOSP-openjdk-git\hotspot\src\share\vm\classfile\systemDictionary.cpp, line 210]
Event: 5.410 Thread 0x000000005be10000 Exception <a 'java/lang/ClassNotFoundException': org/gradle/api/internal/artifacts/DefaultArtifactRepositoryContainerCustomizer> (0x00000000d55c0b10) thrown at [C:\src\AOSP-openjdk-git\hotspot\src\share\vm\classfile\systemDictionary.cpp, line 210]
Event: 5.415 Thread 0x000000005be10000 Exception <a 'java/lang/ClassNotFoundException': org/gradle/api/internal/artifacts/dsl/DefaultRepositoryHandlerCustomizer> (0x00000000d5625f08) thrown at [C:\src\AOSP-openjdk-git\hotspot\src\share\vm\classfile\systemDictionary.cpp, line 210]
Event: 5.418 Thread 0x000000005be10000 Exception <a 'java/lang/ClassNotFoundException': org/gradle/api/internal/artifacts/dsl/DefaultRepositoryHandler_DecoratedCustomizer> (0x00000000d56a97d8) thrown at [C:\src\AOSP-openjdk-git\hotspot\src\share\vm\classfile\systemDictionary.cpp, line 210]
Event: 5.598 Thread 0x000000005be10000 Exception <a 'java/lang/ClassNotFoundException': org/gradle/api/internal/artifacts/dsl/dependencies/DefaultDependencyHandler_DecoratedBeanInfo> (0x00000000d664ab20) thrown at [C:\src\AOSP-openjdk-git\hotspot\src\share\vm\classfile\systemDictionary.cpp, li
Event: 5.600 Thread 0x000000005be10000 Exception <a 'java/lang/ClassNotFoundException': org/gradle/api/internal/artifacts/dsl/dependencies/DefaultDependencyHandlerBeanInfo> (0x00000000d66a3460) thrown at [C:\src\AOSP-openjdk-git\hotspot\src\share\vm\classfile\systemDictionary.cpp, line 210]
Event: 5.602 Thread 0x000000005be10000 Exception <a 'java/lang/ClassNotFoundException': org/gradle/api/internal/artifacts/dsl/dependencies/DefaultDependencyHandlerCustomizer> (0x00000000d66fd0a0) thrown at [C:\src\AOSP-openjdk-git\hotspot\src\share\vm\classfile\systemDictionary.cpp, line 210]
Event: 5.604 Thread 0x000000005be10000 Exception <a 'java/lang/ClassNotFoundException': org/gradle/api/internal/artifacts/dsl/dependencies/DefaultDependencyHandler_DecoratedCustomizer> (0x00000000d6787e18) thrown at [C:\src\AOSP-openjdk-git\hotspot\src\share\vm\classfile\systemDictionary.cpp, 
Event: 5.682 Thread 0x000000005be10000 Exception <a 'java/lang/NoSuchMethodError': java.lang.Object.lambda$static$0(Lorg/gradle/api/internal/artifacts/configurations/MutationValidator$MutationType;)V> (0x00000000d6e3f8b8) thrown at [C:\src\AOSP-openjdk-git\hotspot\src\share\vm\interpreter\link

Events (10 events):
Event: 5.903 loading class org/gradle/api/internal/artifacts/ivyservice/resolveengine/graph/conflicts/RejectRemainingCandidates
Event: 5.903 loading class org/gradle/api/internal/artifacts/ivyservice/resolveengine/graph/conflicts/RejectRemainingCandidates done
Event: 5.903 loading class org/gradle/api/internal/artifacts/dsl/ModuleVersionSelectorParsers
Event: 5.903 loading class org/gradle/api/internal/artifacts/dsl/ModuleVersionSelectorParsers done
Event: 5.904 loading class org/gradle/api/internal/artifacts/dsl/ModuleVersionSelectorParsers$StringConverter
Event: 5.904 loading class org/gradle/api/internal/artifacts/dsl/ModuleVersionSelectorParsers$StringConverter done
Event: 5.904 loading class org/gradle/api/internal/artifacts/dsl/ModuleVersionSelectorParsers$MapConverter
Event: 5.904 loading class org/gradle/api/internal/artifacts/dsl/ModuleVersionSelectorParsers$MapConverter done
Event: 5.905 loading class org/gradle/internal/typeconversion/FlatteningNotationParser
Event: 5.905 loading class org/gradle/internal/typeconversion/FlatteningNotationParser done


Dynamic libraries:
0x000000013fe70000 - 0x000000013fea1000 	C:\Program Files\Android\Android Studio\jre\bin\java.exe
0x0000000076ee0000 - 0x000000007707f000 	C:\Windows\SYSTEM32\ntdll.dll
0x0000000076cc0000 - 0x0000000076ddf000 	C:\Windows\system32\kernel32.dll
0x000007fefcd80000 - 0x000007fefcde7000 	C:\Windows\system32\KERNELBASE.dll
0x000007fefd920000 - 0x000007fefd9fb000 	C:\Windows\system32\ADVAPI32.dll
0x000007fefeed0000 - 0x000007fefef6f000 	C:\Windows\system32\msvcrt.dll
0x000007fefda60000 - 0x000007fefda7f000 	C:\Windows\SYSTEM32\sechost.dll
0x000007fefd5c0000 - 0x000007fefd6ec000 	C:\Windows\system32\RPCRT4.dll
0x0000000076de0000 - 0x0000000076edb000 	C:\Windows\system32\USER32.dll
0x000007fefdd50000 - 0x000007fefddb7000 	C:\Windows\system32\GDI32.dll
0x000007fefcdf0000 - 0x000007fefcdfe000 	C:\Windows\system32\LPK.dll
0x000007fefef70000 - 0x000007feff03b000 	C:\Windows\system32\USP10.dll
0x000007fefc260000 - 0x000007fefc455000 	C:\Windows\WinSxS\amd64_microsoft.windows.common-controls_6595b64144ccf1df_6.0.7601.24483_none_e372d88f30fbb845\COMCTL32.dll
0x000007fefee50000 - 0x000007fefeec1000 	C:\Windows\system32\SHLWAPI.dll
0x000007fefd7c0000 - 0x000007fefd7ee000 	C:\Windows\system32\IMM32.DLL
0x000007fefd2b0000 - 0x000007fefd3bb000 	C:\Windows\system32\MSCTF.dll
0x000000005ba60000 - 0x000000005bb32000 	C:\Program Files\Android\Android Studio\jre\jre\bin\msvcr100.dll
0x0000000063610000 - 0x0000000063e5b000 	C:\Program Files\Android\Android Studio\jre\jre\bin\server\jvm.dll
0x000007fef8230000 - 0x000007fef8239000 	C:\Windows\system32\WSOCK32.dll
0x000007fefd7f0000 - 0x000007fefd83d000 	C:\Windows\system32\WS2_32.dll
0x000007fefd6f0000 - 0x000007fefd6f8000 	C:\Windows\system32\NSI.dll
0x000007fef9dc0000 - 0x000007fef9dfb000 	C:\Windows\system32\WINMM.dll
0x000007fefb420000 - 0x000007fefb42c000 	C:\Windows\system32\VERSION.dll
0x0000000077080000 - 0x0000000077087000 	C:\Windows\system32\PSAPI.DLL
0x000007fee9130000 - 0x000007fee913f000 	C:\Program Files\Android\Android Studio\jre\jre\bin\verify.dll
0x000007fee9100000 - 0x000007fee9129000 	C:\Program Files\Android\Android Studio\jre\jre\bin\java.dll
0x000007fedbaf0000 - 0x000007fedbb06000 	C:\Program Files\Android\Android Studio\jre\jre\bin\zip.dll
0x000007fefde40000 - 0x000007fefebcb000 	C:\Windows\system32\SHELL32.dll
0x000007fefd3c0000 - 0x000007fefd5bf000 	C:\Windows\system32\ole32.dll
0x000007fefca30000 - 0x000007fefca3f000 	C:\Windows\system32\profapi.dll
0x000007fedbad0000 - 0x000007fedbaea000 	C:\Program Files\Android\Android Studio\jre\jre\bin\net.dll
0x000007fefbeb0000 - 0x000007fefbf05000 	C:\Windows\system32\mswsock.dll
0x000007fefbea0000 - 0x000007fefbea7000 	C:\Windows\System32\wship6.dll
0x000007fedbab0000 - 0x000007fedbac3000 	C:\Program Files\Android\Android Studio\jre\jre\bin\nio.dll
0x000007fed3890000 - 0x000007fed38b7000 	C:\Users\Reginleif\.gradle\native\f6784746aeab05261644944871eae4fe03e0ef1612fff0a4a95f87b438bc6780\windows-amd64\native-platform.dll
0x000007fefb7d0000 - 0x000007fefb7d3000 	C:\Windows\system32\api-ms-win-core-synch-l1-2-0.DLL
0x000007fee90f0000 - 0x000007fee90fd000 	C:\Program Files\Android\Android Studio\jre\jre\bin\management.dll
0x000007fefbf10000 - 0x000007fefbf28000 	C:\Windows\system32\CRYPTSP.dll
0x000007fefbc10000 - 0x000007fefbc57000 	C:\Windows\system32\rsaenh.dll
0x000007fefcaa0000 - 0x000007fefcabf000 	C:\Windows\system32\USERENV.dll
0x000007fefc8d0000 - 0x000007fefc8df000 	C:\Windows\system32\CRYPTBASE.dll
0x000007fef9af0000 - 0x000007fef9b17000 	C:\Windows\system32\IPHLPAPI.DLL
0x000007fef9ae0000 - 0x000007fef9aeb000 	C:\Windows\system32\WINNSI.DLL
0x000007fef8340000 - 0x000007fef8351000 	C:\Windows\system32\dhcpcsvc6.DLL
0x000007fef89f0000 - 0x000007fef8a08000 	C:\Windows\system32\dhcpcsvc.DLL

VM Arguments:
jvm_args: -Xmx2048m -Dfile.encoding=UTF-8 -Duser.country=US -Duser.language=en -Duser.variant 
java_command: org.gradle.launcher.daemon.bootstrap.GradleDaemon 6.5
java_class_path (initial): C:\Users\Reginleif\.gradle\wrapper\dists\gradle-6.5-bin\6nifqtx7604sqp1q6g8wikw7p\gradle-6.5\lib\gradle-launcher-6.5.jar
Launcher Type: SUN_STANDARD

Environment Variables:
JAVA_HOME=C:\Program Files\Java\jdk1.8.0_261
USERNAME=Reginleif
OS=Windows_NT
PROCESSOR_IDENTIFIER=Intel64 Family 6 Model 58 Stepping 9, GenuineIntel



---------------  S Y S T E M  ---------------

OS: Windows 7 , 64 bit Build 7601 (6.1.7601.24545)

CPU:total 4 (initial active 4) (2 cores per cpu, 2 threads per core) family 6 model 58 stepping 9, cmov, cx8, fxsr, mmx, sse, sse2, sse3, ssse3, sse4.1, sse4.2, popcnt, avx, aes, clmul, erms, ht, tsc, tscinvbit, tscinv

Memory: 4k page, physical 8059016k(1041300k free), swap 9105692k(5328k free)

vm_info: OpenJDK 64-Bit Server VM (25.242-b01) for windows-amd64 JRE (1.8.0_242-release-1644-b01), built by "builder" with MS VC++ 10.0 (VS2010)

time: Fri Jun 18 01:22:14 2021
timezone: Russia TZ 2 Standard Time
elapsed time: 5 seconds (0d 0h 0m 5s)

