#
# There is insufficient memory for the Java Runtime Environment to continue.
# Native memory allocation (malloc) failed to allocate 1315216 bytes for Chunk::new
# Possible reasons:
#   The system is out of physical RAM or swap space
#   The process is running with CompressedOops enabled, and the Java Heap may be blocking the growth of the native heap
# Possible solutions:
#   Reduce memory load on the system
#   Increase physical memory or swap space
#   Check if swap backing store is full
#   Decrease Java heap size (-Xmx/-Xms)
#   Decrease number of Java threads
#   Decrease Java thread stack sizes (-Xss)
#   Set larger code cache with -XX:ReservedCodeCacheSize=
#   JVM is running with Unscaled Compressed Oops mode in which the Java heap is
#     placed in the first 4GB address space. The Java Heap base address is the
#     maximum limit for the native heap growth. Please use -XX:HeapBaseMinAddress
#     to set the Java Heap base and to place the Java Heap above 4GB virtual address.
# This output file may be truncated or incomplete.
#
#  Out of Memory Error (allocation.cpp:389), pid=9756, tid=0x0000000000002600
#
# JRE version: OpenJDK Runtime Environment (8.0_242-b01) (build 1.8.0_242-release-1644-b01)
# Java VM: OpenJDK 64-Bit Server VM (25.242-b01 mixed mode windows-amd64 compressed oops)
# Failed to write core dump. Minidumps are not enabled by default on client versions of Windows
#

---------------  T H R E A D  ---------------

Current thread (0x00000000045cf000):  JavaThread "C2 CompilerThread0" daemon [_thread_in_native, id=9728, stack(0x0000000006070000,0x0000000006170000)]

Stack: [0x0000000006070000,0x0000000006170000]
[error occurred during error reporting (printing stack bounds), id 0xc0000005]

Native frames: (J=compiled Java code, j=interpreted, Vv=VM code, C=native code)


Current CompileTask:
C2:   9589 3839       4       java.net.URLClassLoader$1::run (5 bytes)


---------------  P R O C E S S  ---------------

Java Threads: ( => current thread )
  0x000000001b005800 JavaThread "Cache worker for Build Output Cleanup Cache (C:\Users\Reginleif\Desktop\knowledge_base\labs_tasks\rpo-baltin-2021\fclient\.gradle\buildOutputCleanup)" [_thread_blocked, id=2684, stack(0x000000002b060000,0x000000002b160000)]
  0x000000001b004800 JavaThread "jar transforms Thread 92" [_thread_blocked, id=10864, stack(0x000000002ac70000,0x000000002ad70000)]
  0x000000001b004000 JavaThread "jar transforms Thread 91" [_thread_blocked, id=2752, stack(0x000000002a0c0000,0x000000002a1c0000)]
  0x000000001b003000 JavaThread "jar transforms Thread 90" [_thread_blocked, id=10284, stack(0x0000000028c30000,0x0000000028d30000)]
  0x000000001b002800 JavaThread "jar transforms Thread 89" [_thread_blocked, id=1788, stack(0x000000002a9f0000,0x000000002aaf0000)]
  0x000000001b001800 JavaThread "jar transforms Thread 88" [_thread_blocked, id=1416, stack(0x000000002a7d0000,0x000000002a8d0000)]
  0x000000001b001000 JavaThread "jar transforms Thread 87" [_thread_blocked, id=7412, stack(0x000000002a6b0000,0x000000002a7b0000)]
  0x000000001b000000 JavaThread "jar transforms Thread 86" [_thread_blocked, id=10260, stack(0x000000002a4a0000,0x000000002a5a0000)]
  0x000000001afff800 JavaThread "jar transforms Thread 85" [_thread_blocked, id=4336, stack(0x0000000029510000,0x0000000029610000)]
  0x0000000021032800 JavaThread "jar transforms Thread 84" [_thread_blocked, id=1348, stack(0x0000000029e70000,0x0000000029f70000)]
  0x0000000021031800 JavaThread "jar transforms Thread 83" [_thread_blocked, id=9444, stack(0x000000002a3a0000,0x000000002a4a0000)]
  0x0000000021031000 JavaThread "jar transforms Thread 82" [_thread_blocked, id=9040, stack(0x000000002a1e0000,0x000000002a2e0000)]
  0x0000000021030000 JavaThread "jar transforms Thread 81" [_thread_blocked, id=6508, stack(0x0000000029fb0000,0x000000002a0b0000)]
  0x000000002102f800 JavaThread "jar transforms Thread 80" [_thread_blocked, id=9644, stack(0x0000000029d50000,0x0000000029e50000)]
  0x000000002102e800 JavaThread "jar transforms Thread 79" [_thread_blocked, id=10332, stack(0x0000000029bb0000,0x0000000029cb0000)]
  0x000000002102e000 JavaThread "jar transforms Thread 78" [_thread_blocked, id=2460, stack(0x00000000299e0000,0x0000000029ae0000)]
  0x000000002102d000 JavaThread "jar transforms Thread 77" [_thread_blocked, id=1880, stack(0x0000000029800000,0x0000000029900000)]
  0x000000002102c800 JavaThread "jar transforms Thread 76" [_thread_blocked, id=7152, stack(0x00000000291c0000,0x00000000292c0000)]
  0x000000002102b800 JavaThread "jar transforms Thread 75" [_thread_blocked, id=1148, stack(0x0000000028a30000,0x0000000028b30000)]
  0x0000000006e30000 JavaThread "jar transforms Thread 74" [_thread_blocked, id=6420, stack(0x0000000029610000,0x0000000029710000)]
  0x0000000006e2f000 JavaThread "jar transforms Thread 73" [_thread_blocked, id=3400, stack(0x0000000029410000,0x0000000029510000)]
  0x0000000006e2e800 JavaThread "jar transforms Thread 72" [_thread_blocked, id=9692, stack(0x00000000292e0000,0x00000000293e0000)]
  0x0000000006e2d800 JavaThread "jar transforms Thread 71" [_thread_blocked, id=8788, stack(0x0000000028e50000,0x0000000028f50000)]
  0x0000000006e2d000 JavaThread "jar transforms Thread 70" [_thread_blocked, id=9532, stack(0x00000000290a0000,0x00000000291a0000)]
  0x0000000006e2c000 JavaThread "jar transforms Thread 69" [_thread_blocked, id=9740, stack(0x0000000028f80000,0x0000000029080000)]
  0x0000000006e2b800 JavaThread "jar transforms Thread 68" [_thread_blocked, id=10596, stack(0x0000000028d30000,0x0000000028e30000)]
  0x0000000006e2a800 JavaThread "jar transforms Thread 67" [_thread_blocked, id=2108, stack(0x0000000028b30000,0x0000000028c30000)]
  0x0000000006e2a000 JavaThread "jar transforms Thread 66" [_thread_blocked, id=5512, stack(0x0000000028900000,0x0000000028a00000)]
  0x0000000006e29000 JavaThread "jar transforms Thread 65" [_thread_blocked, id=10468, stack(0x0000000027590000,0x0000000027690000)]
  0x000000001b26b800 JavaThread "jar transforms Thread 64" [_thread_blocked, id=7180, stack(0x0000000028750000,0x0000000028850000)]
  0x000000001b26b000 JavaThread "jar transforms Thread 63" [_thread_blocked, id=2604, stack(0x0000000027cb0000,0x0000000027db0000)]
  0x000000001b26a000 JavaThread "jar transforms Thread 62" [_thread_blocked, id=8928, stack(0x00000000280b0000,0x00000000281b0000)]
  0x000000001b269800 JavaThread "jar transforms Thread 61" [_thread_blocked, id=10736, stack(0x0000000028600000,0x0000000028700000)]
  0x000000001b268800 JavaThread "jar transforms Thread 60" [_thread_blocked, id=9864, stack(0x0000000026450000,0x0000000026550000)]
  0x000000001b268000 JavaThread "jar transforms Thread 59" [_thread_blocked, id=5636, stack(0x00000000284d0000,0x00000000285d0000)]
  0x000000001b267000 JavaThread "jar transforms Thread 58" [_thread_blocked, id=9304, stack(0x0000000028310000,0x0000000028410000)]
  0x000000001b266800 JavaThread "jar transforms Thread 57" [_thread_blocked, id=9688, stack(0x00000000281d0000,0x00000000282d0000)]
  0x000000001b265800 JavaThread "jar transforms Thread 56" [_thread_blocked, id=8468, stack(0x00000000277c0000,0x00000000278c0000)]
  0x000000001b265000 JavaThread "jar transforms Thread 55" [_thread_blocked, id=5884, stack(0x0000000027fb0000,0x00000000280b0000)]
  0x000000001b1ec000 JavaThread "jar transforms Thread 54" [_thread_blocked, id=11020, stack(0x0000000027dc0000,0x0000000027ec0000)]
  0x000000001b1eb800 JavaThread "jar transforms Thread 53" [_thread_blocked, id=5056, stack(0x0000000027bb0000,0x0000000027cb0000)]
  0x000000001b1ea800 JavaThread "jar transforms Thread 52" [_thread_blocked, id=8208, stack(0x0000000027370000,0x0000000027470000)]
  0x000000001b1ea000 JavaThread "jar transforms Thread 51" [_thread_blocked, id=10100, stack(0x0000000027a90000,0x0000000027b90000)]
  0x000000001b1e9000 JavaThread "jar transforms Thread 50" [_thread_blocked, id=2556, stack(0x0000000027900000,0x0000000027a00000)]
  0x000000001b1e8800 JavaThread "jar transforms Thread 49" [_thread_blocked, id=9140, stack(0x0000000027690000,0x0000000027790000)]
  0x000000001b1e7800 JavaThread "jar transforms Thread 48" [_thread_blocked, id=9624, stack(0x0000000027010000,0x0000000027110000)]
  0x000000001b1e7000 JavaThread "jar transforms Thread 47" [_thread_blocked, id=10480, stack(0x0000000027490000,0x0000000027590000)]
  0x000000001b1e6000 JavaThread "jar transforms Thread 46" [_thread_blocked, id=3844, stack(0x0000000027270000,0x0000000027370000)]
  0x000000001b1e5800 JavaThread "jar transforms Thread 45" [_thread_blocked, id=5516, stack(0x0000000027110000,0x0000000027210000)]
  0x0000000021062800 JavaThread "jar transforms Thread 44" [_thread_blocked, id=1972, stack(0x0000000026b20000,0x0000000026c20000)]
  0x0000000021061800 JavaThread "jar transforms Thread 43" [_thread_blocked, id=9496, stack(0x0000000026f00000,0x0000000027000000)]
  0x0000000021061000 JavaThread "jar transforms Thread 42" [_thread_blocked, id=3256, stack(0x0000000026d80000,0x0000000026e80000)]
  0x0000000021060000 JavaThread "jar transforms Thread 41" [_thread_blocked, id=8116, stack(0x0000000026c40000,0x0000000026d40000)]
  0x000000002105f800 JavaThread "jar transforms Thread 40" [_thread_blocked, id=9452, stack(0x00000000269f0000,0x0000000026af0000)]
  0x000000002105e800 JavaThread "jar transforms Thread 39" [_thread_blocked, id=6324, stack(0x0000000026860000,0x0000000026960000)]
  0x000000002105e000 JavaThread "jar transforms Thread 38" [_thread_blocked, id=2096, stack(0x00000000266c0000,0x00000000267c0000)]
  0x000000002105d000 JavaThread "jar transforms Thread 37" [_thread_blocked, id=3868, stack(0x0000000026560000,0x0000000026660000)]
  0x000000002105c800 JavaThread "jar transforms Thread 36" [_thread_blocked, id=9228, stack(0x00000000261e0000,0x00000000262e0000)]
  0x000000002105b800 JavaThread "jar transforms Thread 35" [_thread_blocked, id=1748, stack(0x00000000254e0000,0x00000000255e0000)]
  0x000000001f8a0800 JavaThread "jar transforms Thread 34" [_thread_blocked, id=1728, stack(0x0000000026330000,0x0000000026430000)]
  0x000000001f89f800 JavaThread "jar transforms Thread 33" [_thread_blocked, id=1628, stack(0x0000000025940000,0x0000000025a40000)]
  0x000000001f89f000 JavaThread "jar transforms Thread 32" [_thread_blocked, id=7120, stack(0x00000000260c0000,0x00000000261c0000)]
  0x000000001f89e000 JavaThread "jar transforms Thread 31" [_thread_blocked, id=10660, stack(0x0000000025f30000,0x0000000026030000)]
  0x000000001f89d800 JavaThread "jar transforms Thread 30" [_thread_blocked, id=5804, stack(0x0000000025700000,0x0000000025800000)]
  0x000000001f89c800 JavaThread "jar transforms Thread 29" [_thread_blocked, id=8344, stack(0x0000000025d60000,0x0000000025e60000)]
  0x000000001f89c000 JavaThread "jar transforms Thread 28" [_thread_blocked, id=9820, stack(0x0000000025bb0000,0x0000000025cb0000)]
  0x000000001f89b000 JavaThread "jar transforms Thread 27" [_thread_blocked, id=3580, stack(0x0000000025a80000,0x0000000025b80000)]
  0x000000001f89a800 JavaThread "jar transforms Thread 26" [_thread_blocked, id=10340, stack(0x0000000025840000,0x0000000025940000)]
  0x000000001f899800 JavaThread "jar transforms Thread 25" [_thread_blocked, id=5064, stack(0x0000000025120000,0x0000000025220000)]
  0x00000000203cf000 JavaThread "jar transforms Thread 24" [_thread_blocked, id=2996, stack(0x00000000255e0000,0x00000000256e0000)]
  0x00000000203ce000 JavaThread "jar transforms Thread 23" [_thread_blocked, id=10072, stack(0x00000000253e0000,0x00000000254e0000)]
  0x00000000203cd800 JavaThread "jar transforms Thread 22" [_thread_blocked, id=7968, stack(0x0000000025220000,0x0000000025320000)]
  0x00000000203cc800 JavaThread "jar transforms Thread 21" [_thread_blocked, id=10320, stack(0x0000000025000000,0x0000000025100000)]
  0x00000000203cc000 JavaThread "jar transforms Thread 20" [_thread_blocked, id=11172, stack(0x0000000024ed0000,0x0000000024fd0000)]
  0x00000000203cb000 JavaThread "jar transforms Thread 19" [_thread_blocked, id=3836, stack(0x0000000024db0000,0x0000000024eb0000)]
  0x00000000203ca800 JavaThread "jar transforms Thread 18" [_thread_blocked, id=4596, stack(0x00000000249c0000,0x0000000024ac0000)]
  0x00000000203c9800 JavaThread "jar transforms Thread 17" [_thread_blocked, id=9160, stack(0x0000000024c40000,0x0000000024d40000)]
  0x00000000203c9000 JavaThread "jar transforms Thread 16" [_thread_blocked, id=10912, stack(0x0000000024ad0000,0x0000000024bd0000)]
  0x00000000203c8000 JavaThread "jar transforms Thread 15" [_thread_blocked, id=7844, stack(0x00000000233d0000,0x00000000234d0000)]
  0x0000000006d89800 JavaThread "jar transforms Thread 14" [_thread_blocked, id=4708, stack(0x0000000024450000,0x0000000024550000)]
  0x0000000006d89000 JavaThread "jar transforms Thread 13" [_thread_blocked, id=5740, stack(0x0000000024830000,0x0000000024930000)]
  0x0000000006d88000 JavaThread "jar transforms Thread 12" [_thread_blocked, id=5564, stack(0x0000000024720000,0x0000000024820000)]
  0x0000000006d87800 JavaThread "jar transforms Thread 11" [_thread_blocked, id=760, stack(0x0000000024590000,0x0000000024690000)]
  0x0000000006d86800 JavaThread "jar transforms Thread 10" [_thread_blocked, id=4016, stack(0x00000000241f0000,0x00000000242f0000)]
  0x0000000006d86000 JavaThread "jar transforms Thread 9" [_thread_blocked, id=9428, stack(0x00000000242f0000,0x00000000243f0000)]
  0x0000000006d85000 JavaThread "jar transforms Thread 8" [_thread_blocked, id=9264, stack(0x0000000023d80000,0x0000000023e80000)]
  0x0000000006d84800 JavaThread "jar transforms Thread 7" [_thread_blocked, id=2484, stack(0x0000000022290000,0x0000000022390000)]
  0x0000000006d83800 JavaThread "jar transforms Thread 6" [_thread_blocked, id=6808, stack(0x0000000024080000,0x0000000024180000)]
  0x0000000006d83000 JavaThread "jar transforms Thread 5" [_thread_blocked, id=10592, stack(0x0000000023e90000,0x0000000023f90000)]
  0x000000001c208000 JavaThread "jar transforms Thread 4" [_thread_blocked, id=9104, stack(0x0000000023c70000,0x0000000023d70000)]
  0x000000001c207800 JavaThread "jar transforms Thread 3" [_thread_blocked, id=11244, stack(0x0000000020b70000,0x0000000020c70000)]
  0x000000001c206800 JavaThread "jar transforms Thread 2" [_thread_blocked, id=8032, stack(0x0000000023ac0000,0x0000000023bc0000)]
  0x000000001c206000 JavaThread "Build operations Thread 4" [_thread_blocked, id=10152, stack(0x0000000023990000,0x0000000023a90000)]
  0x000000001c205000 JavaThread "Build operations Thread 3" [_thread_blocked, id=976, stack(0x0000000023800000,0x0000000023900000)]
  0x000000001c204800 JavaThread "Build operations Thread 2" [_thread_blocked, id=8920, stack(0x0000000023630000,0x0000000023730000)]
  0x000000001c203800 JavaThread "Build operations" [_thread_blocked, id=1280, stack(0x00000000234e0000,0x00000000235e0000)]
  0x000000001c1ff000 JavaThread "Cache worker for file content cache (C:\Users\Reginleif\.gradle\caches\6.5\fileContent)" [_thread_blocked, id=7616, stack(0x0000000022cc0000,0x0000000022dc0000)]
  0x000000001c1fe800 JavaThread "jar transforms" [_thread_blocked, id=2340, stack(0x0000000022af0000,0x0000000022bf0000)]
  0x000000001c1fd800 JavaThread "Cache worker for execution history cache (C:\Users\Reginleif\.gradle\caches\6.5\executionHistory)" [_thread_blocked, id=9536, stack(0x00000000223d0000,0x00000000224d0000)]
  0x000000001c1fd000 JavaThread "Cache worker for cache directory md-rule (C:\Users\Reginleif\.gradle\caches\6.5\md-rule)" [_thread_blocked, id=6320, stack(0x0000000022180000,0x0000000022280000)]
  0x000000001c1fc000 JavaThread "Cache worker for cache directory md-supplier (C:\Users\Reginleif\.gradle\caches\6.5\md-supplier)" [_thread_blocked, id=9788, stack(0x0000000020a20000,0x0000000020b20000)]
  0x000000001c1fb800 JavaThread "Cache worker for checksums cache (C:\Users\Reginleif\Desktop\knowledge_base\labs_tasks\rpo-baltin-2021\fclient\.gradle\checksums)" [_thread_blocked, id=9240, stack(0x0000000021ff0000,0x00000000220f0000)]
  0x000000001c1fa800 JavaThread "Cache worker for file hash cache (C:\Users\Reginleif\Desktop\knowledge_base\labs_tasks\rpo-baltin-2021\fclient\.gradle\6.5\fileHashes)" [_thread_blocked, id=8456, stack(0x0000000021ea0000,0x0000000021fa0000)]
  0x000000001c1fa000 JavaThread "Cache worker for file hash cache (C:\Users\Reginleif\.gradle\caches\6.5\fileHashes)" [_thread_blocked, id=8868, stack(0x000000001e550000,0x000000001e650000)]
  0x000000001c1f9000 JavaThread "File lock request listener" [_thread_in_native, id=10196, stack(0x000000001df40000,0x000000001e040000)]
  0x000000001c21b000 JavaThread "Cache worker for journal cache (C:\Users\Reginleif\.gradle\caches\journal-1)" [_thread_blocked, id=9328, stack(0x000000001e450000,0x000000001e550000)]
  0x000000001bed9000 JavaThread "Thread-9" [_thread_blocked, id=11240, stack(0x000000001e060000,0x000000001e160000)]
  0x000000001bed7000 JavaThread "Stdin handler" [_thread_blocked, id=4648, stack(0x000000001d840000,0x000000001d940000)]
  0x000000001bee5800 JavaThread "Asynchronous log dispatcher for DefaultDaemonConnection: socket connection from /127.0.0.1:64653 to /127.0.0.1:64654" [_thread_blocked, id=11160, stack(0x000000001ddc0000,0x000000001dec0000)]
  0x000000001bead800 JavaThread "Daemon worker" [_thread_in_vm, id=6408, stack(0x000000001dbe0000,0x000000001dce0000)]
  0x000000001beab000 JavaThread "Cancel handler" [_thread_blocked, id=10988, stack(0x000000001da00000,0x000000001db00000)]
  0x000000001bea3800 JavaThread "Handler for socket connection from /127.0.0.1:64653 to /127.0.0.1:64654" [_thread_in_native, id=10748, stack(0x000000001d740000,0x000000001d840000)]
  0x000000001be84000 JavaThread "Daemon" [_thread_blocked, id=10572, stack(0x000000001d2d0000,0x000000001d3d0000)]
  0x000000001be82000 JavaThread "Daemon periodic checks" [_thread_blocked, id=6424, stack(0x000000001d410000,0x000000001d510000)]
  0x000000001be34800 JavaThread "Incoming local TCP Connector on port 64653" [_thread_in_native, id=9608, stack(0x000000001d1c0000,0x000000001d2c0000)]
  0x000000001bd8f800 JavaThread "Daemon health stats" [_thread_blocked, id=8992, stack(0x0000000006f10000,0x0000000007010000)]
  0x00000000059ed800 JavaThread "Service Thread" daemon [_thread_blocked, id=9628, stack(0x0000000006360000,0x0000000006460000)]
  0x0000000005985000 JavaThread "C1 CompilerThread2" daemon [_thread_blocked, id=6892, stack(0x00000000064c0000,0x00000000065c0000)]
  0x0000000005983000 JavaThread "C2 CompilerThread1" daemon [_thread_blocked, id=9556, stack(0x0000000006230000,0x0000000006330000)]
=>0x00000000045cf000 JavaThread "C2 CompilerThread0" daemon [_thread_in_native, id=9728, stack(0x0000000006070000,0x0000000006170000)]
  0x00000000045ce000 JavaThread "Attach Listener" daemon [_thread_blocked, id=10724, stack(0x0000000005e60000,0x0000000005f60000)]
  0x00000000045cd000 JavaThread "Signal Dispatcher" daemon [_thread_blocked, id=11164, stack(0x0000000005f60000,0x0000000006060000)]
  0x00000000045af000 JavaThread "Finalizer" daemon [_thread_blocked, id=4652, stack(0x0000000005760000,0x0000000005860000)]
  0x00000000045a8000 JavaThread "Reference Handler" daemon [_thread_blocked, id=8808, stack(0x0000000005870000,0x0000000005970000)]
  0x000000000222f000 JavaThread "main" [_thread_blocked, id=3120, stack(0x0000000002280000,0x0000000002380000)]

Other Threads:
  0x0000000004560800 VMThread [stack: 0x00000000055f0000,0x00000000056f0000] [id=7248]
  0x0000000005a09800 WatcherThread [stack: 0x00000000065e0000,0x00000000066e0000] [id=8184]

VM state:not at safepoint (normal execution)

VM Mutex/Monitor currently owned by a thread: None

heap address: 0x0000000080000000, size: 2048 MB, Compressed Oops mode: 32-bit
Narrow klass base: 0x0000000000000000, Narrow klass shift: 3
Compressed class space size: 1073741824 Address: 0x000000013f6e0000

Heap:
 PSYoungGen      total 263168K, used 162974K [0x00000000d5580000, 0x00000000ecc00000, 0x0000000100000000)
  eden space 247808K, 65% used [0x00000000d5580000,0x00000000df4a7bf0,0x00000000e4780000)
  from space 15360K, 0% used [0x00000000e4780000,0x00000000e4780000,0x00000000e5680000)
  to   space 14336K, 0% used [0x00000000ebe00000,0x00000000ebe00000,0x00000000ecc00000)
 ParOldGen       total 84480K, used 14384K [0x0000000080000000, 0x0000000085280000, 0x00000000d5580000)
  object space 84480K, 17% used [0x0000000080000000,0x0000000080e0c3c0,0x0000000085280000)
 Metaspace       used 40054K, capacity 41810K, committed 42024K, reserved 1085440K
  class space    used 5500K, capacity 5845K, committed 5928K, reserved 1048576K

Card table byte_map: [0x0000000002a90000,0x0000000002ea0000] byte_map_base: 0x0000000002690000

Marking Bits: (ParMarkBitMap*) 0x0000000007abf030
 Begin Bits: [0x0000000016b40000, 0x0000000018b40000)
 End Bits:   [0x0000000018b40000, 0x000000001ab40000)

Polling page: 0x0000000000130000

CodeCache: size=245760Kb used=12620Kb max_used=12629Kb free=233139Kb
 bounds [0x0000000007b40000, 0x00000000087a0000, 0x0000000016b40000]
 total_blobs=4389 nmethods=3680 adapters=621
 compilation: enabled

Compilation events (10 events):
Event: 9.510 Thread 0x0000000005985000 3897       3       java.lang.reflect.Proxy::<init> (15 bytes)
Event: 9.511 Thread 0x0000000005985000 nmethod 3897 0x0000000008793810 code [0x0000000008793980, 0x0000000008793ca8]
Event: 9.511 Thread 0x0000000005983000 nmethod 3892 0x0000000008793250 code [0x00000000087933a0, 0x0000000008793558]
Event: 9.518 Thread 0x0000000005985000 3898       3       java.util.Arrays::fill (23 bytes)
Event: 9.518 Thread 0x0000000005985000 nmethod 3898 0x0000000008799d10 code [0x0000000008799e80, 0x000000000879a070]
Event: 9.521 Thread 0x0000000005985000 3899       3       java.lang.reflect.WeakCache::get (221 bytes)
Event: 9.523 Thread 0x0000000005985000 nmethod 3899 0x000000000879a150 code [0x000000000879a4a0, 0x000000000879c3d8]
Event: 9.552 Thread 0x0000000005983000 3900       4       com.google.common.collect.MapMakerInternalMap::rehash (49 bytes)
Event: 9.552 Thread 0x0000000005983000 nmethod 3900 0x0000000008782d50 code [0x0000000008782e80, 0x0000000008782f18]
Event: 9.581 Thread 0x0000000005983000 3901       4       java.util.concurrent.ConcurrentHashMap::addCount (292 bytes)

GC Heap History (10 events):
Event: 4.524 GC heap before
{Heap before GC invocations=5 (full 0):
 PSYoungGen      total 132096K, used 21341K [0x00000000d5580000, 0x00000000ddb80000, 0x0000000100000000)
  eden space 126976K, 12% used [0x00000000d5580000,0x00000000d655b438,0x00000000dd180000)
  from space 5120K, 99% used [0x00000000dd680000,0x00000000ddb7c040,0x00000000ddb80000)
  to   space 5120K, 0% used [0x00000000dd180000,0x00000000dd180000,0x00000000dd680000)
 ParOldGen       total 84992K, used 9666K [0x0000000080000000, 0x0000000085300000, 0x00000000d5580000)
  object space 84992K, 11% used [0x0000000080000000,0x00000000809709d8,0x0000000085300000)
 Metaspace       used 20606K, capacity 21224K, committed 21296K, reserved 1067008K
  class space    used 2873K, capacity 3076K, committed 3120K, reserved 1048576K
Event: 4.533 GC heap after
Heap after GC invocations=5 (full 0):
 PSYoungGen      total 132096K, used 5108K [0x00000000d5580000, 0x00000000e6580000, 0x0000000100000000)
  eden space 126976K, 0% used [0x00000000d5580000,0x00000000d5580000,0x00000000dd180000)
  from space 5120K, 99% used [0x00000000dd180000,0x00000000dd67d040,0x00000000dd680000)
  to   space 12288K, 0% used [0x00000000e5980000,0x00000000e5980000,0x00000000e6580000)
 ParOldGen       total 84992K, used 10904K [0x0000000080000000, 0x0000000085300000, 0x00000000d5580000)
  object space 84992K, 12% used [0x0000000080000000,0x0000000080aa6230,0x0000000085300000)
 Metaspace       used 20606K, capacity 21224K, committed 21296K, reserved 1067008K
  class space    used 2873K, capacity 3076K, committed 3120K, reserved 1048576K
}
Event: 4.533 GC heap before
{Heap before GC invocations=6 (full 1):
 PSYoungGen      total 132096K, used 5108K [0x00000000d5580000, 0x00000000e6580000, 0x0000000100000000)
  eden space 126976K, 0% used [0x00000000d5580000,0x00000000d5580000,0x00000000dd180000)
  from space 5120K, 99% used [0x00000000dd180000,0x00000000dd67d040,0x00000000dd680000)
  to   space 12288K, 0% used [0x00000000e5980000,0x00000000e5980000,0x00000000e6580000)
 ParOldGen       total 84992K, used 10904K [0x0000000080000000, 0x0000000085300000, 0x00000000d5580000)
  object space 84992K, 12% used [0x0000000080000000,0x0000000080aa6230,0x0000000085300000)
 Metaspace       used 20606K, capacity 21224K, committed 21296K, reserved 1067008K
  class space    used 2873K, capacity 3076K, committed 3120K, reserved 1048576K
Event: 4.582 GC heap after
Heap after GC invocations=6 (full 1):
 PSYoungGen      total 132096K, used 0K [0x00000000d5580000, 0x00000000e6580000, 0x0000000100000000)
  eden space 126976K, 0% used [0x00000000d5580000,0x00000000d5580000,0x00000000dd180000)
  from space 5120K, 0% used [0x00000000dd180000,0x00000000dd180000,0x00000000dd680000)
  to   space 12288K, 0% used [0x00000000e5980000,0x00000000e5980000,0x00000000e6580000)
 ParOldGen       total 56832K, used 7627K [0x0000000080000000, 0x0000000083780000, 0x00000000d5580000)
  object space 56832K, 13% used [0x0000000080000000,0x0000000080772e08,0x0000000083780000)
 Metaspace       used 20606K, capacity 21224K, committed 21296K, reserved 1067008K
  class space    used 2873K, capacity 3076K, committed 3120K, reserved 1048576K
}
Event: 6.996 GC heap before
{Heap before GC invocations=7 (full 1):
 PSYoungGen      total 132096K, used 126976K [0x00000000d5580000, 0x00000000e6580000, 0x0000000100000000)
  eden space 126976K, 100% used [0x00000000d5580000,0x00000000dd180000,0x00000000dd180000)
  from space 5120K, 0% used [0x00000000dd180000,0x00000000dd180000,0x00000000dd680000)
  to   space 12288K, 0% used [0x00000000e5980000,0x00000000e5980000,0x00000000e6580000)
 ParOldGen       total 56832K, used 7627K [0x0000000080000000, 0x0000000083780000, 0x00000000d5580000)
  object space 56832K, 13% used [0x0000000080000000,0x0000000080772e08,0x0000000083780000)
 Metaspace       used 32867K, capacity 33892K, committed 34224K, reserved 1079296K
  class space    used 4457K, capacity 4718K, committed 4784K, reserved 1048576K
Event: 7.011 GC heap after
Heap after GC invocations=7 (full 1):
 PSYoungGen      total 218112K, used 12262K [0x00000000d5580000, 0x00000000e6580000, 0x0000000100000000)
  eden space 205824K, 0% used [0x00000000d5580000,0x00000000d5580000,0x00000000e1e80000)
  from space 12288K, 99% used [0x00000000e5980000,0x00000000e6579b10,0x00000000e6580000)
  to   space 15360K, 0% used [0x00000000e4780000,0x00000000e4780000,0x00000000e5680000)
 ParOldGen       total 56832K, used 9211K [0x0000000080000000, 0x0000000083780000, 0x00000000d5580000)
  object space 56832K, 16% used [0x0000000080000000,0x00000000808fefe8,0x0000000083780000)
 Metaspace       used 32867K, capacity 33892K, committed 34224K, reserved 1079296K
  class space    used 4457K, capacity 4718K, committed 4784K, reserved 1048576K
}
Event: 7.475 GC heap before
{Heap before GC invocations=8 (full 1):
 PSYoungGen      total 218112K, used 44403K [0x00000000d5580000, 0x00000000e6580000, 0x0000000100000000)
  eden space 205824K, 15% used [0x00000000d5580000,0x00000000d74e30f0,0x00000000e1e80000)
  from space 12288K, 99% used [0x00000000e5980000,0x00000000e6579b10,0x00000000e6580000)
  to   space 15360K, 0% used [0x00000000e4780000,0x00000000e4780000,0x00000000e5680000)
 ParOldGen       total 56832K, used 9211K [0x0000000080000000, 0x0000000083780000, 0x00000000d5580000)
  object space 56832K, 16% used [0x0000000080000000,0x00000000808fefe8,0x0000000083780000)
 Metaspace       used 34271K, capacity 35380K, committed 35496K, reserved 1079296K
  class space    used 4687K, capacity 4969K, committed 5032K, reserved 1048576K
Event: 7.505 GC heap after
Heap after GC invocations=8 (full 1):
 PSYoungGen      total 263168K, used 7891K [0x00000000d5580000, 0x00000000ecc00000, 0x0000000100000000)
  eden space 247808K, 0% used [0x00000000d5580000,0x00000000d5580000,0x00000000e4780000)
  from space 15360K, 51% used [0x00000000e4780000,0x00000000e4f34f40,0x00000000e5680000)
  to   space 14336K, 0% used [0x00000000ebe00000,0x00000000ebe00000,0x00000000ecc00000)
 ParOldGen       total 56832K, used 9219K [0x0000000080000000, 0x0000000083780000, 0x00000000d5580000)
  object space 56832K, 16% used [0x0000000080000000,0x0000000080900fe8,0x0000000083780000)
 Metaspace       used 34271K, capacity 35380K, committed 35496K, reserved 1079296K
  class space    used 4687K, capacity 4969K, committed 5032K, reserved 1048576K
}
Event: 7.505 GC heap before
{Heap before GC invocations=9 (full 2):
 PSYoungGen      total 263168K, used 7891K [0x00000000d5580000, 0x00000000ecc00000, 0x0000000100000000)
  eden space 247808K, 0% used [0x00000000d5580000,0x00000000d5580000,0x00000000e4780000)
  from space 15360K, 51% used [0x00000000e4780000,0x00000000e4f34f40,0x00000000e5680000)
  to   space 14336K, 0% used [0x00000000ebe00000,0x00000000ebe00000,0x00000000ecc00000)
 ParOldGen       total 56832K, used 9219K [0x0000000080000000, 0x0000000083780000, 0x00000000d5580000)
  object space 56832K, 16% used [0x0000000080000000,0x0000000080900fe8,0x0000000083780000)
 Metaspace       used 34271K, capacity 35380K, committed 35496K, reserved 1079296K
  class space    used 4687K, capacity 4969K, committed 5032K, reserved 1048576K
Event: 7.645 GC heap after
Heap after GC invocations=9 (full 2):
 PSYoungGen      total 263168K, used 0K [0x00000000d5580000, 0x00000000ecc00000, 0x0000000100000000)
  eden space 247808K, 0% used [0x00000000d5580000,0x00000000d5580000,0x00000000e4780000)
  from space 15360K, 0% used [0x00000000e4780000,0x00000000e4780000,0x00000000e5680000)
  to   space 14336K, 0% used [0x00000000ebe00000,0x00000000ebe00000,0x00000000ecc00000)
 ParOldGen       total 84480K, used 14384K [0x0000000080000000, 0x0000000085280000, 0x00000000d5580000)
  object space 84480K, 17% used [0x0000000080000000,0x0000000080e0c3c0,0x0000000085280000)
 Metaspace       used 34271K, capacity 35380K, committed 35496K, reserved 1079296K
  class space    used 4687K, capacity 4969K, committed 5032K, reserved 1048576K
}

Deoptimization events (10 events):
Event: 8.956 Thread 0x000000001bead800 Uncommon trap: reason=predicate action=maybe_recompile pc=0x000000000811c1c8 method=com.google.common.base.CharMatcher.indexIn(Ljava/lang/CharSequence;I)I @ 22
Event: 8.981 Thread 0x000000001bead800 Uncommon trap: reason=bimorphic action=maybe_recompile pc=0x00000000081d16fc method=java.lang.ClassLoader.getPackage(Ljava/lang/String;)Ljava/lang/Package; @ 47
Event: 8.981 Thread 0x000000001bead800 Uncommon trap: reason=bimorphic action=maybe_recompile pc=0x00000000081d16fc method=java.lang.ClassLoader.getPackage(Ljava/lang/String;)Ljava/lang/Package; @ 47
Event: 8.981 Thread 0x000000001bead800 Uncommon trap: reason=bimorphic action=maybe_recompile pc=0x00000000081d16fc method=java.lang.ClassLoader.getPackage(Ljava/lang/String;)Ljava/lang/Package; @ 47
Event: 8.981 Thread 0x000000001bead800 Uncommon trap: reason=bimorphic action=maybe_recompile pc=0x00000000081d16fc method=java.lang.ClassLoader.getPackage(Ljava/lang/String;)Ljava/lang/Package; @ 47
Event: 9.336 Thread 0x000000001bead800 Uncommon trap: reason=class_check action=maybe_recompile pc=0x00000000086c7c54 method=java.io.BufferedInputStream.read1([BII)I @ 39
Event: 9.336 Thread 0x000000001bead800 Uncommon trap: reason=class_check action=maybe_recompile pc=0x00000000086c7c54 method=java.io.BufferedInputStream.read1([BII)I @ 39
Event: 9.336 Thread 0x000000001bead800 Uncommon trap: reason=class_check action=maybe_recompile pc=0x00000000086c7c54 method=java.io.BufferedInputStream.read1([BII)I @ 39
Event: 9.443 Thread 0x000000001bead800 Uncommon trap: reason=bimorphic action=maybe_recompile pc=0x0000000008472d10 method=java.util.AbstractCollection.addAll(Ljava/util/Collection;)Z @ 29
Event: 9.458 Thread 0x000000001bead800 Uncommon trap: reason=bimorphic action=maybe_recompile pc=0x0000000008472d10 method=java.util.AbstractCollection.addAll(Ljava/util/Collection;)Z @ 29

Classes redefined (0 events):
No events

Internal exceptions (10 events):
Event: 8.922 Thread 0x000000001bed9000 Exception <a 'java/lang/NoSuchMethodError': <clinit>> (0x00000000d562d7c8) thrown at [C:\src\AOSP-openjdk-git\hotspot\src\share\vm\prims\jni.cpp, line 1615]
Event: 8.924 Thread 0x000000001bed9000 Exception <a 'java/lang/NoSuchMethodError': <clinit>> (0x00000000d5637a38) thrown at [C:\src\AOSP-openjdk-git\hotspot\src\share\vm\prims\jni.cpp, line 1615]
Event: 8.925 Thread 0x000000001bed9000 Exception <a 'java/lang/NoSuchMethodError': <clinit>> (0x00000000d5642b20) thrown at [C:\src\AOSP-openjdk-git\hotspot\src\share\vm\prims\jni.cpp, line 1615]
Event: 8.928 Thread 0x000000001bed9000 Exception <a 'java/lang/NoSuchMethodError': <clinit>> (0x00000000d5655ef0) thrown at [C:\src\AOSP-openjdk-git\hotspot\src\share\vm\prims\jni.cpp, line 1615]
Event: 8.941 Thread 0x000000001bead800 Exception <a 'java/lang/ClassNotFoundException': build_47ukk4xuah43ohq79bmeg1baaBeanInfo> (0x00000000dd532d50) thrown at [C:\src\AOSP-openjdk-git\hotspot\src\share\vm\classfile\systemDictionary.cpp, line 210]
Event: 8.941 Thread 0x000000001bead800 Exception <a 'java/lang/ClassNotFoundException': build_47ukk4xuah43ohq79bmeg1baaCustomizer> (0x00000000dd53e990) thrown at [C:\src\AOSP-openjdk-git\hotspot\src\share\vm\classfile\systemDictionary.cpp, line 210]
Event: 8.952 Thread 0x000000001bead800 Exception <a 'java/lang/ClassNotFoundException': org/gradle/plugin/use/internal/PluginRequestCollector$PluginDependenciesSpecImplBeanInfo> (0x00000000dd5de780) thrown at [C:\src\AOSP-openjdk-git\hotspot\src\share\vm\classfile\systemDictionary.cpp, line 21
Event: 8.953 Thread 0x000000001bead800 Exception <a 'java/lang/ClassNotFoundException': org/gradle/plugin/use/internal/PluginRequestCollector$PluginDependenciesSpecImplCustomizer> (0x00000000dd61e6c0) thrown at [C:\src\AOSP-openjdk-git\hotspot\src\share\vm\classfile\systemDictionary.cpp, line 
Event: 9.013 Thread 0x000000001bead800 Exception <a 'java/lang/ClassNotFoundException': org/gradle/api/internal/plugins/DefaultObjectConfigurationActionBeanInfo> (0x00000000dd90eb30) thrown at [C:\src\AOSP-openjdk-git\hotspot\src\share\vm\classfile\systemDictionary.cpp, line 210]
Event: 9.028 Thread 0x000000001bead800 Exception <a 'java/lang/ClassNotFoundException': org/gradle/api/internal/plugins/DefaultObjectConfigurationActionCustomizer> (0x00000000dd952e90) thrown at [C:\src\AOSP-openjdk-git\hotspot\src\share\vm\classfile\systemDictionary.cpp, line 210]

Events (10 events):
Event: 9.580 loading class com/google/gson/stream/JsonToken
Event: 9.580 loading class com/google/gson/stream/JsonToken done
Event: 9.581 loading class com/google/gson/annotations/JsonAdapter
Event: 9.581 loading class com/google/gson/annotations/JsonAdapter done
Event: 9.581 loading class com/google/gson/internal/ConstructorConstructor$3
Event: 9.581 loading class com/google/gson/internal/ConstructorConstructor$3 done
Event: 9.583 loading class com/google/gson/annotations/SerializedName
Event: 9.583 loading class com/google/gson/annotations/SerializedName done
Event: 9.585 loading class com/google/gson/internal/Primitives
Event: 9.585 loading class com/google/gson/internal/Primitives done


Dynamic libraries:
0x000000013f6a0000 - 0x000000013f6d1000 	C:\Program Files\Android\Android Studio\jre\bin\java.exe
0x0000000077690000 - 0x000000007782f000 	C:\Windows\SYSTEM32\ntdll.dll
0x0000000077570000 - 0x000000007768f000 	C:\Windows\system32\kernel32.dll
0x000007fefd270000 - 0x000007fefd2d7000 	C:\Windows\system32\KERNELBASE.dll
0x000007feff070000 - 0x000007feff14b000 	C:\Windows\system32\ADVAPI32.dll
0x000007fefe3a0000 - 0x000007fefe43f000 	C:\Windows\system32\msvcrt.dll
0x000007feff950000 - 0x000007feff96f000 	C:\Windows\SYSTEM32\sechost.dll
0x000007feff4e0000 - 0x000007feff60c000 	C:\Windows\system32\RPCRT4.dll
0x0000000077470000 - 0x000000007756b000 	C:\Windows\system32\USER32.dll
0x000007feff1f0000 - 0x000007feff257000 	C:\Windows\system32\GDI32.dll
0x000007fefe390000 - 0x000007fefe39e000 	C:\Windows\system32\LPK.dll
0x000007fefe440000 - 0x000007fefe50b000 	C:\Windows\system32\USP10.dll
0x000007fefc9a0000 - 0x000007fefcb95000 	C:\Windows\WinSxS\amd64_microsoft.windows.common-controls_6595b64144ccf1df_6.0.7601.24483_none_e372d88f30fbb845\COMCTL32.dll
0x000007feff300000 - 0x000007feff371000 	C:\Windows\system32\SHLWAPI.dll
0x000007feff1a0000 - 0x000007feff1ce000 	C:\Windows\system32\IMM32.DLL
0x000007feff840000 - 0x000007feff94b000 	C:\Windows\system32\MSCTF.dll
0x0000000058d70000 - 0x0000000058e42000 	C:\Program Files\Android\Android Studio\jre\jre\bin\msvcr100.dll
0x00000000072f0000 - 0x0000000007b3b000 	C:\Program Files\Android\Android Studio\jre\jre\bin\server\jvm.dll
0x000007fef8ae0000 - 0x000007fef8ae9000 	C:\Windows\system32\WSOCK32.dll
0x000007feff150000 - 0x000007feff19d000 	C:\Windows\system32\WS2_32.dll
0x000007feff970000 - 0x000007feff978000 	C:\Windows\system32\NSI.dll
0x000007fef9760000 - 0x000007fef979b000 	C:\Windows\system32\WINMM.dll
0x000007fefbdb0000 - 0x000007fefbdbc000 	C:\Windows\system32\VERSION.dll
0x0000000077840000 - 0x0000000077847000 	C:\Windows\system32\PSAPI.DLL
0x000007fefb200000 - 0x000007fefb20f000 	C:\Program Files\Android\Android Studio\jre\jre\bin\verify.dll
0x000007fefb1d0000 - 0x000007fefb1f9000 	C:\Program Files\Android\Android Studio\jre\jre\bin\java.dll
0x000007fefb1b0000 - 0x000007fefb1c6000 	C:\Program Files\Android\Android Studio\jre\jre\bin\zip.dll
0x000007fefd600000 - 0x000007fefe38b000 	C:\Windows\system32\SHELL32.dll
0x000007fefe510000 - 0x000007fefe70f000 	C:\Windows\system32\ole32.dll
0x000007fefd1f0000 - 0x000007fefd1ff000 	C:\Windows\system32\profapi.dll
0x000007fefb190000 - 0x000007fefb1aa000 	C:\Program Files\Android\Android Studio\jre\jre\bin\net.dll
0x000007fefc660000 - 0x000007fefc6b5000 	C:\Windows\system32\mswsock.dll
0x000007fefc650000 - 0x000007fefc657000 	C:\Windows\System32\wship6.dll
0x000007fefb170000 - 0x000007fefb183000 	C:\Program Files\Android\Android Studio\jre\jre\bin\nio.dll
0x000007fee0a10000 - 0x000007fee0a37000 	C:\Users\Reginleif\.gradle\native\f6784746aeab05261644944871eae4fe03e0ef1612fff0a4a95f87b438bc6780\windows-amd64\native-platform.dll
0x000007fefbf80000 - 0x000007fefbf83000 	C:\Windows\system32\api-ms-win-core-synch-l1-2-0.DLL
0x000007fefb160000 - 0x000007fefb16d000 	C:\Program Files\Android\Android Studio\jre\jre\bin\management.dll
0x000007fefc6c0000 - 0x000007fefc6d8000 	C:\Windows\system32\CRYPTSP.dll
0x000007fefc3c0000 - 0x000007fefc407000 	C:\Windows\system32\rsaenh.dll
0x000007fefd200000 - 0x000007fefd21f000 	C:\Windows\system32\USERENV.dll
0x000007fefd080000 - 0x000007fefd08f000 	C:\Windows\system32\CRYPTBASE.dll
0x000007fefa410000 - 0x000007fefa437000 	C:\Windows\system32\IPHLPAPI.DLL
0x000007fefcc30000 - 0x000007fefcc3b000 	C:\Windows\system32\WINNSI.DLL
0x000007fef8c30000 - 0x000007fef8c41000 	C:\Windows\system32\dhcpcsvc6.DLL
0x000007fef92a0000 - 0x000007fef92b8000 	C:\Windows\system32\dhcpcsvc.DLL

VM Arguments:
jvm_args: -Xmx2048m -Dfile.encoding=UTF-8 -Duser.country=US -Duser.language=en -Duser.variant 
java_command: org.gradle.launcher.daemon.bootstrap.GradleDaemon 6.5
java_class_path (initial): C:\Users\Reginleif\.gradle\wrapper\dists\gradle-6.5-bin\6nifqtx7604sqp1q6g8wikw7p\gradle-6.5\lib\gradle-launcher-6.5.jar
Launcher Type: SUN_STANDARD

Environment Variables:
JAVA_HOME=C:\Program Files\Java\jdk1.8.0_261
USERNAME=Reginleif
OS=Windows_NT
PROCESSOR_IDENTIFIER=Intel64 Family 6 Model 58 Stepping 9, GenuineIntel



---------------  S Y S T E M  ---------------

OS: Windows 7 , 64 bit Build 7601 (6.1.7601.24545)

CPU:total 4 (initial active 4) (2 cores per cpu, 2 threads per core) family 6 model 58 stepping 9, cmov, cx8, fxsr, mmx, sse, sse2, sse3, ssse3, sse4.1, sse4.2, popcnt, avx, aes, clmul, erms, ht, tsc, tscinvbit, tscinv

Memory: 4k page, physical 8059016k(690552k free), swap 9105692k(404k free)

vm_info: OpenJDK 64-Bit Server VM (25.242-b01) for windows-amd64 JRE (1.8.0_242-release-1644-b01), built by "builder" with MS VC++ 10.0 (VS2010)

time: Fri Jun 18 01:11:19 2021
timezone: Russia TZ 2 Standard Time
elapsed time: 9 seconds (0d 0h 0m 9s)

