#
# There is insufficient memory for the Java Runtime Environment to continue.
# Native memory allocation (malloc) failed to allocate 1573456 bytes for Chunk::new
# Possible reasons:
#   The system is out of physical RAM or swap space
#   The process is running with CompressedOops enabled, and the Java Heap may be blocking the growth of the native heap
# Possible solutions:
#   Reduce memory load on the system
#   Increase physical memory or swap space
#   Check if swap backing store is full
#   Decrease Java heap size (-Xmx/-Xms)
#   Decrease number of Java threads
#   Decrease Java thread stack sizes (-Xss)
#   Set larger code cache with -XX:ReservedCodeCacheSize=
#   JVM is running with Unscaled Compressed Oops mode in which the Java heap is
#     placed in the first 4GB address space. The Java Heap base address is the
#     maximum limit for the native heap growth. Please use -XX:HeapBaseMinAddress
#     to set the Java Heap base and to place the Java Heap above 4GB virtual address.
# This output file may be truncated or incomplete.
#
#  Out of Memory Error (allocation.cpp:389), pid=9940, tid=0x0000000000002718
#
# JRE version: OpenJDK Runtime Environment (8.0_242-b01) (build 1.8.0_242-release-1644-b01)
# Java VM: OpenJDK 64-Bit Server VM (25.242-b01 mixed mode windows-amd64 compressed oops)
# Failed to write core dump. Minidumps are not enabled by default on client versions of Windows
#

---------------  T H R E A D  ---------------

Current thread (0x000000005894e800):  JavaThread "C2 CompilerThread1" daemon [_thread_in_native, id=10008, stack(0x0000000059450000,0x0000000059550000)]

Stack: [0x0000000059450000,0x0000000059550000]
[error occurred during error reporting (printing stack bounds), id 0xc0000005]

Native frames: (J=compiled Java code, j=interpreted, Vv=VM code, C=native code)


Current CompileTask:
C2:  11692 5008       4       sun.reflect.generics.parser.SignatureParser::parsePackageNameAndSimpleClassTypeSignature (139 bytes)


---------------  P R O C E S S  ---------------

Java Threads: ( => current thread )
  0x000000005fe34800 JavaThread "Cache worker for Build Output Cleanup Cache (C:\Users\Reginleif\Desktop\knowledge_base\labs_tasks\rpo-baltin-2021\fclient\.gradle\buildOutputCleanup)" [_thread_blocked, id=10100, stack(0x000000006c2c0000,0x000000006c3c0000)]
  0x0000000059842800 JavaThread "jar transforms Thread 92" [_thread_blocked, id=7996, stack(0x000000006bc90000,0x000000006bd90000)]
  0x0000000059841800 JavaThread "jar transforms Thread 91" [_thread_blocked, id=8196, stack(0x00000000691f0000,0x00000000692f0000)]
  0x0000000059841000 JavaThread "jar transforms Thread 90" [_thread_blocked, id=5580, stack(0x000000006bb00000,0x000000006bc00000)]
  0x0000000059840000 JavaThread "jar transforms Thread 89" [_thread_blocked, id=5544, stack(0x000000006b920000,0x000000006ba20000)]
  0x000000005983f800 JavaThread "jar transforms Thread 88" [_thread_blocked, id=6184, stack(0x000000006b750000,0x000000006b850000)]
  0x000000005983e800 JavaThread "jar transforms Thread 87" [_thread_blocked, id=1820, stack(0x000000006b4d0000,0x000000006b5d0000)]
  0x000000005983e000 JavaThread "jar transforms Thread 86" [_thread_blocked, id=8876, stack(0x000000006b2c0000,0x000000006b3c0000)]
  0x000000005983d000 JavaThread "jar transforms Thread 85" [_thread_blocked, id=7484, stack(0x000000006ac00000,0x000000006ad00000)]
  0x000000005983c800 JavaThread "jar transforms Thread 84" [_thread_blocked, id=9492, stack(0x000000006b140000,0x000000006b240000)]
  0x0000000060c8d800 JavaThread "jar transforms Thread 83" [_thread_blocked, id=9504, stack(0x000000006b010000,0x000000006b110000)]
  0x0000000060c8d000 JavaThread "jar transforms Thread 82" [_thread_blocked, id=1360, stack(0x000000006ae70000,0x000000006af70000)]
  0x0000000060c8c000 JavaThread "jar transforms Thread 81" [_thread_blocked, id=6536, stack(0x000000006ad10000,0x000000006ae10000)]
  0x0000000060c8b800 JavaThread "jar transforms Thread 80" [_thread_blocked, id=6540, stack(0x000000006a390000,0x000000006a490000)]
  0x0000000060c8a800 JavaThread "jar transforms Thread 79" [_thread_blocked, id=9428, stack(0x000000006aa80000,0x000000006ab80000)]
  0x0000000060c8a000 JavaThread "jar transforms Thread 78" [_thread_blocked, id=9424, stack(0x00000000699d0000,0x0000000069ad0000)]
  0x0000000060c89000 JavaThread "jar transforms Thread 77" [_thread_blocked, id=9420, stack(0x000000006a710000,0x000000006a810000)]
  0x0000000060c88800 JavaThread "jar transforms Thread 76" [_thread_blocked, id=10076, stack(0x000000006a980000,0x000000006aa80000)]
  0x0000000060c87800 JavaThread "jar transforms Thread 75" [_thread_blocked, id=5576, stack(0x000000006a820000,0x000000006a920000)]
  0x0000000060c87000 JavaThread "jar transforms Thread 74" [_thread_blocked, id=5564, stack(0x000000006a600000,0x000000006a700000)]
  0x000000005997e800 JavaThread "jar transforms Thread 73" [_thread_blocked, id=6408, stack(0x0000000069420000,0x0000000069520000)]
  0x000000005997d800 JavaThread "jar transforms Thread 72" [_thread_blocked, id=5504, stack(0x000000006a4e0000,0x000000006a5e0000)]
  0x000000005997d000 JavaThread "jar transforms Thread 71" [_thread_blocked, id=7688, stack(0x000000006a270000,0x000000006a370000)]
  0x000000005997c000 JavaThread "jar transforms Thread 70" [_thread_blocked, id=7692, stack(0x000000006a0a0000,0x000000006a1a0000)]
  0x000000005997b800 JavaThread "jar transforms Thread 69" [_thread_blocked, id=7808, stack(0x0000000069f90000,0x000000006a090000)]
  0x000000005997a800 JavaThread "jar transforms Thread 68" [_thread_blocked, id=7760, stack(0x0000000069e60000,0x0000000069f60000)]
  0x000000005997a000 JavaThread "jar transforms Thread 67" [_thread_blocked, id=1032, stack(0x0000000069c80000,0x0000000069d80000)]
  0x0000000059979000 JavaThread "jar transforms Thread 66" [_thread_blocked, id=7256, stack(0x0000000069ad0000,0x0000000069bd0000)]
  0x0000000059978800 JavaThread "jar transforms Thread 65" [_thread_blocked, id=6024, stack(0x00000000698d0000,0x00000000699d0000)]
  0x0000000059977800 JavaThread "jar transforms Thread 64" [_thread_blocked, id=2184, stack(0x0000000069720000,0x0000000069820000)]
  0x0000000060c9d800 JavaThread "jar transforms Thread 63" [_thread_blocked, id=3012, stack(0x0000000069540000,0x0000000069640000)]
  0x0000000060c9d000 JavaThread "jar transforms Thread 62" [_thread_blocked, id=5328, stack(0x0000000069300000,0x0000000069400000)]
  0x0000000060c9c000 JavaThread "jar transforms Thread 61" [_thread_blocked, id=8208, stack(0x0000000068e30000,0x0000000068f30000)]
  0x0000000060c9b800 JavaThread "jar transforms Thread 60" [_thread_blocked, id=3904, stack(0x00000000690f0000,0x00000000691f0000)]
  0x0000000060c9a800 JavaThread "jar transforms Thread 59" [_thread_blocked, id=9528, stack(0x0000000068f40000,0x0000000069040000)]
  0x0000000060c9a000 JavaThread "jar transforms Thread 58" [_thread_blocked, id=10088, stack(0x0000000068c60000,0x0000000068d60000)]
  0x0000000060c99000 JavaThread "jar transforms Thread 57" [_thread_blocked, id=9524, stack(0x00000000687b0000,0x00000000688b0000)]
  0x0000000060c98800 JavaThread "jar transforms Thread 56" [_thread_blocked, id=9432, stack(0x0000000067b40000,0x0000000067c40000)]
  0x0000000060c97800 JavaThread "jar transforms Thread 55" [_thread_blocked, id=9540, stack(0x0000000068ac0000,0x0000000068bc0000)]
  0x0000000060c97000 JavaThread "jar transforms Thread 54" [_thread_blocked, id=7772, stack(0x0000000068960000,0x0000000068a60000)]
  0x00000000613bc800 JavaThread "jar transforms Thread 53" [_thread_blocked, id=7748, stack(0x0000000068580000,0x0000000068680000)]
  0x00000000613bc000 JavaThread "jar transforms Thread 52" [_thread_blocked, id=512, stack(0x0000000068680000,0x0000000068780000)]
  0x00000000613bb000 JavaThread "jar transforms Thread 51" [_thread_blocked, id=1556, stack(0x0000000068400000,0x0000000068500000)]
  0x00000000613ba800 JavaThread "jar transforms Thread 50" [_thread_blocked, id=4384, stack(0x00000000681c0000,0x00000000682c0000)]
  0x00000000613b9800 JavaThread "jar transforms Thread 49" [_thread_blocked, id=7260, stack(0x00000000682c0000,0x00000000683c0000)]
  0x00000000613b9000 JavaThread "jar transforms Thread 48" [_thread_blocked, id=7700, stack(0x0000000067ed0000,0x0000000067fd0000)]
  0x00000000613b8000 JavaThread "jar transforms Thread 47" [_thread_blocked, id=7056, stack(0x0000000068060000,0x0000000068160000)]
  0x00000000613b7800 JavaThread "jar transforms Thread 46" [_thread_blocked, id=5068, stack(0x0000000067dc0000,0x0000000067ec0000)]
  0x00000000613b6800 JavaThread "jar transforms Thread 45" [_thread_blocked, id=3484, stack(0x0000000067680000,0x0000000067780000)]
  0x00000000613b6000 JavaThread "jar transforms Thread 44" [_thread_blocked, id=5924, stack(0x0000000067c40000,0x0000000067d40000)]
  0x000000005a2a3800 JavaThread "jar transforms Thread 43" [_thread_blocked, id=6252, stack(0x0000000067a40000,0x0000000067b40000)]
  0x000000005a2a2800 JavaThread "jar transforms Thread 42" [_thread_blocked, id=5700, stack(0x00000000678c0000,0x00000000679c0000)]
  0x000000005a2a2000 JavaThread "jar transforms Thread 41" [_thread_blocked, id=8432, stack(0x0000000067790000,0x0000000067890000)]
  0x000000005a2a1000 JavaThread "jar transforms Thread 40" [_thread_blocked, id=8004, stack(0x0000000065e30000,0x0000000065f30000)]
  0x000000005a2a0800 JavaThread "jar transforms Thread 39" [_thread_blocked, id=3200, stack(0x0000000067430000,0x0000000067530000)]
  0x000000005a29f800 JavaThread "jar transforms Thread 38" [_thread_blocked, id=7812, stack(0x0000000067560000,0x0000000067660000)]
  0x000000005a29f000 JavaThread "jar transforms Thread 37" [_thread_blocked, id=3132, stack(0x00000000671b0000,0x00000000672b0000)]
  0x000000005a29e000 JavaThread "jar transforms Thread 36" [_thread_blocked, id=9548, stack(0x00000000672f0000,0x00000000673f0000)]
  0x000000005a29d800 JavaThread "jar transforms Thread 35" [_thread_blocked, id=6712, stack(0x0000000066dd0000,0x0000000066ed0000)]
  0x000000005a29c800 JavaThread "jar transforms Thread 34" [_thread_blocked, id=10068, stack(0x0000000066420000,0x0000000066520000)]
  0x000000005a263000 JavaThread "jar transforms Thread 33" [_thread_blocked, id=10052, stack(0x0000000067030000,0x0000000067130000)]
  0x000000005a262800 JavaThread "jar transforms Thread 32" [_thread_blocked, id=8436, stack(0x0000000066840000,0x0000000066940000)]
  0x000000005a261800 JavaThread "jar transforms Thread 31" [_thread_blocked, id=8900, stack(0x0000000066ef0000,0x0000000066ff0000)]
  0x000000005a261000 JavaThread "jar transforms Thread 30" [_thread_blocked, id=9608, stack(0x0000000066b80000,0x0000000066c80000)]
  0x000000005a260000 JavaThread "jar transforms Thread 29" [_thread_blocked, id=7424, stack(0x0000000066ca0000,0x0000000066da0000)]
  0x000000005a25f800 JavaThread "jar transforms Thread 28" [_thread_blocked, id=8504, stack(0x0000000066a50000,0x0000000066b50000)]
  0x000000005a25e800 JavaThread "jar transforms Thread 27" [_thread_blocked, id=9592, stack(0x0000000066630000,0x0000000066730000)]
  0x000000005a25e000 JavaThread "jar transforms Thread 26" [_thread_blocked, id=7432, stack(0x0000000066950000,0x0000000066a50000)]
  0x000000005a25d000 JavaThread "jar transforms Thread 25" [_thread_blocked, id=9692, stack(0x0000000066730000,0x0000000066830000)]
  0x000000005a25c800 JavaThread "jar transforms Thread 24" [_thread_blocked, id=9620, stack(0x0000000065a70000,0x0000000065b70000)]
  0x000000005ac9b000 JavaThread "jar transforms Thread 23" [_thread_blocked, id=9708, stack(0x0000000066530000,0x0000000066630000)]
  0x000000005ac9a800 JavaThread "jar transforms Thread 22" [_thread_blocked, id=9700, stack(0x00000000662e0000,0x00000000663e0000)]
  0x000000005ac99800 JavaThread "jar transforms Thread 21" [_thread_blocked, id=9696, stack(0x0000000066120000,0x0000000066220000)]
  0x000000005ac99000 JavaThread "jar transforms Thread 20" [_thread_blocked, id=9704, stack(0x0000000065f30000,0x0000000066030000)]
  0x000000005ac98000 JavaThread "jar transforms Thread 19" [_thread_blocked, id=9712, stack(0x0000000065d30000,0x0000000065e30000)]
  0x000000005ac97800 JavaThread "jar transforms Thread 18" [_thread_blocked, id=7888, stack(0x0000000065b70000,0x0000000065c70000)]
  0x000000005ac96800 JavaThread "jar transforms Thread 17" [_thread_blocked, id=9648, stack(0x0000000065370000,0x0000000065470000)]
  0x000000005ac96000 JavaThread "jar transforms Thread 16" [_thread_blocked, id=9564, stack(0x0000000065950000,0x0000000065a50000)]
  0x000000005ac95000 JavaThread "jar transforms Thread 15" [_thread_blocked, id=9572, stack(0x0000000065760000,0x0000000065860000)]
  0x000000005ac94800 JavaThread "jar transforms Thread 14" [_thread_blocked, id=9320, stack(0x00000000655b0000,0x00000000656b0000)]
  0x000000005a139800 JavaThread "jar transforms Thread 13" [_thread_blocked, id=7696, stack(0x0000000065480000,0x0000000065580000)]
  0x000000005a138800 JavaThread "jar transforms Thread 12" [_thread_blocked, id=9556, stack(0x0000000065270000,0x0000000065370000)]
  0x000000005a138000 JavaThread "jar transforms Thread 11" [_thread_blocked, id=9576, stack(0x0000000065020000,0x0000000065120000)]
  0x000000005a137000 JavaThread "jar transforms Thread 10" [_thread_blocked, id=9580, stack(0x0000000065160000,0x0000000065260000)]
  0x000000005a136800 JavaThread "jar transforms Thread 9" [_thread_blocked, id=9344, stack(0x000000005d8c0000,0x000000005d9c0000)]
  0x000000005a135800 JavaThread "jar transforms Thread 8" [_thread_blocked, id=7844, stack(0x0000000064d90000,0x0000000064e90000)]
  0x000000005a135000 JavaThread "jar transforms Thread 7" [_thread_blocked, id=10056, stack(0x0000000064280000,0x0000000064380000)]
  0x000000005a134000 JavaThread "jar transforms Thread 6" [_thread_blocked, id=9568, stack(0x0000000064e90000,0x0000000064f90000)]
  0x000000005a133000 JavaThread "jar transforms Thread 5" [_thread_blocked, id=2456, stack(0x0000000064c40000,0x0000000064d40000)]
  0x000000005a132800 JavaThread "jar transforms Thread 4" [_thread_blocked, id=7336, stack(0x0000000064b20000,0x0000000064c20000)]
  0x000000005c1be800 JavaThread "jar transforms Thread 3" [_thread_blocked, id=8548, stack(0x0000000064970000,0x0000000064a70000)]
  0x000000005c1bd800 JavaThread "jar transforms Thread 2" [_thread_blocked, id=10060, stack(0x0000000064850000,0x0000000064950000)]
  0x000000005c1bd000 JavaThread "Build operations Thread 4" [_thread_blocked, id=9340, stack(0x0000000064690000,0x0000000064790000)]
  0x000000005c1bc000 JavaThread "Build operations Thread 3" [_thread_blocked, id=4264, stack(0x00000000644a0000,0x00000000645a0000)]
  0x000000005c1bb800 JavaThread "Build operations Thread 2" [_thread_blocked, id=6140, stack(0x0000000064380000,0x0000000064480000)]
  0x000000005c1ba800 JavaThread "Build operations" [_thread_blocked, id=9264, stack(0x0000000061ef0000,0x0000000061ff0000)]
  0x000000005c1b5800 JavaThread "Cache worker for file content cache (C:\Users\Reginleif\.gradle\caches\6.5\fileContent)" [_thread_blocked, id=6208, stack(0x00000000632e0000,0x00000000633e0000)]
  0x000000005c1b4800 JavaThread "jar transforms" [_thread_blocked, id=6792, stack(0x0000000060860000,0x0000000060960000)]
  0x000000005c1b4000 JavaThread "Cache worker for execution history cache (C:\Users\Reginleif\.gradle\caches\6.5\executionHistory)" [_thread_blocked, id=10232, stack(0x00000000609b0000,0x0000000060ab0000)]
  0x000000005c1b3000 JavaThread "Cache worker for cache directory md-rule (C:\Users\Reginleif\.gradle\caches\6.5\md-rule)" [_thread_blocked, id=10228, stack(0x0000000060610000,0x0000000060710000)]
  0x000000005c1b2800 JavaThread "Cache worker for cache directory md-supplier (C:\Users\Reginleif\.gradle\caches\6.5\md-supplier)" [_thread_blocked, id=10224, stack(0x000000005dcc0000,0x000000005ddc0000)]
  0x000000005c1b1800 JavaThread "Cache worker for checksums cache (C:\Users\Reginleif\Desktop\knowledge_base\labs_tasks\rpo-baltin-2021\fclient\.gradle\checksums)" [_thread_blocked, id=10220, stack(0x0000000060740000,0x0000000060840000)]
  0x000000005c1b1000 JavaThread "Cache worker for file hash cache (C:\Users\Reginleif\Desktop\knowledge_base\labs_tasks\rpo-baltin-2021\fclient\.gradle\6.5\fileHashes)" [_thread_blocked, id=10216, stack(0x0000000061ff0000,0x00000000620f0000)]
  0x000000005c1b0000 JavaThread "Cache worker for file hash cache (C:\Users\Reginleif\.gradle\caches\6.5\fileHashes)" [_thread_blocked, id=10212, stack(0x000000005df30000,0x000000005e030000)]
  0x000000005c1af800 JavaThread "File lock request listener" [_thread_in_native, id=10204, stack(0x000000005d670000,0x000000005d770000)]
  0x000000005c08c000 JavaThread "Cache worker for journal cache (C:\Users\Reginleif\.gradle\caches\journal-1)" [_thread_blocked, id=10196, stack(0x000000005ddc0000,0x000000005dec0000)]
  0x000000005becd000 JavaThread "Thread-9" [_thread_blocked, id=10176, stack(0x000000005d9c0000,0x000000005dac0000)]
  0x000000005becc000 JavaThread "Stdin handler" [_thread_blocked, id=10172, stack(0x000000005d790000,0x000000005d890000)]
  0x000000005bedd800 JavaThread "Asynchronous log dispatcher for DefaultDaemonConnection: socket connection from /127.0.0.1:49639 to /127.0.0.1:49640" [_thread_blocked, id=10140, stack(0x000000005d550000,0x000000005d650000)]
  0x000000005bedb800 JavaThread "Daemon worker" [_thread_in_Java, id=10080, stack(0x000000005d220000,0x000000005d320000)]
  0x000000005be7a000 JavaThread "Cancel handler" [_thread_blocked, id=10084, stack(0x000000005d370000,0x000000005d470000)]
  0x000000005be5a000 JavaThread "Handler for socket connection from /127.0.0.1:49639 to /127.0.0.1:49640" [_thread_in_native, id=10064, stack(0x000000005d0e0000,0x000000005d1e0000)]
  0x000000005be59000 JavaThread "Daemon" [_thread_blocked, id=10072, stack(0x000000005b4f0000,0x000000005b5f0000)]
  0x000000005be3d800 JavaThread "Daemon periodic checks" [_thread_blocked, id=10048, stack(0x000000005cd10000,0x000000005ce10000)]
  0x000000005be30000 JavaThread "Incoming local TCP Connector on port 49639" [_thread_in_native, id=9596, stack(0x000000005cb30000,0x000000005cc30000)]
  0x000000005bd73000 JavaThread "Daemon health stats" [_thread_blocked, id=10024, stack(0x000000005b2d0000,0x000000005b3d0000)]
  0x00000000589cb800 JavaThread "Service Thread" daemon [_thread_blocked, id=10016, stack(0x0000000059210000,0x0000000059310000)]
  0x0000000058953000 JavaThread "C1 CompilerThread2" daemon [_thread_blocked, id=10012, stack(0x0000000058fd0000,0x00000000590d0000)]
=>0x000000005894e800 JavaThread "C2 CompilerThread1" daemon [_thread_in_native, id=10008, stack(0x0000000059450000,0x0000000059550000)]
  0x000000005762c800 JavaThread "C2 CompilerThread0" daemon [_thread_in_native, id=10004, stack(0x0000000059310000,0x0000000059410000)]
  0x0000000058949800 JavaThread "Attach Listener" daemon [_thread_blocked, id=10000, stack(0x0000000059100000,0x0000000059200000)]
  0x0000000058948800 JavaThread "Signal Dispatcher" daemon [_thread_blocked, id=9996, stack(0x0000000058e90000,0x0000000058f90000)]
  0x000000005760f000 JavaThread "Finalizer" daemon [_thread_blocked, id=9992, stack(0x0000000058590000,0x0000000058690000)]
  0x0000000057608000 JavaThread "Reference Handler" daemon [_thread_blocked, id=9988, stack(0x0000000058840000,0x0000000058940000)]
  0x000000000225f000 JavaThread "main" [_thread_blocked, id=9964, stack(0x00000000025a0000,0x00000000026a0000)]

Other Threads:
  0x00000000575c0800 VMThread [stack: 0x00000000586b0000,0x00000000587b0000] [id=9984]
  0x00000000589cd800 WatcherThread [stack: 0x00000000596c0000,0x00000000597c0000] [id=10020]

VM state:not at safepoint (normal execution)

VM Mutex/Monitor currently owned by a thread: None

heap address: 0x0000000080000000, size: 2048 MB, Compressed Oops mode: 32-bit
Narrow klass base: 0x0000000000000000, Narrow klass shift: 0
Compressed class space size: 1073741824 Address: 0x0000000016c30000

Heap:
 PSYoungGen      total 203264K, used 25363K [0x00000000d5580000, 0x00000000e4080000, 0x0000000100000000)
  eden space 188928K, 13% used [0x00000000d5580000,0x00000000d6e44ca0,0x00000000e0e00000)
  from space 14336K, 0% used [0x00000000e2480000,0x00000000e2480000,0x00000000e3280000)
  to   space 9216K, 0% used [0x00000000e3780000,0x00000000e3780000,0x00000000e4080000)
 ParOldGen       total 74752K, used 39378K [0x0000000080000000, 0x0000000084900000, 0x00000000d5580000)
  object space 74752K, 52% used [0x0000000080000000,0x0000000082674be8,0x0000000084900000)
 Metaspace       used 56904K, capacity 59160K, committed 59304K, reserved 1101824K
  class space    used 7791K, capacity 8279K, committed 8360K, reserved 1048576K

Card table byte_map: [0x0000000011d30000,0x0000000012140000] byte_map_base: 0x0000000011930000

Marking Bits: (ParMarkBitMap*) 0x0000000063ddf030
 Begin Bits: [0x0000000012830000, 0x0000000014830000)
 End Bits:   [0x0000000014830000, 0x0000000016830000)

Polling page: 0x0000000000230000

CodeCache: size=245760Kb used=15937Kb max_used=15937Kb free=229822Kb
 bounds [0x0000000002970000, 0x0000000003910000, 0x0000000011970000]
 total_blobs=5451 nmethods=4683 adapters=681
 compilation: enabled

Compilation events (10 events):
Event: 11.664 Thread 0x0000000058953000 5115       3       org.gradle.api.internal.model.DefaultObjectFactory::directoryProperty (10 bytes)
Event: 11.664 Thread 0x0000000058953000 nmethod 5115 0x0000000003909490 code [0x0000000003909620, 0x00000000039099e8]
Event: 11.676 Thread 0x0000000058953000 5116   !   3       org.gradle.internal.operations.DefaultBuildOperationExecutor::maybeStopUnmanagedThreadOperation (74 bytes)
Event: 11.677 Thread 0x0000000058953000 nmethod 5116 0x0000000003909bd0 code [0x0000000003909e80, 0x000000000390b408]
Event: 11.678 Thread 0x0000000058953000 5117       3       org.gradle.api.internal.provider.Collectors$TypedCollector::isProvidedBy (32 bytes)
Event: 11.678 Thread 0x0000000058953000 nmethod 5117 0x000000000390bf90 code [0x000000000390c120, 0x000000000390c5c8]
Event: 11.678 Thread 0x0000000058953000 5118       3       org.gradle.api.internal.provider.Collectors$ElementFromProvider::isProvidedBy (9 bytes)
Event: 11.679 Thread 0x0000000058953000 nmethod 5118 0x000000000390c690 code [0x000000000390c800, 0x000000000390cb48]
Event: 11.687 Thread 0x0000000058953000 5119       3       org.gradle.api.internal.file.AbstractFileCollection::<init> (10 bytes)
Event: 11.687 Thread 0x0000000058953000 nmethod 5119 0x000000000390cc50 code [0x000000000390cda0, 0x000000000390cf70]

GC Heap History (10 events):
Event: 6.476 GC heap before
{Heap before GC invocations=8 (full 1):
 PSYoungGen      total 121856K, used 34897K [0x00000000d5580000, 0x00000000e4d80000, 0x0000000100000000)
  eden space 116736K, 25% used [0x00000000d5580000,0x00000000d7294678,0x00000000dc780000)
  from space 5120K, 100% used [0x00000000dd680000,0x00000000ddb80000,0x00000000ddb80000)
  to   space 15360K, 0% used [0x00000000dc780000,0x00000000dc780000,0x00000000dd680000)
 ParOldGen       total 57344K, used 20763K [0x0000000080000000, 0x0000000083800000, 0x00000000d5580000)
  object space 57344K, 36% used [0x0000000080000000,0x0000000081446c78,0x0000000083800000)
 Metaspace       used 34255K, capacity 35344K, committed 35496K, reserved 1079296K
  class space    used 4679K, capacity 4937K, committed 5032K, reserved 1048576K
Event: 6.537 GC heap after
Heap after GC invocations=8 (full 1):
 PSYoungGen      total 132096K, used 7091K [0x00000000d5580000, 0x00000000e4580000, 0x0000000100000000)
  eden space 116736K, 0% used [0x00000000d5580000,0x00000000d5580000,0x00000000dc780000)
  from space 15360K, 46% used [0x00000000dc780000,0x00000000dce6cf40,0x00000000dd680000)
  to   space 14336K, 0% used [0x00000000e3780000,0x00000000e3780000,0x00000000e4580000)
 ParOldGen       total 57344K, used 20763K [0x0000000080000000, 0x0000000083800000, 0x00000000d5580000)
  object space 57344K, 36% used [0x0000000080000000,0x0000000081446c78,0x0000000083800000)
 Metaspace       used 34255K, capacity 35344K, committed 35496K, reserved 1079296K
  class space    used 4679K, capacity 4937K, committed 5032K, reserved 1048576K
}
Event: 6.537 GC heap before
{Heap before GC invocations=9 (full 2):
 PSYoungGen      total 132096K, used 7091K [0x00000000d5580000, 0x00000000e4580000, 0x0000000100000000)
  eden space 116736K, 0% used [0x00000000d5580000,0x00000000d5580000,0x00000000dc780000)
  from space 15360K, 46% used [0x00000000dc780000,0x00000000dce6cf40,0x00000000dd680000)
  to   space 14336K, 0% used [0x00000000e3780000,0x00000000e3780000,0x00000000e4580000)
 ParOldGen       total 57344K, used 20763K [0x0000000080000000, 0x0000000083800000, 0x00000000d5580000)
  object space 57344K, 36% used [0x0000000080000000,0x0000000081446c78,0x0000000083800000)
 Metaspace       used 34255K, capacity 35344K, committed 35496K, reserved 1079296K
  class space    used 4679K, capacity 4937K, committed 5032K, reserved 1048576K
Event: 6.646 GC heap after
Heap after GC invocations=9 (full 2):
 PSYoungGen      total 132096K, used 0K [0x00000000d5580000, 0x00000000e4580000, 0x0000000100000000)
  eden space 116736K, 0% used [0x00000000d5580000,0x00000000d5580000,0x00000000dc780000)
  from space 15360K, 0% used [0x00000000dc780000,0x00000000dc780000,0x00000000dd680000)
  to   space 14336K, 0% used [0x00000000e3780000,0x00000000e3780000,0x00000000e4580000)
 ParOldGen       total 74752K, used 14484K [0x0000000080000000, 0x0000000084900000, 0x00000000d5580000)
  object space 74752K, 19% used [0x0000000080000000,0x0000000080e25140,0x0000000084900000)
 Metaspace       used 34255K, capacity 35344K, committed 35496K, reserved 1079296K
  class space    used 4679K, capacity 4937K, committed 5032K, reserved 1048576K
}
Event: 8.048 GC heap before
{Heap before GC invocations=10 (full 2):
 PSYoungGen      total 132096K, used 116736K [0x00000000d5580000, 0x00000000e4580000, 0x0000000100000000)
  eden space 116736K, 100% used [0x00000000d5580000,0x00000000dc780000,0x00000000dc780000)
  from space 15360K, 0% used [0x00000000dc780000,0x00000000dc780000,0x00000000dd680000)
  to   space 14336K, 0% used [0x00000000e3780000,0x00000000e3780000,0x00000000e4580000)
 ParOldGen       total 74752K, used 14484K [0x0000000080000000, 0x0000000084900000, 0x00000000d5580000)
  object space 74752K, 19% used [0x0000000080000000,0x0000000080e25140,0x0000000084900000)
 Metaspace       used 38801K, capacity 40450K, committed 40488K, reserved 1083392K
  class space    used 5315K, capacity 5639K, committed 5672K, reserved 1048576K
Event: 8.062 GC heap after
Heap after GC invocations=10 (full 2):
 PSYoungGen      total 198144K, used 8783K [0x00000000d5580000, 0x00000000e4080000, 0x0000000100000000)
  eden space 188928K, 0% used [0x00000000d5580000,0x00000000d5580000,0x00000000e0e00000)
  from space 9216K, 95% used [0x00000000e3780000,0x00000000e4013f18,0x00000000e4080000)
  to   space 14336K, 0% used [0x00000000e2480000,0x00000000e2480000,0x00000000e3280000)
 ParOldGen       total 74752K, used 14492K [0x0000000080000000, 0x0000000084900000, 0x00000000d5580000)
  object space 74752K, 19% used [0x0000000080000000,0x0000000080e27140,0x0000000084900000)
 Metaspace       used 38801K, capacity 40450K, committed 40488K, reserved 1083392K
  class space    used 5315K, capacity 5639K, committed 5672K, reserved 1048576K
}
Event: 11.007 GC heap before
{Heap before GC invocations=11 (full 2):
 PSYoungGen      total 198144K, used 188779K [0x00000000d5580000, 0x00000000e4080000, 0x0000000100000000)
  eden space 188928K, 95% used [0x00000000d5580000,0x00000000e0546e68,0x00000000e0e00000)
  from space 9216K, 95% used [0x00000000e3780000,0x00000000e4013f18,0x00000000e4080000)
  to   space 14336K, 0% used [0x00000000e2480000,0x00000000e2480000,0x00000000e3280000)
 ParOldGen       total 74752K, used 14492K [0x0000000080000000, 0x0000000084900000, 0x00000000d5580000)
  object space 74752K, 19% used [0x0000000080000000,0x0000000080e27140,0x0000000084900000)
 Metaspace       used 55752K, capacity 57916K, committed 58024K, reserved 1103872K
  class space    used 7581K, capacity 8031K, committed 8104K, reserved 1048576K
Event: 11.060 GC heap after
Heap after GC invocations=11 (full 2):
 PSYoungGen      total 203264K, used 14332K [0x00000000d5580000, 0x00000000e4080000, 0x0000000100000000)
  eden space 188928K, 0% used [0x00000000d5580000,0x00000000d5580000,0x00000000e0e00000)
  from space 14336K, 99% used [0x00000000e2480000,0x00000000e327f320,0x00000000e3280000)
  to   space 9216K, 0% used [0x00000000e3780000,0x00000000e3780000,0x00000000e4080000)
 ParOldGen       total 74752K, used 27787K [0x0000000080000000, 0x0000000084900000, 0x00000000d5580000)
  object space 74752K, 37% used [0x0000000080000000,0x0000000081b22fb8,0x0000000084900000)
 Metaspace       used 55752K, capacity 57916K, committed 58024K, reserved 1103872K
  class space    used 7581K, capacity 8031K, committed 8104K, reserved 1048576K
}
Event: 11.060 GC heap before
{Heap before GC invocations=12 (full 3):
 PSYoungGen      total 203264K, used 14332K [0x00000000d5580000, 0x00000000e4080000, 0x0000000100000000)
  eden space 188928K, 0% used [0x00000000d5580000,0x00000000d5580000,0x00000000e0e00000)
  from space 14336K, 99% used [0x00000000e2480000,0x00000000e327f320,0x00000000e3280000)
  to   space 9216K, 0% used [0x00000000e3780000,0x00000000e3780000,0x00000000e4080000)
 ParOldGen       total 74752K, used 27787K [0x0000000080000000, 0x0000000084900000, 0x00000000d5580000)
  object space 74752K, 37% used [0x0000000080000000,0x0000000081b22fb8,0x0000000084900000)
 Metaspace       used 55752K, capacity 57916K, committed 58024K, reserved 1103872K
  class space    used 7581K, capacity 8031K, committed 8104K, reserved 1048576K
Event: 11.333 GC heap after
Heap after GC invocations=12 (full 3):
 PSYoungGen      total 203264K, used 0K [0x00000000d5580000, 0x00000000e4080000, 0x0000000100000000)
  eden space 188928K, 0% used [0x00000000d5580000,0x00000000d5580000,0x00000000e0e00000)
  from space 14336K, 0% used [0x00000000e2480000,0x00000000e2480000,0x00000000e3280000)
  to   space 9216K, 0% used [0x00000000e3780000,0x00000000e3780000,0x00000000e4080000)
 ParOldGen       total 74752K, used 39378K [0x0000000080000000, 0x0000000084900000, 0x00000000d5580000)
  object space 74752K, 52% used [0x0000000080000000,0x0000000082674be8,0x0000000084900000)
 Metaspace       used 55737K, capacity 57868K, committed 58024K, reserved 1101824K
  class space    used 7577K, capacity 8023K, committed 8104K, reserved 1048576K
}

Deoptimization events (10 events):
Event: 10.897 Thread 0x000000005bedb800 Uncommon trap: reason=unstable_if action=reinterpret pc=0x0000000002c43460 method=sun.misc.MetaIndex.mayContain(Ljava/lang/String;)Z @ 38
Event: 10.899 Thread 0x000000005bedb800 Uncommon trap: reason=unstable_if action=reinterpret pc=0x0000000002baa1c8 method=java.security.CodeSource.hashCode()I @ 4
Event: 10.899 Thread 0x000000005bedb800 Uncommon trap: reason=unstable_if action=reinterpret pc=0x0000000002b06e3c method=java.security.CodeSource.hashCode()I @ 4
Event: 11.558 Thread 0x000000005bedb800 Uncommon trap: reason=unstable_if action=reinterpret pc=0x0000000002c59b90 method=org.objectweb.asm.ByteVector.putInt(I)Lorg/objectweb/asm/ByteVector; @ 13
Event: 11.584 Thread 0x000000005bedb800 Uncommon trap: reason=unstable_if action=reinterpret pc=0x0000000002cac0bc method=java.util.HashMap.resize()[Ljava/util/HashMap$Node; @ 206
Event: 11.584 Thread 0x000000005bedb800 Uncommon trap: reason=unstable_if action=reinterpret pc=0x00000000036560f8 method=java.util.HashMap.getNode(ILjava/lang/Object;)Ljava/util/HashMap$Node; @ 84
Event: 11.584 Thread 0x000000005bedb800 Uncommon trap: reason=unstable_if action=reinterpret pc=0x0000000003799ddc method=java.util.HashMap.getNode(ILjava/lang/Object;)Ljava/util/HashMap$Node; @ 84
Event: 11.584 Thread 0x000000005bedb800 Uncommon trap: reason=unstable_if action=reinterpret pc=0x0000000002f5cd14 method=java.util.HashMap.getNode(ILjava/lang/Object;)Ljava/util/HashMap$Node; @ 84
Event: 11.620 Thread 0x000000005bedb800 Uncommon trap: reason=unstable_if action=reinterpret pc=0x0000000003402680 method=java.io.WinNTFileSystem.normalize(Ljava/lang/String;)Ljava/lang/String; @ 74
Event: 11.620 Thread 0x000000005bedb800 Uncommon trap: reason=unstable_if action=reinterpret pc=0x0000000003171a24 method=java.io.WinNTFileSystem.normalize(Ljava/lang/String;II)Ljava/lang/String; @ 103

Classes redefined (0 events):
No events

Internal exceptions (10 events):
Event: 10.609 Thread 0x000000005bedb800 Exception <a 'sun/nio/fs/WindowsException'> (0x00000000df0e9bd0) thrown at [C:\src\AOSP-openjdk-git\hotspot\src\share\vm\prims\jni.cpp, line 710]
Event: 10.898 Thread 0x000000005bedb800 Implicit null exception at 0x0000000002ba977c to 0x0000000002baa191
Event: 10.899 Thread 0x000000005bedb800 Implicit null exception at 0x0000000002b06b45 to 0x0000000002b06e2d
Event: 11.451 Thread 0x000000005bedb800 Exception <a 'java/lang/ClassNotFoundException': com/android/build/gradle/internal/api/ApkVariantOutputImpl_DecoratedBeanInfo> (0x00000000d5cdb6f0) thrown at [C:\src\AOSP-openjdk-git\hotspot\src\share\vm\classfile\systemDictionary.cpp, line 210]
Event: 11.451 Thread 0x000000005bedb800 Exception <a 'java/lang/ClassNotFoundException': com/android/build/gradle/internal/api/ApkVariantOutputImplBeanInfo> (0x00000000d5cf8920) thrown at [C:\src\AOSP-openjdk-git\hotspot\src\share\vm\classfile\systemDictionary.cpp, line 210]
Event: 11.452 Thread 0x000000005bedb800 Exception <a 'java/lang/ClassNotFoundException': com/android/build/gradle/internal/api/BaseVariantOutputImplBeanInfo> (0x00000000d5d16d58) thrown at [C:\src\AOSP-openjdk-git\hotspot\src\share\vm\classfile\systemDictionary.cpp, line 210]
Event: 11.452 Thread 0x000000005bedb800 Exception <a 'java/lang/ClassNotFoundException': com/android/build/gradle/internal/api/BaseVariantOutputImplCustomizer> (0x00000000d5d356f0) thrown at [C:\src\AOSP-openjdk-git\hotspot\src\share\vm\classfile\systemDictionary.cpp, line 210]
Event: 11.453 Thread 0x000000005bedb800 Exception <a 'java/lang/ClassNotFoundException': com/android/build/gradle/internal/api/ApkVariantOutputImplCustomizer> (0x00000000d5d6de98) thrown at [C:\src\AOSP-openjdk-git\hotspot\src\share\vm\classfile\systemDictionary.cpp, line 210]
Event: 11.455 Thread 0x000000005bedb800 Exception <a 'java/lang/ClassNotFoundException': com/android/build/gradle/internal/api/ApkVariantOutputImpl_DecoratedCustomizer> (0x00000000d5da1c38) thrown at [C:\src\AOSP-openjdk-git\hotspot\src\share\vm\classfile\systemDictionary.cpp, line 210]
Event: 11.679 Thread 0x000000005bedb800 Exception <a 'java/lang/NoSuchMethodError': java.lang.Object.lambda$static$0(Lorg/gradle/api/internal/tasks/TaskDependencyResolveContext;)V> (0x00000000d6c96890) thrown at [C:\src\AOSP-openjdk-git\hotspot\src\share\vm\interpreter\linkResolver.cpp, line 62

Events (10 events):
Event: 11.682 loading class org/gradle/api/tasks/SkipWhenEmpty
Event: 11.682 loading class org/gradle/api/tasks/SkipWhenEmpty done
Event: 11.687 loading class com/android/build/gradle/internal/tasks/MergeNativeDebugMetadataTask$Companion$WhenMappings
Event: 11.687 loading class com/android/build/gradle/internal/tasks/MergeNativeDebugMetadataTask$Companion$WhenMappings done
Event: 11.688 loading class org/gradle/api/internal/provider/ValueSupplier$NoProducer
Event: 11.688 loading class org/gradle/api/internal/provider/ValueSupplier$NoProducer done
Event: 11.689 loading class org/gradle/api/internal/provider/ValueSupplier$UnknownProducer
Event: 11.689 loading class org/gradle/api/internal/provider/ValueSupplier$UnknownProducer done
Event: 11.689 loading class org/gradle/api/internal/provider/ValueSupplier$TaskProducer
Event: 11.689 loading class org/gradle/api/internal/provider/ValueSupplier$TaskProducer done


Dynamic libraries:
0x000000013fe70000 - 0x000000013fea1000 	C:\Program Files\Android\Android Studio\jre\bin\java.exe
0x0000000076ee0000 - 0x000000007707f000 	C:\Windows\SYSTEM32\ntdll.dll
0x0000000076cc0000 - 0x0000000076ddf000 	C:\Windows\system32\kernel32.dll
0x000007fefcd80000 - 0x000007fefcde7000 	C:\Windows\system32\KERNELBASE.dll
0x000007fefd920000 - 0x000007fefd9fb000 	C:\Windows\system32\ADVAPI32.dll
0x000007fefeed0000 - 0x000007fefef6f000 	C:\Windows\system32\msvcrt.dll
0x000007fefda60000 - 0x000007fefda7f000 	C:\Windows\SYSTEM32\sechost.dll
0x000007fefd5c0000 - 0x000007fefd6ec000 	C:\Windows\system32\RPCRT4.dll
0x0000000076de0000 - 0x0000000076edb000 	C:\Windows\system32\USER32.dll
0x000007fefdd50000 - 0x000007fefddb7000 	C:\Windows\system32\GDI32.dll
0x000007fefcdf0000 - 0x000007fefcdfe000 	C:\Windows\system32\LPK.dll
0x000007fefef70000 - 0x000007feff03b000 	C:\Windows\system32\USP10.dll
0x000007fefc260000 - 0x000007fefc455000 	C:\Windows\WinSxS\amd64_microsoft.windows.common-controls_6595b64144ccf1df_6.0.7601.24483_none_e372d88f30fbb845\COMCTL32.dll
0x000007fefee50000 - 0x000007fefeec1000 	C:\Windows\system32\SHLWAPI.dll
0x000007fefd7c0000 - 0x000007fefd7ee000 	C:\Windows\system32\IMM32.DLL
0x000007fefd2b0000 - 0x000007fefd3bb000 	C:\Windows\system32\MSCTF.dll
0x000000005ba60000 - 0x000000005bb32000 	C:\Program Files\Android\Android Studio\jre\jre\bin\msvcr100.dll
0x0000000063610000 - 0x0000000063e5b000 	C:\Program Files\Android\Android Studio\jre\jre\bin\server\jvm.dll
0x000007fef8230000 - 0x000007fef8239000 	C:\Windows\system32\WSOCK32.dll
0x000007fefd7f0000 - 0x000007fefd83d000 	C:\Windows\system32\WS2_32.dll
0x000007fefd6f0000 - 0x000007fefd6f8000 	C:\Windows\system32\NSI.dll
0x000007fef9dc0000 - 0x000007fef9dfb000 	C:\Windows\system32\WINMM.dll
0x000007fefb420000 - 0x000007fefb42c000 	C:\Windows\system32\VERSION.dll
0x0000000077080000 - 0x0000000077087000 	C:\Windows\system32\PSAPI.DLL
0x000007fee9130000 - 0x000007fee913f000 	C:\Program Files\Android\Android Studio\jre\jre\bin\verify.dll
0x000007fee9100000 - 0x000007fee9129000 	C:\Program Files\Android\Android Studio\jre\jre\bin\java.dll
0x000007fedbaf0000 - 0x000007fedbb06000 	C:\Program Files\Android\Android Studio\jre\jre\bin\zip.dll
0x000007fefde40000 - 0x000007fefebcb000 	C:\Windows\system32\SHELL32.dll
0x000007fefd3c0000 - 0x000007fefd5bf000 	C:\Windows\system32\ole32.dll
0x000007fefca30000 - 0x000007fefca3f000 	C:\Windows\system32\profapi.dll
0x000007fedbad0000 - 0x000007fedbaea000 	C:\Program Files\Android\Android Studio\jre\jre\bin\net.dll
0x000007fefbeb0000 - 0x000007fefbf05000 	C:\Windows\system32\mswsock.dll
0x000007fefbea0000 - 0x000007fefbea7000 	C:\Windows\System32\wship6.dll
0x000007fedbab0000 - 0x000007fedbac3000 	C:\Program Files\Android\Android Studio\jre\jre\bin\nio.dll
0x000007fed3890000 - 0x000007fed38b7000 	C:\Users\Reginleif\.gradle\native\f6784746aeab05261644944871eae4fe03e0ef1612fff0a4a95f87b438bc6780\windows-amd64\native-platform.dll
0x000007fefb7d0000 - 0x000007fefb7d3000 	C:\Windows\system32\api-ms-win-core-synch-l1-2-0.DLL
0x000007fee90f0000 - 0x000007fee90fd000 	C:\Program Files\Android\Android Studio\jre\jre\bin\management.dll
0x000007fefbf10000 - 0x000007fefbf28000 	C:\Windows\system32\CRYPTSP.dll
0x000007fefbc10000 - 0x000007fefbc57000 	C:\Windows\system32\rsaenh.dll
0x000007fefcaa0000 - 0x000007fefcabf000 	C:\Windows\system32\USERENV.dll
0x000007fefc8d0000 - 0x000007fefc8df000 	C:\Windows\system32\CRYPTBASE.dll
0x000007fef9af0000 - 0x000007fef9b17000 	C:\Windows\system32\IPHLPAPI.DLL
0x000007fef9ae0000 - 0x000007fef9aeb000 	C:\Windows\system32\WINNSI.DLL
0x000007fef8340000 - 0x000007fef8351000 	C:\Windows\system32\dhcpcsvc6.DLL
0x000007fef89f0000 - 0x000007fef8a08000 	C:\Windows\system32\dhcpcsvc.DLL

VM Arguments:
jvm_args: -Xmx2048m -Dfile.encoding=UTF-8 -Duser.country=US -Duser.language=en -Duser.variant 
java_command: org.gradle.launcher.daemon.bootstrap.GradleDaemon 6.5
java_class_path (initial): C:\Users\Reginleif\.gradle\wrapper\dists\gradle-6.5-bin\6nifqtx7604sqp1q6g8wikw7p\gradle-6.5\lib\gradle-launcher-6.5.jar
Launcher Type: SUN_STANDARD

Environment Variables:
JAVA_HOME=C:\Program Files\Java\jdk1.8.0_261
USERNAME=Reginleif
OS=Windows_NT
PROCESSOR_IDENTIFIER=Intel64 Family 6 Model 58 Stepping 9, GenuineIntel



---------------  S Y S T E M  ---------------

OS: Windows 7 , 64 bit Build 7601 (6.1.7601.24545)

CPU:total 4 (initial active 4) (2 cores per cpu, 2 threads per core) family 6 model 58 stepping 9, cmov, cx8, fxsr, mmx, sse, sse2, sse3, ssse3, sse4.1, sse4.2, popcnt, avx, aes, clmul, erms, ht, tsc, tscinvbit, tscinv

Memory: 4k page, physical 8059016k(945032k free), swap 9105692k(6212k free)

vm_info: OpenJDK 64-Bit Server VM (25.242-b01) for windows-amd64 JRE (1.8.0_242-release-1644-b01), built by "builder" with MS VC++ 10.0 (VS2010)

time: Fri Jun 18 01:21:34 2021
timezone: Russia TZ 2 Standard Time
elapsed time: 11 seconds (0d 0h 0m 11s)

