#
# There is insufficient memory for the Java Runtime Environment to continue.
# Native memory allocation (malloc) failed to allocate 833296 bytes for Chunk::new
# Possible reasons:
#   The system is out of physical RAM or swap space
#   The process is running with CompressedOops enabled, and the Java Heap may be blocking the growth of the native heap
# Possible solutions:
#   Reduce memory load on the system
#   Increase physical memory or swap space
#   Check if swap backing store is full
#   Decrease Java heap size (-Xmx/-Xms)
#   Decrease number of Java threads
#   Decrease Java thread stack sizes (-Xss)
#   Set larger code cache with -XX:ReservedCodeCacheSize=
#   JVM is running with Unscaled Compressed Oops mode in which the Java heap is
#     placed in the first 4GB address space. The Java Heap base address is the
#     maximum limit for the native heap growth. Please use -XX:HeapBaseMinAddress
#     to set the Java Heap base and to place the Java Heap above 4GB virtual address.
# This output file may be truncated or incomplete.
#
#  Out of Memory Error (allocation.cpp:389), pid=10056, tid=0x00000000000027ac
#
# JRE version: OpenJDK Runtime Environment (8.0_242-b01) (build 1.8.0_242-release-1644-b01)
# Java VM: OpenJDK 64-Bit Server VM (25.242-b01 mixed mode windows-amd64 compressed oops)
# Failed to write core dump. Minidumps are not enabled by default on client versions of Windows
#

---------------  T H R E A D  ---------------

Current thread (0x000000005764a000):  JavaThread "C2 CompilerThread1" daemon [_thread_in_native, id=10156, stack(0x0000000059170000,0x0000000059270000)]

Stack: [0x0000000059170000,0x0000000059270000]
[error occurred during error reporting (printing stack bounds), id 0xc0000005]

Native frames: (J=compiled Java code, j=interpreted, Vv=VM code, C=native code)


Current CompileTask:
C2:  16129 4616   !   4       com.sun.beans.TypeResolver::resolve (274 bytes)


---------------  P R O C E S S  ---------------

Java Threads: ( => current thread )
  0x0000000061591800 JavaThread "Cache worker for Build Output Cleanup Cache (C:\Users\Reginleif\Desktop\knowledge_base\labs_tasks\rpo-baltin-2021\fclient\.gradle\buildOutputCleanup)" [_thread_blocked, id=9340, stack(0x000000006c550000,0x000000006c650000)]
  0x0000000061590800 JavaThread "jar transforms Thread 92" [_thread_blocked, id=4264, stack(0x000000006c0b0000,0x000000006c1b0000)]
  0x0000000061590000 JavaThread "jar transforms Thread 91" [_thread_blocked, id=6140, stack(0x000000006bf80000,0x000000006c080000)]
  0x000000006158f000 JavaThread "jar transforms Thread 90" [_thread_blocked, id=9264, stack(0x000000006bac0000,0x000000006bbc0000)]
  0x000000006158e800 JavaThread "jar transforms Thread 89" [_thread_blocked, id=6208, stack(0x000000006bda0000,0x000000006bea0000)]
  0x000000006158d800 JavaThread "jar transforms Thread 88" [_thread_blocked, id=6792, stack(0x000000006afc0000,0x000000006b0c0000)]
  0x000000006158d000 JavaThread "jar transforms Thread 87" [_thread_blocked, id=10232, stack(0x000000006bc10000,0x000000006bd10000)]
  0x000000006158c000 JavaThread "jar transforms Thread 86" [_thread_blocked, id=10228, stack(0x000000006b970000,0x000000006ba70000)]
  0x000000006158b000 JavaThread "jar transforms Thread 85" [_thread_blocked, id=10224, stack(0x0000000069f80000,0x000000006a080000)]
  0x000000005ed28000 JavaThread "jar transforms Thread 84" [_thread_blocked, id=10220, stack(0x000000006b7e0000,0x000000006b8e0000)]
  0x000000005ed27800 JavaThread "jar transforms Thread 83" [_thread_blocked, id=10216, stack(0x000000006a2e0000,0x000000006a3e0000)]
  0x000000005ed26800 JavaThread "jar transforms Thread 82" [_thread_blocked, id=10212, stack(0x000000006b630000,0x000000006b730000)]
  0x000000005ed26000 JavaThread "jar transforms Thread 81" [_thread_blocked, id=10204, stack(0x000000006b340000,0x000000006b440000)]
  0x000000005ed25000 JavaThread "jar transforms Thread 80" [_thread_blocked, id=10196, stack(0x000000006b440000,0x000000006b540000)]
  0x000000005ed24800 JavaThread "jar transforms Thread 79" [_thread_blocked, id=10176, stack(0x000000006b240000,0x000000006b340000)]
  0x000000005ed23800 JavaThread "jar transforms Thread 78" [_thread_blocked, id=10172, stack(0x000000006b0f0000,0x000000006b1f0000)]
  0x000000005ed23000 JavaThread "jar transforms Thread 77" [_thread_blocked, id=10140, stack(0x000000006aec0000,0x000000006afc0000)]
  0x000000005ed22000 JavaThread "jar transforms Thread 76" [_thread_blocked, id=10124, stack(0x000000006adb0000,0x000000006aeb0000)]
  0x000000005ed21800 JavaThread "jar transforms Thread 75" [_thread_blocked, id=10092, stack(0x000000006ac40000,0x000000006ad40000)]
  0x0000000060ae7000 JavaThread "jar transforms Thread 74" [_thread_blocked, id=10080, stack(0x000000006aa60000,0x000000006ab60000)]
  0x0000000060ae6800 JavaThread "jar transforms Thread 73" [_thread_blocked, id=10084, stack(0x000000006a8d0000,0x000000006a9d0000)]
  0x0000000060ae5800 JavaThread "jar transforms Thread 72" [_thread_blocked, id=10064, stack(0x000000006a7b0000,0x000000006a8b0000)]
  0x0000000060ae5000 JavaThread "jar transforms Thread 71" [_thread_blocked, id=10072, stack(0x000000006a5f0000,0x000000006a6f0000)]
  0x0000000060ae4000 JavaThread "jar transforms Thread 70" [_thread_blocked, id=10048, stack(0x000000006a400000,0x000000006a500000)]
  0x0000000060ae3800 JavaThread "jar transforms Thread 69" [_thread_blocked, id=9596, stack(0x000000006a1c0000,0x000000006a2c0000)]
  0x0000000060ae2800 JavaThread "jar transforms Thread 68" [_thread_blocked, id=9612, stack(0x0000000069d30000,0x0000000069e30000)]
  0x0000000060ae2000 JavaThread "jar transforms Thread 67" [_thread_blocked, id=10040, stack(0x000000006a0a0000,0x000000006a1a0000)]
  0x0000000060ae1000 JavaThread "jar transforms Thread 66" [_thread_blocked, id=10036, stack(0x0000000069e80000,0x0000000069f80000)]
  0x0000000060ae0800 JavaThread "jar transforms Thread 65" [_thread_blocked, id=10028, stack(0x0000000069940000,0x0000000069a40000)]
  0x0000000059edd800 JavaThread "jar transforms Thread 64" [_thread_blocked, id=10024, stack(0x0000000069be0000,0x0000000069ce0000)]
  0x0000000059edd000 JavaThread "jar transforms Thread 63" [_thread_blocked, id=10020, stack(0x0000000069a70000,0x0000000069b70000)]
  0x0000000059edc000 JavaThread "jar transforms Thread 62" [_thread_blocked, id=10016, stack(0x0000000069800000,0x0000000069900000)]
  0x0000000059edb800 JavaThread "jar transforms Thread 61" [_thread_blocked, id=10012, stack(0x00000000696c0000,0x00000000697c0000)]
  0x0000000059eda800 JavaThread "jar transforms Thread 60" [_thread_blocked, id=10008, stack(0x00000000695c0000,0x00000000696c0000)]
  0x0000000059eda000 JavaThread "jar transforms Thread 59" [_thread_blocked, id=10004, stack(0x0000000068d90000,0x0000000068e90000)]
  0x0000000059ed9000 JavaThread "jar transforms Thread 58" [_thread_blocked, id=10000, stack(0x0000000069440000,0x0000000069540000)]
  0x0000000059ed8800 JavaThread "jar transforms Thread 57" [_thread_blocked, id=9996, stack(0x0000000069320000,0x0000000069420000)]
  0x0000000059ed7800 JavaThread "jar transforms Thread 56" [_thread_blocked, id=9992, stack(0x0000000069210000,0x0000000069310000)]
  0x0000000059ed7000 JavaThread "jar transforms Thread 55" [_thread_blocked, id=9988, stack(0x00000000688c0000,0x00000000689c0000)]
  0x000000005c7c6000 JavaThread "jar transforms Thread 54" [_thread_blocked, id=9984, stack(0x00000000690b0000,0x00000000691b0000)]
  0x000000005c7c5800 JavaThread "jar transforms Thread 53" [_thread_blocked, id=9948, stack(0x0000000068ed0000,0x0000000068fd0000)]
  0x000000005c7c4800 JavaThread "jar transforms Thread 52" [_thread_blocked, id=9976, stack(0x0000000067e50000,0x0000000067f50000)]
  0x000000005c7c4000 JavaThread "jar transforms Thread 51" [_thread_blocked, id=9972, stack(0x0000000068c80000,0x0000000068d80000)]
  0x000000005c7c3000 JavaThread "jar transforms Thread 50" [_thread_blocked, id=9968, stack(0x0000000068b80000,0x0000000068c80000)]
  0x000000005c7c2800 JavaThread "jar transforms Thread 49" [_thread_blocked, id=9964, stack(0x0000000068660000,0x0000000068760000)]
  0x000000005c7c1800 JavaThread "jar transforms Thread 48" [_thread_blocked, id=9960, stack(0x00000000689c0000,0x0000000068ac0000)]
  0x000000005c7c1000 JavaThread "jar transforms Thread 47" [_thread_blocked, id=9796, stack(0x0000000068780000,0x0000000068880000)]
  0x000000005c7c0000 JavaThread "jar transforms Thread 46" [_thread_blocked, id=9956, stack(0x0000000068550000,0x0000000068650000)]
  0x000000005c7bf800 JavaThread "jar transforms Thread 45" [_thread_blocked, id=5920, stack(0x00000000683f0000,0x00000000684f0000)]
  0x000000005edc6000 JavaThread "jar transforms Thread 44" [_thread_blocked, id=9952, stack(0x0000000068200000,0x0000000068300000)]
  0x000000005edc5800 JavaThread "jar transforms Thread 43" [_thread_blocked, id=9836, stack(0x0000000068080000,0x0000000068180000)]
  0x000000005edc4800 JavaThread "jar transforms Thread 42" [_thread_blocked, id=9940, stack(0x0000000067f50000,0x0000000068050000)]
  0x000000005edc4000 JavaThread "jar transforms Thread 41" [_thread_blocked, id=9936, stack(0x0000000067840000,0x0000000067940000)]
  0x000000005edc3000 JavaThread "jar transforms Thread 40" [_thread_blocked, id=9932, stack(0x0000000067ac0000,0x0000000067bc0000)]
  0x000000005edc2800 JavaThread "jar transforms Thread 39" [_thread_blocked, id=9928, stack(0x0000000067d10000,0x0000000067e10000)]
  0x000000005edc1800 JavaThread "jar transforms Thread 38" [_thread_blocked, id=9924, stack(0x0000000067be0000,0x0000000067ce0000)]
  0x000000005edc1000 JavaThread "jar transforms Thread 37" [_thread_blocked, id=9920, stack(0x00000000679b0000,0x0000000067ab0000)]
  0x000000005edc0000 JavaThread "jar transforms Thread 36" [_thread_blocked, id=9916, stack(0x00000000675e0000,0x00000000676e0000)]
  0x000000005edbf800 JavaThread "jar transforms Thread 35" [_thread_blocked, id=9912, stack(0x0000000067720000,0x0000000067820000)]
  0x000000005e9e7000 JavaThread "jar transforms Thread 34" [_thread_blocked, id=9908, stack(0x0000000067480000,0x0000000067580000)]
  0x000000005e9e6000 JavaThread "jar transforms Thread 33" [_thread_blocked, id=9904, stack(0x0000000067170000,0x0000000067270000)]
  0x000000005e9e5800 JavaThread "jar transforms Thread 32" [_thread_blocked, id=9900, stack(0x00000000672b0000,0x00000000673b0000)]
  0x000000005e9e4800 JavaThread "jar transforms Thread 31" [_thread_blocked, id=9896, stack(0x0000000067010000,0x0000000067110000)]
  0x000000005e9e4000 JavaThread "jar transforms Thread 30" [_thread_blocked, id=9892, stack(0x0000000066ec0000,0x0000000066fc0000)]
  0x000000005e9e3000 JavaThread "jar transforms Thread 29" [_thread_blocked, id=9888, stack(0x0000000066c10000,0x0000000066d10000)]
  0x000000005e9e2800 JavaThread "jar transforms Thread 28" [_thread_blocked, id=7504, stack(0x0000000066840000,0x0000000066940000)]
  0x000000005e9e1800 JavaThread "jar transforms Thread 27" [_thread_blocked, id=9884, stack(0x0000000066d50000,0x0000000066e50000)]
  0x000000005e9e1000 JavaThread "jar transforms Thread 26" [_thread_blocked, id=9880, stack(0x0000000066ab0000,0x0000000066bb0000)]
  0x000000005e9e0000 JavaThread "jar transforms Thread 25" [_thread_blocked, id=9876, stack(0x0000000066970000,0x0000000066a70000)]
  0x000000005e3ff000 JavaThread "jar transforms Thread 24" [_thread_blocked, id=9872, stack(0x0000000066420000,0x0000000066520000)]
  0x000000005e3fe800 JavaThread "jar transforms Thread 23" [_thread_blocked, id=9868, stack(0x0000000066740000,0x0000000066840000)]
  0x000000005e3fd800 JavaThread "jar transforms Thread 22" [_thread_blocked, id=9864, stack(0x0000000066590000,0x0000000066690000)]
  0x000000005e3fd000 JavaThread "jar transforms Thread 21" [_thread_blocked, id=9860, stack(0x00000000662d0000,0x00000000663d0000)]
  0x000000005e3fc000 JavaThread "jar transforms Thread 20" [_thread_blocked, id=9856, stack(0x0000000065f00000,0x0000000066000000)]
  0x000000005e3fb800 JavaThread "jar transforms Thread 19" [_thread_blocked, id=9852, stack(0x0000000066170000,0x0000000066270000)]
  0x000000005e3fa800 JavaThread "jar transforms Thread 18" [_thread_blocked, id=9844, stack(0x0000000066030000,0x0000000066130000)]
  0x000000005e3fa000 JavaThread "jar transforms Thread 17" [_thread_blocked, id=9840, stack(0x0000000065d70000,0x0000000065e70000)]
  0x000000005e3f9000 JavaThread "jar transforms Thread 16" [_thread_blocked, id=9832, stack(0x0000000065730000,0x0000000065830000)]
  0x000000005e3f8800 JavaThread "jar transforms Thread 15" [_thread_blocked, id=9828, stack(0x0000000065c00000,0x0000000065d00000)]
  0x000000005c92d800 JavaThread "jar transforms Thread 14" [_thread_blocked, id=9812, stack(0x0000000065a60000,0x0000000065b60000)]
  0x000000005c92d000 JavaThread "jar transforms Thread 13" [_thread_blocked, id=9808, stack(0x0000000065890000,0x0000000065990000)]
  0x000000005c92c000 JavaThread "jar transforms Thread 12" [_thread_blocked, id=9804, stack(0x00000000655f0000,0x00000000656f0000)]
  0x000000005c92b800 JavaThread "jar transforms Thread 11" [_thread_blocked, id=9800, stack(0x0000000064e70000,0x0000000064f70000)]
  0x000000005c92a800 JavaThread "jar transforms Thread 10" [_thread_blocked, id=9792, stack(0x00000000653e0000,0x00000000654e0000)]
  0x000000005c92a000 JavaThread "jar transforms Thread 9" [_thread_blocked, id=9788, stack(0x00000000654f0000,0x00000000655f0000)]
  0x000000005c929000 JavaThread "jar transforms Thread 8" [_thread_blocked, id=9784, stack(0x0000000065280000,0x0000000065380000)]
  0x000000005c928800 JavaThread "jar transforms Thread 7" [_thread_blocked, id=9780, stack(0x0000000065180000,0x0000000065280000)]
  0x000000005c927800 JavaThread "jar transforms Thread 6" [_thread_blocked, id=9776, stack(0x0000000064f90000,0x0000000065090000)]
  0x000000005c927000 JavaThread "jar transforms Thread 5" [_thread_blocked, id=9772, stack(0x0000000063330000,0x0000000063430000)]
  0x0000000059f0a800 JavaThread "jar transforms Thread 4" [_thread_blocked, id=9768, stack(0x0000000063440000,0x0000000063540000)]
  0x0000000059f09800 JavaThread "jar transforms Thread 3" [_thread_blocked, id=6212, stack(0x00000000631f0000,0x00000000632f0000)]
  0x0000000059f09000 JavaThread "jar transforms Thread 2" [_thread_blocked, id=9764, stack(0x0000000063050000,0x0000000063150000)]
  0x0000000059f08000 JavaThread "Build operations Thread 4" [_thread_blocked, id=9760, stack(0x0000000062ec0000,0x0000000062fc0000)]
  0x0000000059f07800 JavaThread "Build operations Thread 3" [_thread_blocked, id=9756, stack(0x0000000061c00000,0x0000000061d00000)]
  0x0000000059f06800 JavaThread "Build operations Thread 2" [_thread_blocked, id=9752, stack(0x0000000062d60000,0x0000000062e60000)]
  0x0000000059f06000 JavaThread "Build operations" [_thread_blocked, id=9744, stack(0x0000000062bb0000,0x0000000062cb0000)]
  0x0000000059f02000 JavaThread "Cache worker for file content cache (C:\Users\Reginleif\.gradle\caches\6.5\fileContent)" [_thread_blocked, id=8840, stack(0x0000000060940000,0x0000000060a40000)]
  0x0000000059f00800 JavaThread "jar transforms" [_thread_blocked, id=7376, stack(0x000000005de30000,0x000000005df30000)]
  0x0000000059f00000 JavaThread "Cache worker for execution history cache (C:\Users\Reginleif\.gradle\caches\6.5\executionHistory)" [_thread_blocked, id=2364, stack(0x0000000061af0000,0x0000000061bf0000)]
  0x0000000059eff000 JavaThread "Cache worker for cache directory md-rule (C:\Users\Reginleif\.gradle\caches\6.5\md-rule)" [_thread_blocked, id=2388, stack(0x00000000606d0000,0x00000000607d0000)]
  0x0000000059efe800 JavaThread "Cache worker for cache directory md-supplier (C:\Users\Reginleif\.gradle\caches\6.5\md-supplier)" [_thread_blocked, id=6688, stack(0x0000000060800000,0x0000000060900000)]
  0x0000000059efd800 JavaThread "Cache worker for checksums cache (C:\Users\Reginleif\Desktop\knowledge_base\labs_tasks\rpo-baltin-2021\fclient\.gradle\checksums)" [_thread_blocked, id=732, stack(0x00000000605d0000,0x00000000606d0000)]
  0x0000000059efd000 JavaThread "Cache worker for file hash cache (C:\Users\Reginleif\Desktop\knowledge_base\labs_tasks\rpo-baltin-2021\fclient\.gradle\6.5\fileHashes)" [_thread_blocked, id=8952, stack(0x000000005dc20000,0x000000005dd20000)]
  0x0000000059efc000 JavaThread "Cache worker for file hash cache (C:\Users\Reginleif\.gradle\caches\6.5\fileHashes)" [_thread_blocked, id=7480, stack(0x000000005e0c0000,0x000000005e1c0000)]
  0x0000000059efb800 JavaThread "File lock request listener" [_thread_in_native, id=932, stack(0x000000005df30000,0x000000005e030000)]
  0x000000005bf7d000 JavaThread "Cache worker for journal cache (C:\Users\Reginleif\.gradle\caches\journal-1)" [_thread_blocked, id=8408, stack(0x000000005dd20000,0x000000005de20000)]
  0x000000005c05e800 JavaThread "Thread-9" [_thread_blocked, id=7404, stack(0x000000005d8b0000,0x000000005d9b0000)]
  0x000000005bee1800 JavaThread "Stdin handler" [_thread_blocked, id=5856, stack(0x000000005d770000,0x000000005d870000)]
  0x000000005bee1000 JavaThread "Asynchronous log dispatcher for DefaultDaemonConnection: socket connection from /127.0.0.1:49588 to /127.0.0.1:49589" [_thread_blocked, id=8188, stack(0x000000005d630000,0x000000005d730000)]
  0x000000005bed1000 JavaThread "Daemon worker" [_thread_in_vm, id=7004, stack(0x000000005d480000,0x000000005d580000)]
  0x000000005bed5800 JavaThread "Cancel handler" [_thread_blocked, id=8384, stack(0x000000005b8c0000,0x000000005b9c0000)]
  0x000000005bec1000 JavaThread "Handler for socket connection from /127.0.0.1:49588 to /127.0.0.1:49589" [_thread_in_native, id=8440, stack(0x000000005d2a0000,0x000000005d3a0000)]
  0x000000005bea4000 JavaThread "Daemon" [_thread_blocked, id=8184, stack(0x000000005d0c0000,0x000000005d1c0000)]
  0x000000005be98000 JavaThread "Daemon periodic checks" [_thread_blocked, id=8196, stack(0x000000005ccd0000,0x000000005cdd0000)]
  0x000000005be14000 JavaThread "Incoming local TCP Connector on port 49588" [_thread_in_native, id=7996, stack(0x000000005cb30000,0x000000005cc30000)]
  0x0000000059843000 JavaThread "Daemon health stats" [_thread_blocked, id=9536, stack(0x000000005b1e0000,0x000000005b2e0000)]
  0x000000005764d000 JavaThread "Service Thread" daemon [_thread_blocked, id=10164, stack(0x0000000059520000,0x0000000059620000)]
  0x000000005764c000 JavaThread "C1 CompilerThread2" daemon [_thread_blocked, id=10160, stack(0x0000000059340000,0x0000000059440000)]
=>0x000000005764a000 JavaThread "C2 CompilerThread1" daemon [_thread_in_native, id=10156, stack(0x0000000059170000,0x0000000059270000)]
  0x00000000589cc800 JavaThread "C2 CompilerThread0" daemon [_thread_in_native, id=10152, stack(0x0000000059060000,0x0000000059160000)]
  0x0000000057647800 JavaThread "Attach Listener" daemon [_thread_blocked, id=10148, stack(0x0000000058f30000,0x0000000059030000)]
  0x0000000057646000 JavaThread "Signal Dispatcher" daemon [_thread_blocked, id=10144, stack(0x0000000058e30000,0x0000000058f30000)]
  0x000000005762a000 JavaThread "Finalizer" daemon [_thread_blocked, id=10136, stack(0x00000000588c0000,0x00000000589c0000)]
  0x0000000057623000 JavaThread "Reference Handler" daemon [_thread_blocked, id=10132, stack(0x00000000586c0000,0x00000000587c0000)]
  0x0000000001def000 JavaThread "main" [_thread_blocked, id=10100, stack(0x0000000002360000,0x0000000002460000)]

Other Threads:
  0x00000000575db000 VMThread [stack: 0x0000000058490000,0x0000000058590000] [id=10128]
  0x00000000589f8800 WatcherThread [stack: 0x00000000596b0000,0x00000000597b0000] [id=10168]

VM state:not at safepoint (normal execution)

VM Mutex/Monitor currently owned by a thread: None

heap address: 0x0000000080000000, size: 2048 MB, Compressed Oops mode: 32-bit
Narrow klass base: 0x0000000000000000, Narrow klass shift: 0
Compressed class space size: 1073741824 Address: 0x0000000016c50000

Heap:
 PSYoungGen      total 413696K, used 72932K [0x00000000d5580000, 0x00000000f0a00000, 0x0000000100000000)
  eden space 399360K, 14% used [0x00000000d5580000,0x00000000d8eba5b8,0x00000000edb80000)
  from space 14336K, 99% used [0x00000000efc00000,0x00000000f09febd0,0x00000000f0a00000)
  to   space 18944K, 0% used [0x00000000ee500000,0x00000000ee500000,0x00000000ef780000)
 ParOldGen       total 71168K, used 20049K [0x0000000080000000, 0x0000000084580000, 0x00000000d5580000)
  object space 71168K, 28% used [0x0000000080000000,0x00000000813944f8,0x0000000084580000)
 Metaspace       used 50986K, capacity 52950K, committed 53032K, reserved 1095680K
  class space    used 6805K, capacity 7199K, committed 7208K, reserved 1048576K

Card table byte_map: [0x0000000011af0000,0x0000000011f00000] byte_map_base: 0x00000000116f0000

Marking Bits: (ParMarkBitMap*) 0x0000000063ddf030
 Begin Bits: [0x0000000012850000, 0x0000000014850000)
 End Bits:   [0x0000000014850000, 0x0000000016850000)

Polling page: 0x0000000000230000

CodeCache: size=245760Kb used=14257Kb max_used=14257Kb free=231502Kb
 bounds [0x0000000002730000, 0x0000000003530000, 0x0000000011730000]
 total_blobs=5025 nmethods=4264 adapters=674
 compilation: enabled

Compilation events (10 events):
Event: 16.099 Thread 0x000000005764c000 4646       1       java.lang.reflect.AccessibleObject::isAccessible (5 bytes)
Event: 16.099 Thread 0x000000005764c000 nmethod 4646 0x0000000003528390 code [0x00000000035284e0, 0x00000000035285f0]
Event: 16.101 Thread 0x000000005764c000 4647       3       org.codehaus.groovy.runtime.metaclass.ReflectionMetaMethod::getName (8 bytes)
Event: 16.101 Thread 0x000000005764c000 nmethod 4647 0x0000000003528650 code [0x00000000035287c0, 0x0000000003528a30]
Event: 16.104 Thread 0x000000005764c000 4649       3       java.beans.Introspector::throwsException (33 bytes)
Event: 16.105 Thread 0x000000005764c000 nmethod 4649 0x0000000003528b50 code [0x0000000003528ce0, 0x00000000035291c8]
Event: 16.110 Thread 0x000000005764c000 4650       3       org.codehaus.groovy.runtime.metaclass.MetaMethodIndex$Header::<init> (26 bytes)
Event: 16.110 Thread 0x000000005764c000 nmethod 4650 0x0000000003529390 code [0x0000000003529500, 0x00000000035297a8]
Event: 16.121 Thread 0x000000005764c000 4651       1       org.codehaus.groovy.runtime.callsite.AbstractCallSite::getArray (5 bytes)
Event: 16.122 Thread 0x000000005764c000 nmethod 4651 0x00000000035298d0 code [0x0000000003529a20, 0x0000000003529b30]

GC Heap History (10 events):
Event: 5.773 GC heap before
{Heap before GC invocations=6 (full 1):
 PSYoungGen      total 132096K, used 5108K [0x00000000d5580000, 0x00000000e6580000, 0x0000000100000000)
  eden space 126976K, 0% used [0x00000000d5580000,0x00000000d5580000,0x00000000dd180000)
  from space 5120K, 99% used [0x00000000dd180000,0x00000000dd67d060,0x00000000dd680000)
  to   space 12288K, 0% used [0x00000000e5980000,0x00000000e5980000,0x00000000e6580000)
 ParOldGen       total 84992K, used 10825K [0x0000000080000000, 0x0000000085300000, 0x00000000d5580000)
  object space 84992K, 12% used [0x0000000080000000,0x0000000080a926a8,0x0000000085300000)
 Metaspace       used 20585K, capacity 21224K, committed 21296K, reserved 1067008K
  class space    used 2873K, capacity 3076K, committed 3120K, reserved 1048576K
Event: 5.824 GC heap after
Heap after GC invocations=6 (full 1):
 PSYoungGen      total 132096K, used 0K [0x00000000d5580000, 0x00000000e6580000, 0x0000000100000000)
  eden space 126976K, 0% used [0x00000000d5580000,0x00000000d5580000,0x00000000dd180000)
  from space 5120K, 0% used [0x00000000dd180000,0x00000000dd180000,0x00000000dd680000)
  to   space 12288K, 0% used [0x00000000e5980000,0x00000000e5980000,0x00000000e6580000)
 ParOldGen       total 52224K, used 7627K [0x0000000080000000, 0x0000000083300000, 0x00000000d5580000)
  object space 52224K, 14% used [0x0000000080000000,0x0000000080772da8,0x0000000083300000)
 Metaspace       used 20585K, capacity 21224K, committed 21296K, reserved 1067008K
  class space    used 2873K, capacity 3076K, committed 3120K, reserved 1048576K
}
Event: 8.508 GC heap before
{Heap before GC invocations=7 (full 1):
 PSYoungGen      total 132096K, used 126976K [0x00000000d5580000, 0x00000000e6580000, 0x0000000100000000)
  eden space 126976K, 100% used [0x00000000d5580000,0x00000000dd180000,0x00000000dd180000)
  from space 5120K, 0% used [0x00000000dd180000,0x00000000dd180000,0x00000000dd680000)
  to   space 12288K, 0% used [0x00000000e5980000,0x00000000e5980000,0x00000000e6580000)
 ParOldGen       total 52224K, used 7627K [0x0000000080000000, 0x0000000083300000, 0x00000000d5580000)
  object space 52224K, 14% used [0x0000000080000000,0x0000000080772da8,0x0000000083300000)
 Metaspace       used 32833K, capacity 33828K, committed 33968K, reserved 1079296K
  class space    used 4450K, capacity 4718K, committed 4784K, reserved 1048576K
Event: 8.535 GC heap after
Heap after GC invocations=7 (full 1):
 PSYoungGen      total 239104K, used 12271K [0x00000000d5580000, 0x00000000e6580000, 0x0000000100000000)
  eden space 226816K, 0% used [0x00000000d5580000,0x00000000d5580000,0x00000000e3300000)
  from space 12288K, 99% used [0x00000000e5980000,0x00000000e657bfd8,0x00000000e6580000)
  to   space 15360K, 0% used [0x00000000e4780000,0x00000000e4780000,0x00000000e5680000)
 ParOldGen       total 52224K, used 9252K [0x0000000080000000, 0x0000000083300000, 0x00000000d5580000)
  object space 52224K, 17% used [0x0000000080000000,0x00000000809093c8,0x0000000083300000)
 Metaspace       used 32833K, capacity 33828K, committed 33968K, reserved 1079296K
  class space    used 4450K, capacity 4718K, committed 4784K, reserved 1048576K
}
Event: 9.037 GC heap before
{Heap before GC invocations=8 (full 1):
 PSYoungGen      total 239104K, used 44482K [0x00000000d5580000, 0x00000000e6580000, 0x0000000100000000)
  eden space 226816K, 14% used [0x00000000d5580000,0x00000000d74f4c00,0x00000000e3300000)
  from space 12288K, 99% used [0x00000000e5980000,0x00000000e657bfd8,0x00000000e6580000)
  to   space 15360K, 0% used [0x00000000e4780000,0x00000000e4780000,0x00000000e5680000)
 ParOldGen       total 52224K, used 9252K [0x0000000080000000, 0x0000000083300000, 0x00000000d5580000)
  object space 52224K, 17% used [0x0000000080000000,0x00000000809093c8,0x0000000083300000)
 Metaspace       used 34246K, capacity 35348K, committed 35496K, reserved 1079296K
  class space    used 4680K, capacity 4937K, committed 5032K, reserved 1048576K
Event: 9.089 GC heap after
Heap after GC invocations=8 (full 1):
 PSYoungGen      total 263168K, used 7974K [0x00000000d5580000, 0x00000000f0a00000, 0x0000000100000000)
  eden space 247808K, 0% used [0x00000000d5580000,0x00000000d5580000,0x00000000e4780000)
  from space 15360K, 51% used [0x00000000e4780000,0x00000000e4f49b38,0x00000000e5680000)
  to   space 14336K, 0% used [0x00000000efc00000,0x00000000efc00000,0x00000000f0a00000)
 ParOldGen       total 52224K, used 9260K [0x0000000080000000, 0x0000000083300000, 0x00000000d5580000)
  object space 52224K, 17% used [0x0000000080000000,0x000000008090b3c8,0x0000000083300000)
 Metaspace       used 34246K, capacity 35348K, committed 35496K, reserved 1079296K
  class space    used 4680K, capacity 4937K, committed 5032K, reserved 1048576K
}
Event: 9.089 GC heap before
{Heap before GC invocations=9 (full 2):
 PSYoungGen      total 263168K, used 7974K [0x00000000d5580000, 0x00000000f0a00000, 0x0000000100000000)
  eden space 247808K, 0% used [0x00000000d5580000,0x00000000d5580000,0x00000000e4780000)
  from space 15360K, 51% used [0x00000000e4780000,0x00000000e4f49b38,0x00000000e5680000)
  to   space 14336K, 0% used [0x00000000efc00000,0x00000000efc00000,0x00000000f0a00000)
 ParOldGen       total 52224K, used 9260K [0x0000000080000000, 0x0000000083300000, 0x00000000d5580000)
  object space 52224K, 17% used [0x0000000080000000,0x000000008090b3c8,0x0000000083300000)
 Metaspace       used 34246K, capacity 35348K, committed 35496K, reserved 1079296K
  class space    used 4680K, capacity 4937K, committed 5032K, reserved 1048576K
Event: 9.220 GC heap after
Heap after GC invocations=9 (full 2):
 PSYoungGen      total 263168K, used 0K [0x00000000d5580000, 0x00000000f0a00000, 0x0000000100000000)
  eden space 247808K, 0% used [0x00000000d5580000,0x00000000d5580000,0x00000000e4780000)
  from space 15360K, 0% used [0x00000000e4780000,0x00000000e4780000,0x00000000e5680000)
  to   space 14336K, 0% used [0x00000000efc00000,0x00000000efc00000,0x00000000f0a00000)
 ParOldGen       total 71168K, used 14395K [0x0000000080000000, 0x0000000084580000, 0x00000000d5580000)
  object space 71168K, 20% used [0x0000000080000000,0x0000000080e0ee88,0x0000000084580000)
 Metaspace       used 34246K, capacity 35348K, committed 35496K, reserved 1079296K
  class space    used 4680K, capacity 4937K, committed 5032K, reserved 1048576K
}
Event: 14.439 GC heap before
{Heap before GC invocations=10 (full 2):
 PSYoungGen      total 263168K, used 247808K [0x00000000d5580000, 0x00000000f0a00000, 0x0000000100000000)
  eden space 247808K, 100% used [0x00000000d5580000,0x00000000e4780000,0x00000000e4780000)
  from space 15360K, 0% used [0x00000000e4780000,0x00000000e4780000,0x00000000e5680000)
  to   space 14336K, 0% used [0x00000000efc00000,0x00000000efc00000,0x00000000f0a00000)
 ParOldGen       total 71168K, used 14395K [0x0000000080000000, 0x0000000084580000, 0x00000000d5580000)
  object space 71168K, 20% used [0x0000000080000000,0x0000000080e0ee88,0x0000000084580000)
 Metaspace       used 47724K, capacity 49562K, committed 49832K, reserved 1091584K
  class space    used 6422K, capacity 6781K, committed 6824K, reserved 1048576K
Event: 14.476 GC heap after
Heap after GC invocations=10 (full 2):
 PSYoungGen      total 413696K, used 14330K [0x00000000d5580000, 0x00000000f0a00000, 0x0000000100000000)
  eden space 399360K, 0% used [0x00000000d5580000,0x00000000d5580000,0x00000000edb80000)
  from space 14336K, 99% used [0x00000000efc00000,0x00000000f09febd0,0x00000000f0a00000)
  to   space 18944K, 0% used [0x00000000ee500000,0x00000000ee500000,0x00000000ef780000)
 ParOldGen       total 71168K, used 20049K [0x0000000080000000, 0x0000000084580000, 0x00000000d5580000)
  object space 71168K, 28% used [0x0000000080000000,0x00000000813944f8,0x0000000084580000)
 Metaspace       used 47724K, capacity 49562K, committed 49832K, reserved 1091584K
  class space    used 6422K, capacity 6781K, committed 6824K, reserved 1048576K
}

Deoptimization events (10 events):
Event: 13.501 Thread 0x000000005bed1000 Uncommon trap: reason=unstable_if action=reinterpret pc=0x00000000028e3eac method=java.security.CodeSource.matchCerts(Ljava/security/CodeSource;Z)Z @ 11
Event: 13.588 Thread 0x000000005bed1000 Uncommon trap: reason=unstable_if action=reinterpret pc=0x000000000283a5a8 method=java.util.LinkedHashMap.get(Ljava/lang/Object;)Ljava/lang/Object; @ 20
Event: 13.624 Thread 0x000000005bed1000 Uncommon trap: reason=unstable_if action=reinterpret pc=0x00000000028f176c method=java.security.CodeSource.matchCerts(Ljava/security/CodeSource;Z)Z @ 11
Event: 14.278 Thread 0x000000005bed1000 Uncommon trap: reason=unstable_if action=reinterpret pc=0x0000000003146630 method=org.gradle.internal.reflect.PropertyAccessorType.of(Ljava/lang/reflect/Method;)Lorg/gradle/internal/reflect/PropertyAccessorType; @ 56
Event: 15.026 Thread 0x000000005bed1000 Uncommon trap: reason=class_check action=maybe_recompile pc=0x0000000003209678 method=java.io.BufferedInputStream.read1([BII)I @ 39
Event: 15.027 Thread 0x000000005bed1000 Uncommon trap: reason=class_check action=maybe_recompile pc=0x0000000002ebfe70 method=java.io.BufferedInputStream.read1([BII)I @ 39
Event: 15.190 Thread 0x000000005bed1000 Uncommon trap: reason=unstable_if action=reinterpret pc=0x000000000347c7a4 method=com.sun.org.apache.xerces.internal.impl.XMLEntityScanner.checkBeforeLoad(Lcom/sun/xml/internal/stream/Entity$ScannedEntity;II)I @ 18
Event: 15.764 Thread 0x000000005bed1000 Uncommon trap: reason=unstable_if action=reinterpret pc=0x0000000003338798 method=org.gradle.internal.instantiation.generator.AbstractClassGenerator$InjectionAnnotationValidator.validateMethod(Ljava/lang/reflect/Method;Lorg/gradle/internal/reflect/Propert
Event: 15.764 Thread 0x000000005bed1000 Uncommon trap: reason=unstable_if action=reinterpret pc=0x00000000033499ec method=org.gradle.internal.instantiation.generator.AbstractClassGenerator$InjectionAnnotationValidator.validateMethod(Ljava/lang/reflect/Method;Lorg/gradle/internal/reflect/Propert
Event: 15.918 Thread 0x000000005bed1000 Uncommon trap: reason=null_check action=make_not_entrant pc=0x0000000002eed31c method=java.lang.Class.searchMethods([Ljava/lang/reflect/Method;Ljava/lang/String;[Ljava/lang/Class;)Ljava/lang/reflect/Method; @ 59

Classes redefined (0 events):
No events

Internal exceptions (10 events):
Event: 16.103 Thread 0x000000005bed1000 Exception <a 'java/lang/ClassNotFoundException': com/android/build/gradle/internal/dsl/CmakeOptionsCustomizer> (0x00000000d8b224d8) thrown at [C:\src\AOSP-openjdk-git\hotspot\src\share\vm\classfile\systemDictionary.cpp, line 210]
Event: 16.105 Thread 0x000000005bed1000 Exception <a 'java/lang/ClassNotFoundException': com/android/build/gradle/internal/dsl/CmakeOptions_DecoratedCustomizer> (0x00000000d8b4de50) thrown at [C:\src\AOSP-openjdk-git\hotspot\src\share\vm\classfile\systemDictionary.cpp, line 210]
Event: 16.112 Thread 0x000000005bed1000 Exception <a 'java/lang/ClassNotFoundException': org/gradle/api/JavaVersionBeanInfo> (0x00000000d8bd8638) thrown at [C:\src\AOSP-openjdk-git\hotspot\src\share\vm\classfile\systemDictionary.cpp, line 210]
Event: 16.112 Thread 0x000000005bed1000 Exception <a 'java/lang/ClassNotFoundException': java/lang/EnumBeanInfo> (0x00000000d8be2488) thrown at [C:\src\AOSP-openjdk-git\hotspot\src\share\vm\classfile\systemDictionary.cpp, line 210]
Event: 16.113 Thread 0x000000005bed1000 Exception <a 'java/lang/ClassNotFoundException': java/lang/EnumCustomizer> (0x00000000d8bec730) thrown at [C:\src\AOSP-openjdk-git\hotspot\src\share\vm\classfile\systemDictionary.cpp, line 210]
Event: 16.114 Thread 0x000000005bed1000 Exception <a 'java/lang/ClassNotFoundException': org/gradle/api/JavaVersionCustomizer> (0x00000000d8c217f8) thrown at [C:\src\AOSP-openjdk-git\hotspot\src\share\vm\classfile\systemDictionary.cpp, line 210]
Event: 16.118 Thread 0x000000005bed1000 Exception <a 'java/lang/ClassNotFoundException': com/android/build/gradle/internal/CompileOptions_DecoratedBeanInfo> (0x00000000d8c819b8) thrown at [C:\src\AOSP-openjdk-git\hotspot\src\share\vm\classfile\systemDictionary.cpp, line 210]
Event: 16.118 Thread 0x000000005bed1000 Exception <a 'java/lang/ClassNotFoundException': com/android/build/gradle/internal/CompileOptionsBeanInfo> (0x00000000d8c9cbf8) thrown at [C:\src\AOSP-openjdk-git\hotspot\src\share\vm\classfile\systemDictionary.cpp, line 210]
Event: 16.119 Thread 0x000000005bed1000 Exception <a 'java/lang/ClassNotFoundException': com/android/build/gradle/internal/CompileOptionsCustomizer> (0x00000000d8cb8030) thrown at [C:\src\AOSP-openjdk-git\hotspot\src\share\vm\classfile\systemDictionary.cpp, line 210]
Event: 16.120 Thread 0x000000005bed1000 Exception <a 'java/lang/ClassNotFoundException': com/android/build/gradle/internal/CompileOptions_DecoratedCustomizer> (0x00000000d8ce8c50) thrown at [C:\src\AOSP-openjdk-git\hotspot\src\share\vm\classfile\systemDictionary.cpp, line 210]

Events (10 events):
Event: 16.119 loading class com/android/build/gradle/internal/CompileOptionsCustomizer
Event: 16.119 loading class com/android/build/gradle/internal/CompileOptionsCustomizer done
Event: 16.119 loading class com/android/build/gradle/internal/CompileOptions_DecoratedCustomizer
Event: 16.119 loading class com/android/build/gradle/internal/CompileOptions_DecoratedCustomizer done
Event: 16.120 loading class com/android/build/gradle/internal/CompileOptions_DecoratedCustomizer
Event: 16.120 loading class com/android/build/gradle/internal/CompileOptions_DecoratedCustomizer done
Event: 16.123 loading class groovy/runtime/metaclass/build_47ukk4xuah43ohq79bmeg1baa$_run_closure2MetaClass
Event: 16.123 loading class groovy/runtime/metaclass/build_47ukk4xuah43ohq79bmeg1baa$_run_closure2MetaClass done
Event: 16.125 loading class org/gradle/api/tasks/Upload
Event: 16.125 loading class org/gradle/api/tasks/Upload done


Dynamic libraries:
0x000000013fe70000 - 0x000000013fea1000 	C:\Program Files\Android\Android Studio\jre\bin\java.exe
0x0000000076ee0000 - 0x000000007707f000 	C:\Windows\SYSTEM32\ntdll.dll
0x0000000076cc0000 - 0x0000000076ddf000 	C:\Windows\system32\kernel32.dll
0x000007fefcd80000 - 0x000007fefcde7000 	C:\Windows\system32\KERNELBASE.dll
0x000007fefd920000 - 0x000007fefd9fb000 	C:\Windows\system32\ADVAPI32.dll
0x000007fefeed0000 - 0x000007fefef6f000 	C:\Windows\system32\msvcrt.dll
0x000007fefda60000 - 0x000007fefda7f000 	C:\Windows\SYSTEM32\sechost.dll
0x000007fefd5c0000 - 0x000007fefd6ec000 	C:\Windows\system32\RPCRT4.dll
0x0000000076de0000 - 0x0000000076edb000 	C:\Windows\system32\USER32.dll
0x000007fefdd50000 - 0x000007fefddb7000 	C:\Windows\system32\GDI32.dll
0x000007fefcdf0000 - 0x000007fefcdfe000 	C:\Windows\system32\LPK.dll
0x000007fefef70000 - 0x000007feff03b000 	C:\Windows\system32\USP10.dll
0x000007fefc260000 - 0x000007fefc455000 	C:\Windows\WinSxS\amd64_microsoft.windows.common-controls_6595b64144ccf1df_6.0.7601.24483_none_e372d88f30fbb845\COMCTL32.dll
0x000007fefee50000 - 0x000007fefeec1000 	C:\Windows\system32\SHLWAPI.dll
0x000007fefd7c0000 - 0x000007fefd7ee000 	C:\Windows\system32\IMM32.DLL
0x000007fefd2b0000 - 0x000007fefd3bb000 	C:\Windows\system32\MSCTF.dll
0x000000005ba60000 - 0x000000005bb32000 	C:\Program Files\Android\Android Studio\jre\jre\bin\msvcr100.dll
0x0000000063610000 - 0x0000000063e5b000 	C:\Program Files\Android\Android Studio\jre\jre\bin\server\jvm.dll
0x000007fef8230000 - 0x000007fef8239000 	C:\Windows\system32\WSOCK32.dll
0x000007fefd7f0000 - 0x000007fefd83d000 	C:\Windows\system32\WS2_32.dll
0x000007fefd6f0000 - 0x000007fefd6f8000 	C:\Windows\system32\NSI.dll
0x000007fef9dc0000 - 0x000007fef9dfb000 	C:\Windows\system32\WINMM.dll
0x000007fefb420000 - 0x000007fefb42c000 	C:\Windows\system32\VERSION.dll
0x0000000077080000 - 0x0000000077087000 	C:\Windows\system32\PSAPI.DLL
0x000007fee9130000 - 0x000007fee913f000 	C:\Program Files\Android\Android Studio\jre\jre\bin\verify.dll
0x000007fee9100000 - 0x000007fee9129000 	C:\Program Files\Android\Android Studio\jre\jre\bin\java.dll
0x000007fedbaf0000 - 0x000007fedbb06000 	C:\Program Files\Android\Android Studio\jre\jre\bin\zip.dll
0x000007fefde40000 - 0x000007fefebcb000 	C:\Windows\system32\SHELL32.dll
0x000007fefd3c0000 - 0x000007fefd5bf000 	C:\Windows\system32\ole32.dll
0x000007fefca30000 - 0x000007fefca3f000 	C:\Windows\system32\profapi.dll
0x000007fedbad0000 - 0x000007fedbaea000 	C:\Program Files\Android\Android Studio\jre\jre\bin\net.dll
0x000007fefbeb0000 - 0x000007fefbf05000 	C:\Windows\system32\mswsock.dll
0x000007fefbea0000 - 0x000007fefbea7000 	C:\Windows\System32\wship6.dll
0x000007fedbab0000 - 0x000007fedbac3000 	C:\Program Files\Android\Android Studio\jre\jre\bin\nio.dll
0x000007fed3890000 - 0x000007fed38b7000 	C:\Users\Reginleif\.gradle\native\f6784746aeab05261644944871eae4fe03e0ef1612fff0a4a95f87b438bc6780\windows-amd64\native-platform.dll
0x000007fefb7d0000 - 0x000007fefb7d3000 	C:\Windows\system32\api-ms-win-core-synch-l1-2-0.DLL
0x000007fee90f0000 - 0x000007fee90fd000 	C:\Program Files\Android\Android Studio\jre\jre\bin\management.dll
0x000007fefbf10000 - 0x000007fefbf28000 	C:\Windows\system32\CRYPTSP.dll
0x000007fefbc10000 - 0x000007fefbc57000 	C:\Windows\system32\rsaenh.dll
0x000007fefcaa0000 - 0x000007fefcabf000 	C:\Windows\system32\USERENV.dll
0x000007fefc8d0000 - 0x000007fefc8df000 	C:\Windows\system32\CRYPTBASE.dll
0x000007fef9af0000 - 0x000007fef9b17000 	C:\Windows\system32\IPHLPAPI.DLL
0x000007fef9ae0000 - 0x000007fef9aeb000 	C:\Windows\system32\WINNSI.DLL
0x000007fef8340000 - 0x000007fef8351000 	C:\Windows\system32\dhcpcsvc6.DLL
0x000007fef89f0000 - 0x000007fef8a08000 	C:\Windows\system32\dhcpcsvc.DLL

VM Arguments:
jvm_args: -Xmx2048m -Dfile.encoding=UTF-8 -Duser.country=US -Duser.language=en -Duser.variant 
java_command: org.gradle.launcher.daemon.bootstrap.GradleDaemon 6.5
java_class_path (initial): C:\Users\Reginleif\.gradle\wrapper\dists\gradle-6.5-bin\6nifqtx7604sqp1q6g8wikw7p\gradle-6.5\lib\gradle-launcher-6.5.jar
Launcher Type: SUN_STANDARD

Environment Variables:
JAVA_HOME=C:\Program Files\Java\jdk1.8.0_261
USERNAME=Reginleif
OS=Windows_NT
PROCESSOR_IDENTIFIER=Intel64 Family 6 Model 58 Stepping 9, GenuineIntel



---------------  S Y S T E M  ---------------

OS: Windows 7 , 64 bit Build 7601 (6.1.7601.24545)

CPU:total 4 (initial active 4) (2 cores per cpu, 2 threads per core) family 6 model 58 stepping 9, cmov, cx8, fxsr, mmx, sse, sse2, sse3, ssse3, sse4.1, sse4.2, popcnt, avx, aes, clmul, erms, ht, tsc, tscinvbit, tscinv

Memory: 4k page, physical 8059016k(1030204k free), swap 9105692k(5084k free)

vm_info: OpenJDK 64-Bit Server VM (25.242-b01) for windows-amd64 JRE (1.8.0_242-release-1644-b01), built by "builder" with MS VC++ 10.0 (VS2010)

time: Fri Jun 18 01:20:36 2021
timezone: Russia TZ 2 Standard Time
elapsed time: 16 seconds (0d 0h 0m 16s)

