#
# There is insufficient memory for the Java Runtime Environment to continue.
# Native memory allocation (malloc) failed to allocate 544656 bytes for Chunk::new
# Possible reasons:
#   The system is out of physical RAM or swap space
#   The process is running with CompressedOops enabled, and the Java Heap may be blocking the growth of the native heap
# Possible solutions:
#   Reduce memory load on the system
#   Increase physical memory or swap space
#   Check if swap backing store is full
#   Decrease Java heap size (-Xmx/-Xms)
#   Decrease number of Java threads
#   Decrease Java thread stack sizes (-Xss)
#   Set larger code cache with -XX:ReservedCodeCacheSize=
#   JVM is running with Unscaled Compressed Oops mode in which the Java heap is
#     placed in the first 4GB address space. The Java Heap base address is the
#     maximum limit for the native heap growth. Please use -XX:HeapBaseMinAddress
#     to set the Java Heap base and to place the Java Heap above 4GB virtual address.
# This output file may be truncated or incomplete.
#
#  Out of Memory Error (allocation.cpp:389), pid=7976, tid=0x0000000000001670
#
# JRE version: OpenJDK Runtime Environment (8.0_242-b01) (build 1.8.0_242-release-1644-b01)
# Java VM: OpenJDK 64-Bit Server VM (25.242-b01 mixed mode windows-amd64 compressed oops)
# Failed to write core dump. Minidumps are not enabled by default on client versions of Windows
#

---------------  T H R E A D  ---------------

Current thread (0x000000005886c800):  JavaThread "C2 CompilerThread0" daemon [_thread_in_native, id=5744, stack(0x0000000058e90000,0x0000000058f90000)]

Stack: [0x0000000058e90000,0x0000000058f90000]
[error occurred during error reporting (printing stack bounds), id 0xc0000005]

Native frames: (J=compiled Java code, j=interpreted, Vv=VM code, C=native code)


Current CompileTask:
C2:  65753 8591       4       org.gradle.internal.service.DefaultServiceRegistry$OwnServices::getService (309 bytes)


---------------  P R O C E S S  ---------------

Java Threads: ( => current thread )
  0x0000000058892000 JavaThread "Cache worker for cache directory md-rule (C:\Users\Reginleif\.gradle\caches\6.5\md-rule)" [_thread_blocked, id=2292, stack(0x0000000063720000,0x0000000063820000)]
  0x0000000058893000 JavaThread "Cache worker for cache directory md-supplier (C:\Users\Reginleif\.gradle\caches\6.5\md-supplier)" [_thread_new, id=9356, stack(0x0000000000000000,0x0000000000000000)]
  0x0000000058893800 JavaThread "Cache worker for checksums cache (C:\Users\Reginleif\Desktop\knowledge_base\labs_tasks\rpo-baltin-2021\fclient\.gradle\checksums)" [_thread_new, id=7340, stack(0x0000000000000000,0x0000000000000000)]
  0x00000000600de800 JavaThread "Cache worker for file hash cache (C:\Users\Reginleif\Desktop\knowledge_base\labs_tasks\rpo-baltin-2021\fclient\.gradle\6.5\fileHashes)" [_thread_blocked, id=1000, stack(0x00000000622f0000,0x00000000623f0000)]
  0x00000000600df800 JavaThread "Thread-128" [_thread_blocked, id=9980, stack(0x0000000060bb0000,0x0000000060cb0000)]
  0x00000000600dd000 JavaThread "Stdin handler" [_thread_blocked, id=6808, stack(0x0000000062100000,0x0000000062200000)]
  0x00000000600db800 JavaThread "Asynchronous log dispatcher for DefaultDaemonConnection: socket connection from /127.0.0.1:51027 to /127.0.0.1:51141" [_thread_blocked, id=10132, stack(0x000000005dcc0000,0x000000005ddc0000)]
  0x00000000600e1000 JavaThread "Cancel handler" [_thread_blocked, id=10168, stack(0x000000005cb80000,0x000000005cc80000)]
  0x00000000600e0000 JavaThread "Handler for socket connection from /127.0.0.1:51027 to /127.0.0.1:51141" [_thread_in_native, id=9052, stack(0x000000005d940000,0x000000005da40000)]
  0x0000000059e13000 JavaThread "Exec process Thread 3" [_thread_blocked, id=1312, stack(0x000000006d990000,0x000000006da90000)]
  0x0000000059e12000 JavaThread "Exec process Thread 2" [_thread_blocked, id=1668, stack(0x000000006d820000,0x000000006d920000)]
  0x0000000059e11800 JavaThread "Exec process" [_thread_blocked, id=7396, stack(0x000000006d660000,0x000000006d760000)]
  0x00000000600dc800 JavaThread "Memory manager" [_thread_blocked, id=1936, stack(0x000000006b880000,0x000000006b980000)]
  0x000000005eab0800 JavaThread "jar transforms Thread 92" [_thread_blocked, id=8256, stack(0x000000006ae10000,0x000000006af10000)]
  0x000000005eab0000 JavaThread "jar transforms Thread 91" [_thread_blocked, id=8252, stack(0x0000000069730000,0x0000000069830000)]
  0x000000005eaaf000 JavaThread "jar transforms Thread 90" [_thread_blocked, id=8260, stack(0x000000006ac50000,0x000000006ad50000)]
  0x000000005eaae800 JavaThread "jar transforms Thread 89" [_thread_blocked, id=7440, stack(0x000000006a9d0000,0x000000006aad0000)]
  0x000000005eaad800 JavaThread "jar transforms Thread 88" [_thread_blocked, id=6152, stack(0x000000006a880000,0x000000006a980000)]
  0x000000005eaad000 JavaThread "jar transforms Thread 87" [_thread_blocked, id=8524, stack(0x000000006a700000,0x000000006a800000)]
  0x000000005eaac000 JavaThread "jar transforms Thread 86" [_thread_blocked, id=9200, stack(0x0000000069ae0000,0x0000000069be0000)]
  0x000000005eaab800 JavaThread "jar transforms Thread 85" [_thread_blocked, id=7584, stack(0x000000006a3d0000,0x000000006a4d0000)]
  0x000000005eaaa800 JavaThread "jar transforms Thread 84" [_thread_blocked, id=8572, stack(0x000000006a4f0000,0x000000006a5f0000)]
  0x000000005eaaa000 JavaThread "jar transforms Thread 83" [_thread_blocked, id=9428, stack(0x0000000069f80000,0x000000006a080000)]
  0x000000006011e800 JavaThread "jar transforms Thread 82" [_thread_blocked, id=7224, stack(0x000000006a2a0000,0x000000006a3a0000)]
  0x000000006011d800 JavaThread "jar transforms Thread 81" [_thread_blocked, id=10164, stack(0x000000006a0b0000,0x000000006a1b0000)]
  0x000000006011d000 JavaThread "jar transforms Thread 80" [_thread_blocked, id=9416, stack(0x0000000069d50000,0x0000000069e50000)]
  0x000000006011c000 JavaThread "jar transforms Thread 79" [_thread_blocked, id=2596, stack(0x0000000069e60000,0x0000000069f60000)]
  0x000000006011b800 JavaThread "jar transforms Thread 78" [_thread_blocked, id=9076, stack(0x0000000069c40000,0x0000000069d40000)]
  0x000000006011a800 JavaThread "jar transforms Thread 77" [_thread_blocked, id=9844, stack(0x00000000694a0000,0x00000000695a0000)]
  0x000000006011a000 JavaThread "jar transforms Thread 76" [_thread_blocked, id=1612, stack(0x00000000699d0000,0x0000000069ad0000)]
  0x0000000060119000 JavaThread "jar transforms Thread 75" [_thread_blocked, id=3352, stack(0x0000000069830000,0x0000000069930000)]
  0x0000000060118800 JavaThread "jar transforms Thread 74" [_thread_blocked, id=5620, stack(0x0000000069630000,0x0000000069730000)]
  0x0000000060117800 JavaThread "jar transforms Thread 73" [_thread_blocked, id=5928, stack(0x0000000068d80000,0x0000000068e80000)]
  0x0000000061794000 JavaThread "jar transforms Thread 72" [_thread_blocked, id=9136, stack(0x0000000069380000,0x0000000069480000)]
  0x0000000061793800 JavaThread "jar transforms Thread 71" [_thread_blocked, id=8832, stack(0x0000000069260000,0x0000000069360000)]
  0x0000000061792800 JavaThread "jar transforms Thread 70" [_thread_blocked, id=7476, stack(0x0000000069090000,0x0000000069190000)]
  0x0000000061792000 JavaThread "jar transforms Thread 69" [_thread_blocked, id=9748, stack(0x0000000068ec0000,0x0000000068fc0000)]
  0x0000000061791000 JavaThread "jar transforms Thread 68" [_thread_blocked, id=7876, stack(0x0000000068bf0000,0x0000000068cf0000)]
  0x0000000061790800 JavaThread "jar transforms Thread 67" [_thread_blocked, id=4000, stack(0x0000000068a20000,0x0000000068b20000)]
  0x000000006178f800 JavaThread "jar transforms Thread 66" [_thread_blocked, id=9740, stack(0x00000000688f0000,0x00000000689f0000)]
  0x000000006178f000 JavaThread "jar transforms Thread 65" [_thread_blocked, id=8944, stack(0x0000000068640000,0x0000000068740000)]
  0x000000006178e000 JavaThread "jar transforms Thread 64" [_thread_blocked, id=7404, stack(0x0000000068750000,0x0000000068850000)]
  0x000000006178d800 JavaThread "jar transforms Thread 63" [_thread_blocked, id=6888, stack(0x0000000067fa0000,0x00000000680a0000)]
  0x0000000061b83800 JavaThread "jar transforms Thread 62" [_thread_blocked, id=8052, stack(0x0000000068540000,0x0000000068640000)]
  0x0000000061b82800 JavaThread "jar transforms Thread 61" [_thread_blocked, id=3080, stack(0x0000000067810000,0x0000000067910000)]
  0x0000000061b82000 JavaThread "jar transforms Thread 60" [_thread_blocked, id=6020, stack(0x0000000068350000,0x0000000068450000)]
  0x0000000061b81000 JavaThread "jar transforms Thread 59" [_thread_blocked, id=1952, stack(0x00000000681a0000,0x00000000682a0000)]
  0x0000000061b80000 JavaThread "jar transforms Thread 58" [_thread_blocked, id=8584, stack(0x00000000673d0000,0x00000000674d0000)]
  0x0000000061b7f800 JavaThread "jar transforms Thread 57" [_thread_blocked, id=3980, stack(0x00000000680a0000,0x00000000681a0000)]
  0x0000000061b7e800 JavaThread "jar transforms Thread 56" [_thread_blocked, id=1140, stack(0x0000000067ea0000,0x0000000067fa0000)]
  0x0000000061b7e000 JavaThread "jar transforms Thread 55" [_thread_blocked, id=8096, stack(0x0000000067d40000,0x0000000067e40000)]
  0x0000000061b7d000 JavaThread "jar transforms Thread 54" [_thread_blocked, id=7188, stack(0x00000000675d0000,0x00000000676d0000)]
  0x0000000061b7c800 JavaThread "jar transforms Thread 53" [_thread_blocked, id=4536, stack(0x0000000067ba0000,0x0000000067ca0000)]
  0x0000000060142000 JavaThread "jar transforms Thread 52" [_thread_blocked, id=6092, stack(0x0000000067a40000,0x0000000067b40000)]
  0x0000000060141800 JavaThread "jar transforms Thread 51" [_thread_blocked, id=7196, stack(0x0000000067930000,0x0000000067a30000)]
  0x0000000060140800 JavaThread "jar transforms Thread 50" [_thread_blocked, id=6532, stack(0x0000000066c20000,0x0000000066d20000)]
  0x0000000060140000 JavaThread "jar transforms Thread 49" [_thread_blocked, id=6848, stack(0x00000000676f0000,0x00000000677f0000)]
  0x000000006013f000 JavaThread "jar transforms Thread 48" [_thread_blocked, id=7980, stack(0x00000000674d0000,0x00000000675d0000)]
  0x000000006013e800 JavaThread "jar transforms Thread 47" [_thread_blocked, id=8108, stack(0x00000000672d0000,0x00000000673d0000)]
  0x000000006013d800 JavaThread "jar transforms Thread 46" [_thread_blocked, id=6708, stack(0x00000000671b0000,0x00000000672b0000)]
  0x000000006013d000 JavaThread "jar transforms Thread 45" [_thread_blocked, id=8408, stack(0x0000000067060000,0x0000000067160000)]
  0x000000006013c000 JavaThread "jar transforms Thread 44" [_thread_blocked, id=8312, stack(0x0000000066e70000,0x0000000066f70000)]
  0x000000006013b800 JavaThread "jar transforms Thread 43" [_thread_blocked, id=7384, stack(0x0000000066d30000,0x0000000066e30000)]
  0x000000006178c000 JavaThread "jar transforms Thread 42" [_thread_blocked, id=8376, stack(0x0000000066a90000,0x0000000066b90000)]
  0x000000006178b800 JavaThread "jar transforms Thread 41" [_thread_blocked, id=8400, stack(0x0000000066820000,0x0000000066920000)]
  0x000000006178a800 JavaThread "jar transforms Thread 40" [_thread_blocked, id=8752, stack(0x0000000066930000,0x0000000066a30000)]
  0x000000006178a000 JavaThread "jar transforms Thread 39" [_thread_blocked, id=8308, stack(0x0000000065640000,0x0000000065740000)]
  0x0000000061789000 JavaThread "jar transforms Thread 38" [_thread_blocked, id=8212, stack(0x0000000066670000,0x0000000066770000)]
  0x0000000061788800 JavaThread "jar transforms Thread 37" [_thread_blocked, id=8340, stack(0x00000000664c0000,0x00000000665c0000)]
  0x0000000061787800 JavaThread "jar transforms Thread 36" [_thread_blocked, id=8356, stack(0x0000000066350000,0x0000000066450000)]
  0x0000000061787000 JavaThread "jar transforms Thread 35" [_thread_blocked, id=8348, stack(0x0000000065430000,0x0000000065530000)]
  0x0000000061786000 JavaThread "jar transforms Thread 34" [_thread_blocked, id=8328, stack(0x0000000065e40000,0x0000000065f40000)]
  0x0000000061785800 JavaThread "jar transforms Thread 33" [_thread_blocked, id=8368, stack(0x000000005dad0000,0x000000005dbd0000)]
  0x000000005ba66000 JavaThread "jar transforms Thread 32" [_thread_blocked, id=8352, stack(0x0000000066150000,0x0000000066250000)]
  0x000000005ba65800 JavaThread "jar transforms Thread 31" [_thread_blocked, id=8204, stack(0x0000000065f90000,0x0000000066090000)]
  0x000000005ba64800 JavaThread "jar transforms Thread 30" [_thread_blocked, id=7516, stack(0x0000000065d40000,0x0000000065e40000)]
  0x000000005ba64000 JavaThread "jar transforms Thread 29" [_thread_blocked, id=8360, stack(0x000000005d720000,0x000000005d820000)]
  0x000000005ba63000 JavaThread "jar transforms Thread 28" [_thread_blocked, id=7388, stack(0x00000000641f0000,0x00000000642f0000)]
  0x000000005ba62800 JavaThread "jar transforms Thread 27" [_thread_blocked, id=8288, stack(0x0000000065be0000,0x0000000065ce0000)]
  0x000000005ba61800 JavaThread "jar transforms Thread 26" [_thread_blocked, id=216, stack(0x0000000065a10000,0x0000000065b10000)]
  0x000000005ba61000 JavaThread "jar transforms Thread 25" [_thread_blocked, id=8324, stack(0x0000000065850000,0x0000000065950000)]
  0x000000005ba60000 JavaThread "jar transforms Thread 24" [_thread_blocked, id=8292, stack(0x0000000065750000,0x0000000065850000)]
  0x000000005ba5f800 JavaThread "jar transforms Thread 23" [_thread_blocked, id=5840, stack(0x0000000065530000,0x0000000065630000)]
  0x000000005ea10000 JavaThread "jar transforms Thread 22" [_thread_blocked, id=1320, stack(0x0000000064af0000,0x0000000064bf0000)]
  0x000000005ea0f000 JavaThread "jar transforms Thread 21" [_thread_blocked, id=9972, stack(0x00000000652e0000,0x00000000653e0000)]
  0x000000005ea0e800 JavaThread "jar transforms Thread 20" [_thread_blocked, id=1692, stack(0x00000000651c0000,0x00000000652c0000)]
  0x000000005ea0d800 JavaThread "jar transforms Thread 19" [_thread_blocked, id=2180, stack(0x0000000065030000,0x0000000065130000)]
  0x000000005ea0d000 JavaThread "jar transforms Thread 18" [_thread_blocked, id=4108, stack(0x0000000064ec0000,0x0000000064fc0000)]
  0x000000005ea0c000 JavaThread "jar transforms Thread 17" [_thread_blocked, id=5488, stack(0x0000000064da0000,0x0000000064ea0000)]
  0x000000005ea0b800 JavaThread "jar transforms Thread 16" [_thread_blocked, id=8012, stack(0x0000000064bf0000,0x0000000064cf0000)]
  0x000000005ea0a800 JavaThread "jar transforms Thread 15" [_thread_blocked, id=9728, stack(0x00000000644a0000,0x00000000645a0000)]
  0x000000005ea0a000 JavaThread "jar transforms Thread 14" [_thread_blocked, id=8948, stack(0x00000000649d0000,0x0000000064ad0000)]
  0x000000005ea09000 JavaThread "jar transforms Thread 13" [_thread_blocked, id=8004, stack(0x0000000064870000,0x0000000064970000)]
  0x000000005ba7f000 JavaThread "jar transforms Thread 12" [_thread_blocked, id=6884, stack(0x000000005c930000,0x000000005ca30000)]
  0x000000005ba7e000 JavaThread "jar transforms Thread 11" [_thread_blocked, id=8772, stack(0x00000000646a0000,0x00000000647a0000)]
  0x000000005ba7d800 JavaThread "jar transforms Thread 10" [_thread_blocked, id=9064, stack(0x00000000645a0000,0x00000000646a0000)]
  0x000000005ba7c800 JavaThread "jar transforms Thread 9" [_thread_blocked, id=500, stack(0x0000000063fd0000,0x00000000640d0000)]
  0x000000005ba7c000 JavaThread "jar transforms Thread 8" [_thread_blocked, id=9764, stack(0x0000000064300000,0x0000000064400000)]
  0x000000005ba7b000 JavaThread "jar transforms Thread 7" [_thread_blocked, id=7628, stack(0x00000000640f0000,0x00000000641f0000)]
  0x000000005ba7a800 JavaThread "jar transforms Thread 6" [_thread_blocked, id=9556, stack(0x00000000639c0000,0x0000000063ac0000)]
  0x000000005ba79800 JavaThread "jar transforms Thread 5" [_thread_blocked, id=9904, stack(0x0000000063ea0000,0x0000000063fa0000)]
  0x000000005ba79000 JavaThread "jar transforms Thread 4" [_thread_blocked, id=3696, stack(0x0000000063da0000,0x0000000063ea0000)]
  0x000000005ba78000 JavaThread "jar transforms Thread 3" [_thread_blocked, id=7296, stack(0x0000000063c90000,0x0000000063d90000)]
  0x0000000058894800 JavaThread "jar transforms Thread 2" [_thread_blocked, id=6016, stack(0x0000000063ad0000,0x0000000063bd0000)]
  0x000000005888c000 JavaThread "Cache worker for file content cache (C:\Users\Reginleif\.gradle\caches\6.5\fileContent)" [_thread_blocked, id=1960, stack(0x0000000062cc0000,0x0000000062dc0000)]
  0x000000005888b000 JavaThread "jar transforms" [_thread_blocked, id=9956, stack(0x0000000060f70000,0x0000000061070000)]
  0x000000005888a800 JavaThread "Cache worker for execution history cache (C:\Users\Reginleif\.gradle\caches\6.5\executionHistory)" [_thread_blocked, id=7044, stack(0x0000000062500000,0x0000000062600000)]
  0x0000000058886800 JavaThread "Cache worker for file hash cache (C:\Users\Reginleif\.gradle\caches\6.5\fileHashes)" [_thread_blocked, id=7244, stack(0x000000005ded0000,0x000000005dfd0000)]
  0x0000000058886000 JavaThread "File lock request listener" [_thread_in_native, id=9884, stack(0x000000005e6f0000,0x000000005e7f0000)]
  0x0000000059bd6000 JavaThread "Cache worker for journal cache (C:\Users\Reginleif\.gradle\caches\journal-1)" [_thread_blocked, id=9772, stack(0x000000005e5c0000,0x000000005e6c0000)]
  0x0000000059e1b800 JavaThread "Daemon worker" [_thread_in_native, id=5508, stack(0x000000005ddc0000,0x000000005dec0000)]
  0x000000005a872000 JavaThread "Daemon" [_thread_blocked, id=6064, stack(0x000000005d820000,0x000000005d920000)]
  0x000000005a85a800 JavaThread "Daemon periodic checks" [_thread_blocked, id=6496, stack(0x000000005ca30000,0x000000005cb30000)]
  0x000000005a856800 JavaThread "Incoming local TCP Connector on port 51027" [_thread_in_native, id=6776, stack(0x000000005c830000,0x000000005c930000)]
  0x00000000595b9800 JavaThread "Daemon health stats" [_thread_blocked, id=9892, stack(0x000000005bfb0000,0x000000005c0b0000)]
  0x000000005890c000 JavaThread "Service Thread" daemon [_thread_blocked, id=6908, stack(0x0000000059370000,0x0000000059470000)]
  0x0000000058885000 JavaThread "C1 CompilerThread2" daemon [_thread_blocked, id=9696, stack(0x0000000059120000,0x0000000059220000)]
  0x00000000574eb000 JavaThread "C2 CompilerThread1" daemon [_thread_in_native, id=5036, stack(0x0000000059220000,0x0000000059320000)]
=>0x000000005886c800 JavaThread "C2 CompilerThread0" daemon [_thread_in_native, id=5744, stack(0x0000000058e90000,0x0000000058f90000)]
  0x00000000574e7800 JavaThread "Attach Listener" daemon [_thread_blocked, id=9896, stack(0x0000000058fb0000,0x00000000590b0000)]
  0x00000000574e6000 JavaThread "Signal Dispatcher" daemon [_thread_blocked, id=8696, stack(0x0000000058cd0000,0x0000000058dd0000)]
  0x00000000574ca000 JavaThread "Finalizer" daemon [_thread_blocked, id=10128, stack(0x00000000586a0000,0x00000000587a0000)]
  0x00000000574c3000 JavaThread "Reference Handler" daemon [_thread_blocked, id=6516, stack(0x0000000058500000,0x0000000058600000)]
  0x000000000027f000 JavaThread "main" [_thread_blocked, id=8508, stack(0x0000000002300000,0x0000000002400000)]

Other Threads:
  0x000000005747b800 VMThread [stack: 0x00000000583e0000,0x00000000584e0000] [id=8868]
  0x000000005890e000 WatcherThread [stack: 0x0000000059490000,0x0000000059590000] [id=4244]

VM state:not at safepoint (normal execution)

VM Mutex/Monitor currently owned by a thread: None

heap address: 0x0000000080000000, size: 2048 MB, Compressed Oops mode: 32-bit
Narrow klass base: 0x0000000000000000, Narrow klass shift: 0
Compressed class space size: 1073741824 Address: 0x0000000016af0000

Heap:
 PSYoungGen      total 452608K, used 335558K [0x00000000d5580000, 0x00000000f8a00000, 0x0000000100000000)
  eden space 432640K, 77% used [0x00000000d5580000,0x00000000e9d31930,0x00000000efc00000)
  from space 19968K, 0% used [0x00000000efc00000,0x00000000efc00000,0x00000000f0f80000)
  to   space 24064K, 0% used [0x00000000f7280000,0x00000000f7280000,0x00000000f8a00000)
 ParOldGen       total 107008K, used 34316K [0x0000000080000000, 0x0000000086880000, 0x00000000d5580000)
  object space 107008K, 32% used [0x0000000080000000,0x0000000082183250,0x0000000086880000)
 Metaspace       used 70168K, capacity 73378K, committed 73624K, reserved 1112064K
  class space    used 9427K, capacity 10040K, committed 10152K, reserved 1048576K

Card table byte_map: [0x0000000011a90000,0x0000000011ea0000] byte_map_base: 0x0000000011690000

Marking Bits: (ParMarkBitMap*) 0x000000005d49f030
 Begin Bits: [0x00000000126f0000, 0x00000000146f0000)
 End Bits:   [0x00000000146f0000, 0x00000000166f0000)

Polling page: 0x0000000000230000

CodeCache: size=245760Kb used=23358Kb max_used=23462Kb free=222401Kb
 bounds [0x00000000026d0000, 0x0000000003e00000, 0x00000000116d0000]
 total_blobs=8306 nmethods=7509 adapters=710
 compilation: enabled

Compilation events (10 events):
Event: 65.719 Thread 0x0000000058885000 nmethod 8631 0x0000000002b00090 code [0x0000000002b00300, 0x0000000002b01308]
Event: 65.719 Thread 0x0000000058885000 8632       3       org.gradle.api.internal.artifacts.ivyservice.ivyresolve.ComponentMetaDataResolveState::resolve (93 bytes)
Event: 65.720 Thread 0x0000000058885000 nmethod 8632 0x0000000002b44510 code [0x0000000002b44720, 0x0000000002b44fd8]
Event: 65.720 Thread 0x0000000058885000 8634       3       org.gradle.internal.resolve.result.DefaultBuildableModuleComponentMetaDataResolveResult::assertHasResult (18 bytes)
Event: 65.720 Thread 0x0000000058885000 nmethod 8634 0x0000000003943b10 code [0x0000000003943ca0, 0x0000000003943fc8]
Event: 65.720 Thread 0x0000000058885000 8633       3       org.gradle.api.internal.artifacts.ivyservice.ivyresolve.ComponentMetaDataResolveState::process (68 bytes)
Event: 65.740 Thread 0x0000000058885000 nmethod 8633 0x00000000027fa9d0 code [0x00000000027faba0, 0x00000000027fb288]
Event: 65.740 Thread 0x0000000058885000 8635       3       org.gradle.api.internal.artifacts.ivyservice.ivyresolve.ComponentMetaDataResolveState::<init> (37 bytes)
Event: 65.741 Thread 0x0000000058885000 nmethod 8635 0x0000000002bd7550 code [0x0000000002bd7740, 0x0000000002bd7ec8]
Event: 65.741 Thread 0x0000000058885000 8636       3       org.gradle.internal.resolve.result.DefaultBuildableModuleComponentMetaDataResolveResult::<init> (12 bytes)

GC Heap History (10 events):
Event: 9.474 GC heap before
{Heap before GC invocations=8 (full 1):
 PSYoungGen      total 246784K, used 44818K [0x00000000d5580000, 0x00000000e6580000, 0x0000000100000000)
  eden space 234496K, 13% used [0x00000000d5580000,0x00000000d754c548,0x00000000e3a80000)
  from space 12288K, 99% used [0x00000000e5980000,0x00000000e65785a8,0x00000000e6580000)
  to   space 15360K, 0% used [0x00000000e4780000,0x00000000e4780000,0x00000000e5680000)
 ParOldGen       total 50688K, used 9344K [0x0000000080000000, 0x0000000083180000, 0x00000000d5580000)
  object space 50688K, 18% used [0x0000000080000000,0x00000000809203f0,0x0000000083180000)
 Metaspace       used 34249K, capacity 35380K, committed 35496K, reserved 1079296K
  class space    used 4688K, capacity 4969K, committed 5032K, reserved 1048576K
Event: 9.511 GC heap after
Heap after GC invocations=8 (full 1):
 PSYoungGen      total 263168K, used 7939K [0x00000000d5580000, 0x00000000f2300000, 0x0000000100000000)
  eden space 247808K, 0% used [0x00000000d5580000,0x00000000d5580000,0x00000000e4780000)
  from space 15360K, 51% used [0x00000000e4780000,0x00000000e4f40f50,0x00000000e5680000)
  to   space 14336K, 0% used [0x00000000f1500000,0x00000000f1500000,0x00000000f2300000)
 ParOldGen       total 50688K, used 9352K [0x0000000080000000, 0x0000000083180000, 0x00000000d5580000)
  object space 50688K, 18% used [0x0000000080000000,0x00000000809223f0,0x0000000083180000)
 Metaspace       used 34249K, capacity 35380K, committed 35496K, reserved 1079296K
  class space    used 4688K, capacity 4969K, committed 5032K, reserved 1048576K
}
Event: 9.511 GC heap before
{Heap before GC invocations=9 (full 2):
 PSYoungGen      total 263168K, used 7939K [0x00000000d5580000, 0x00000000f2300000, 0x0000000100000000)
  eden space 247808K, 0% used [0x00000000d5580000,0x00000000d5580000,0x00000000e4780000)
  from space 15360K, 51% used [0x00000000e4780000,0x00000000e4f40f50,0x00000000e5680000)
  to   space 14336K, 0% used [0x00000000f1500000,0x00000000f1500000,0x00000000f2300000)
 ParOldGen       total 50688K, used 9352K [0x0000000080000000, 0x0000000083180000, 0x00000000d5580000)
  object space 50688K, 18% used [0x0000000080000000,0x00000000809223f0,0x0000000083180000)
 Metaspace       used 34249K, capacity 35380K, committed 35496K, reserved 1079296K
  class space    used 4688K, capacity 4969K, committed 5032K, reserved 1048576K
Event: 9.635 GC heap after
Heap after GC invocations=9 (full 2):
 PSYoungGen      total 263168K, used 0K [0x00000000d5580000, 0x00000000f2300000, 0x0000000100000000)
  eden space 247808K, 0% used [0x00000000d5580000,0x00000000d5580000,0x00000000e4780000)
  from space 15360K, 0% used [0x00000000e4780000,0x00000000e4780000,0x00000000e5680000)
  to   space 14336K, 0% used [0x00000000f1500000,0x00000000f1500000,0x00000000f2300000)
 ParOldGen       total 69632K, used 14375K [0x0000000080000000, 0x0000000084400000, 0x00000000d5580000)
  object space 69632K, 20% used [0x0000000080000000,0x0000000080e09c88,0x0000000084400000)
 Metaspace       used 34249K, capacity 35380K, committed 35496K, reserved 1079296K
  class space    used 4688K, capacity 4969K, committed 5032K, reserved 1048576K
}
Event: 12.286 GC heap before
{Heap before GC invocations=10 (full 2):
 PSYoungGen      total 263168K, used 247808K [0x00000000d5580000, 0x00000000f2300000, 0x0000000100000000)
  eden space 247808K, 100% used [0x00000000d5580000,0x00000000e4780000,0x00000000e4780000)
  from space 15360K, 0% used [0x00000000e4780000,0x00000000e4780000,0x00000000e5680000)
  to   space 14336K, 0% used [0x00000000f1500000,0x00000000f1500000,0x00000000f2300000)
 ParOldGen       total 69632K, used 14375K [0x0000000080000000, 0x0000000084400000, 0x00000000d5580000)
  object space 69632K, 20% used [0x0000000080000000,0x0000000080e09c88,0x0000000084400000)
 Metaspace       used 48721K, capacity 50582K, committed 50728K, reserved 1093632K
  class space    used 6525K, capacity 6921K, committed 6952K, reserved 1048576K
Event: 12.307 GC heap after
Heap after GC invocations=10 (full 2):
 PSYoungGen      total 409600K, used 14319K [0x00000000d5580000, 0x00000000f2300000, 0x0000000100000000)
  eden space 395264K, 0% used [0x00000000d5580000,0x00000000d5580000,0x00000000ed780000)
  from space 14336K, 99% used [0x00000000f1500000,0x00000000f22fbd20,0x00000000f2300000)
  to   space 19968K, 0% used [0x00000000efc00000,0x00000000efc00000,0x00000000f0f80000)
 ParOldGen       total 69632K, used 22450K [0x0000000080000000, 0x0000000084400000, 0x00000000d5580000)
  object space 69632K, 32% used [0x0000000080000000,0x00000000815ec8e8,0x0000000084400000)
 Metaspace       used 48721K, capacity 50582K, committed 50728K, reserved 1093632K
  class space    used 6525K, capacity 6921K, committed 6952K, reserved 1048576K
}
Event: 13.623 GC heap before
{Heap before GC invocations=11 (full 2):
 PSYoungGen      total 409600K, used 118420K [0x00000000d5580000, 0x00000000f2300000, 0x0000000100000000)
  eden space 395264K, 26% used [0x00000000d5580000,0x00000000dbb29318,0x00000000ed780000)
  from space 14336K, 99% used [0x00000000f1500000,0x00000000f22fbd20,0x00000000f2300000)
  to   space 19968K, 0% used [0x00000000efc00000,0x00000000efc00000,0x00000000f0f80000)
 ParOldGen       total 69632K, used 22450K [0x0000000080000000, 0x0000000084400000, 0x00000000d5580000)
  object space 69632K, 32% used [0x0000000080000000,0x00000000815ec8e8,0x0000000084400000)
 Metaspace       used 56885K, capacity 59138K, committed 59160K, reserved 1099776K
  class space    used 7752K, capacity 8222K, committed 8232K, reserved 1048576K
Event: 13.652 GC heap after
Heap after GC invocations=11 (full 2):
 PSYoungGen      total 452608K, used 19943K [0x00000000d5580000, 0x00000000f8a00000, 0x0000000100000000)
  eden space 432640K, 0% used [0x00000000d5580000,0x00000000d5580000,0x00000000efc00000)
  from space 19968K, 99% used [0x00000000efc00000,0x00000000f0f79d18,0x00000000f0f80000)
  to   space 24064K, 0% used [0x00000000f7280000,0x00000000f7280000,0x00000000f8a00000)
 ParOldGen       total 69632K, used 24904K [0x0000000080000000, 0x0000000084400000, 0x00000000d5580000)
  object space 69632K, 35% used [0x0000000080000000,0x00000000818521e8,0x0000000084400000)
 Metaspace       used 56885K, capacity 59138K, committed 59160K, reserved 1099776K
  class space    used 7752K, capacity 8222K, committed 8232K, reserved 1048576K
}
Event: 13.652 GC heap before
{Heap before GC invocations=12 (full 3):
 PSYoungGen      total 452608K, used 19943K [0x00000000d5580000, 0x00000000f8a00000, 0x0000000100000000)
  eden space 432640K, 0% used [0x00000000d5580000,0x00000000d5580000,0x00000000efc00000)
  from space 19968K, 99% used [0x00000000efc00000,0x00000000f0f79d18,0x00000000f0f80000)
  to   space 24064K, 0% used [0x00000000f7280000,0x00000000f7280000,0x00000000f8a00000)
 ParOldGen       total 69632K, used 24904K [0x0000000080000000, 0x0000000084400000, 0x00000000d5580000)
  object space 69632K, 35% used [0x0000000080000000,0x00000000818521e8,0x0000000084400000)
 Metaspace       used 56885K, capacity 59138K, committed 59160K, reserved 1099776K
  class space    used 7752K, capacity 8222K, committed 8232K, reserved 1048576K
Event: 13.915 GC heap after
Heap after GC invocations=12 (full 3):
 PSYoungGen      total 452608K, used 0K [0x00000000d5580000, 0x00000000f8a00000, 0x0000000100000000)
  eden space 432640K, 0% used [0x00000000d5580000,0x00000000d5580000,0x00000000efc00000)
  from space 19968K, 0% used [0x00000000efc00000,0x00000000efc00000,0x00000000f0f80000)
  to   space 24064K, 0% used [0x00000000f7280000,0x00000000f7280000,0x00000000f8a00000)
 ParOldGen       total 107008K, used 34316K [0x0000000080000000, 0x0000000086880000, 0x00000000d5580000)
  object space 107008K, 32% used [0x0000000080000000,0x0000000082183250,0x0000000086880000)
 Metaspace       used 56862K, capacity 59060K, committed 59160K, reserved 1099776K
  class space    used 7745K, capacity 8209K, committed 8232K, reserved 1048576K
}

Deoptimization events (10 events):
Event: 19.121 Thread 0x000000005a874800 Uncommon trap: reason=unstable_if action=reinterpret pc=0x0000000002d59a98 method=com.esotericsoftware.kryo.io.Input.require(I)I @ 180
Event: 19.142 Thread 0x000000005a872000 Uncommon trap: reason=unstable_if action=reinterpret pc=0x0000000003873abc method=java.util.HashMap$HashIterator.<init>(Ljava/util/HashMap;)V @ 45
Event: 65.612 Thread 0x0000000059e1b800 Uncommon trap: reason=unstable_if action=reinterpret pc=0x0000000003d6201c method=org.gradle.cache.internal.DefaultCrossBuildInMemoryCacheFactory$AbstractCrossBuildInMemoryCache.getIfPresent(Ljava/lang/Object;)Ljava/lang/Object; @ 24
Event: 65.624 Thread 0x0000000059e1b800 Uncommon trap: reason=unstable_if action=reinterpret pc=0x0000000003d793fc method=org.gradle.tooling.internal.provider.runner.SubtreeFilteringBuildOperationListener.started(Lorg/gradle/internal/operations/BuildOperationDescriptor;Lorg/gradle/internal/oper
Event: 65.640 Thread 0x0000000059e1b800 Uncommon trap: reason=class_check action=maybe_recompile pc=0x0000000002a063f8 method=java.util.regex.Matcher.getTextLength()I @ 4
Event: 65.650 Thread 0x0000000059e1b800 Uncommon trap: reason=bimorphic action=maybe_recompile pc=0x0000000003d846c8 method=com.google.common.cache.LocalCache$Segment.getLiveValue(Lcom/google/common/cache/ReferenceEntry;J)Ljava/lang/Object; @ 21
Event: 65.662 Thread 0x0000000059e1b800 Uncommon trap: reason=unstable_if action=reinterpret pc=0x00000000039a94dc method=com.google.common.collect.MapMakerInternalMap$Segment.getEntry(Ljava/lang/Object;I)Lcom/google/common/collect/MapMakerInternalMap$InternalEntry; @ 4
Event: 65.662 Thread 0x0000000059e1b800 Uncommon trap: reason=bimorphic action=maybe_recompile pc=0x0000000003d845a4 method=com.google.common.cache.LocalCache$Segment.getLiveValue(Lcom/google/common/cache/ReferenceEntry;J)Ljava/lang/Object; @ 1
Event: 65.667 Thread 0x0000000059e1b800 Uncommon trap: reason=bimorphic action=maybe_recompile pc=0x0000000003d845a4 method=com.google.common.cache.LocalCache$Segment.getLiveValue(Lcom/google/common/cache/ReferenceEntry;J)Ljava/lang/Object; @ 1
Event: 65.669 Thread 0x0000000059e1b800 Uncommon trap: reason=bimorphic action=maybe_recompile pc=0x0000000003d845a4 method=com.google.common.cache.LocalCache$Segment.getLiveValue(Lcom/google/common/cache/ReferenceEntry;J)Ljava/lang/Object; @ 1

Classes redefined (0 events):
No events

Internal exceptions (10 events):
Event: 17.419 Thread 0x00000000600de800 Exception <a 'sun/nio/fs/WindowsException'> (0x00000000e30bca68) thrown at [C:\src\AOSP-openjdk-git\hotspot\src\share\vm\prims\jni.cpp, line 710]
Event: 17.419 Thread 0x00000000600de800 Exception <a 'sun/nio/fs/WindowsException'> (0x00000000e30bd7e0) thrown at [C:\src\AOSP-openjdk-git\hotspot\src\share\vm\prims\jni.cpp, line 710]
Event: 17.420 Thread 0x00000000600de800 Exception <a 'sun/nio/fs/WindowsException'> (0x00000000e30bfa28) thrown at [C:\src\AOSP-openjdk-git\hotspot\src\share\vm\prims\jni.cpp, line 710]
Event: 17.420 Thread 0x00000000600de800 Exception <a 'sun/nio/fs/WindowsException'> (0x00000000e30c07b0) thrown at [C:\src\AOSP-openjdk-git\hotspot\src\share\vm\prims\jni.cpp, line 710]
Event: 17.712 Thread 0x000000005a2e3800 Exception <a 'java/lang/NoSuchMethodError': <clinit>> (0x00000000d5c17090) thrown at [C:\src\AOSP-openjdk-git\hotspot\src\share\vm\prims\jni.cpp, line 1615]
Event: 18.235 Thread 0x00000000600de800 Exception <a 'sun/nio/fs/WindowsException'> (0x00000000e4d4cf50) thrown at [C:\src\AOSP-openjdk-git\hotspot\src\share\vm\prims\jni.cpp, line 710]
Event: 18.235 Thread 0x00000000600de800 Exception <a 'sun/nio/fs/WindowsException'> (0x00000000e4d4dcb0) thrown at [C:\src\AOSP-openjdk-git\hotspot\src\share\vm\prims\jni.cpp, line 710]
Event: 18.477 Thread 0x0000000058893000 Implicit null exception at 0x0000000003d46830 to 0x0000000003d46fc1
Event: 59.012 Thread 0x00000000600dc800 Exception <a 'java/lang/NoSuchMethodError': java.lang.Object.lambda$comparingInt$7b0bb60$1(Ljava/util/function/ToIntFunction;Ljava/lang/Object;Ljava/lang/Object;)I> (0x00000000d5d9b9a8) thrown at [C:\src\AOSP-openjdk-git\hotspot\src\share\vm\interpreter\l
Event: 65.624 Thread 0x0000000059e1b800 Implicit null exception at 0x0000000003d78ace to 0x0000000003d793e1

Events (10 events):
Event: 65.662 Thread 0x0000000059e1b800 DEOPT UNPACKING pc=0x000000000271557b sp=0x000000005debb650 mode 2
Event: 65.662 Thread 0x0000000059e1b800 Uncommon trap: trap_request=0xffffffc6 fr.pc=0x0000000003d845a4
Event: 65.662 Thread 0x0000000059e1b800 DEOPT PACKING pc=0x0000000003d845a4 sp=0x000000005debb620
Event: 65.662 Thread 0x0000000059e1b800 DEOPT UNPACKING pc=0x000000000271557b sp=0x000000005debb548 mode 2
Event: 65.667 Thread 0x0000000059e1b800 Uncommon trap: trap_request=0xffffffc6 fr.pc=0x0000000003d845a4
Event: 65.667 Thread 0x0000000059e1b800 DEOPT PACKING pc=0x0000000003d845a4 sp=0x000000005debb620
Event: 65.667 Thread 0x0000000059e1b800 DEOPT UNPACKING pc=0x000000000271557b sp=0x000000005debb548 mode 2
Event: 65.669 Thread 0x0000000059e1b800 Uncommon trap: trap_request=0xffffffc6 fr.pc=0x0000000003d845a4
Event: 65.669 Thread 0x0000000059e1b800 DEOPT PACKING pc=0x0000000003d845a4 sp=0x000000005debb620
Event: 65.669 Thread 0x0000000059e1b800 DEOPT UNPACKING pc=0x000000000271557b sp=0x000000005debb548 mode 2


Dynamic libraries:
0x000000013f3d0000 - 0x000000013f401000 	C:\Program Files\Android\Android Studio\jre\bin\java.exe
0x0000000077ae0000 - 0x0000000077c7f000 	C:\Windows\SYSTEM32\ntdll.dll
0x00000000778c0000 - 0x00000000779df000 	C:\Windows\system32\kernel32.dll
0x000007fefd7d0000 - 0x000007fefd837000 	C:\Windows\system32\KERNELBASE.dll
0x000007fefd9f0000 - 0x000007fefdacb000 	C:\Windows\system32\ADVAPI32.dll
0x000007feffc90000 - 0x000007feffd2f000 	C:\Windows\system32\msvcrt.dll
0x000007feff090000 - 0x000007feff0af000 	C:\Windows\SYSTEM32\sechost.dll
0x000007feff0b0000 - 0x000007feff1dc000 	C:\Windows\system32\RPCRT4.dll
0x00000000779e0000 - 0x0000000077adb000 	C:\Windows\system32\USER32.dll
0x000007feff3c0000 - 0x000007feff427000 	C:\Windows\system32\GDI32.dll
0x000007fefde20000 - 0x000007fefde2e000 	C:\Windows\system32\LPK.dll
0x000007feff690000 - 0x000007feff75b000 	C:\Windows\system32\USP10.dll
0x000007fefce60000 - 0x000007fefd055000 	C:\Windows\WinSxS\amd64_microsoft.windows.common-controls_6595b64144ccf1df_6.0.7601.24483_none_e372d88f30fbb845\COMCTL32.dll
0x000007fefdc10000 - 0x000007fefdc81000 	C:\Windows\system32\SHLWAPI.dll
0x000007feff600000 - 0x000007feff62e000 	C:\Windows\system32\IMM32.DLL
0x000007feff4f0000 - 0x000007feff5fb000 	C:\Windows\system32\MSCTF.dll
0x000000005c360000 - 0x000000005c432000 	C:\Program Files\Android\Android Studio\jre\jre\bin\msvcr100.dll
0x000000005ccd0000 - 0x000000005d51b000 	C:\Program Files\Android\Android Studio\jre\jre\bin\server\jvm.dll
0x000007fef8e30000 - 0x000007fef8e39000 	C:\Windows\system32\WSOCK32.dll
0x000007fefdbc0000 - 0x000007fefdc0d000 	C:\Windows\system32\WS2_32.dll
0x000007fefdbb0000 - 0x000007fefdbb8000 	C:\Windows\system32\NSI.dll
0x000007fefb1d0000 - 0x000007fefb20b000 	C:\Windows\system32\WINMM.dll
0x000007fefc310000 - 0x000007fefc31c000 	C:\Windows\system32\VERSION.dll
0x0000000077c80000 - 0x0000000077c87000 	C:\Windows\system32\PSAPI.DLL
0x000007fefa830000 - 0x000007fefa83f000 	C:\Program Files\Android\Android Studio\jre\jre\bin\verify.dll
0x000007fefa800000 - 0x000007fefa829000 	C:\Program Files\Android\Android Studio\jre\jre\bin\java.dll
0x000007fefa7e0000 - 0x000007fefa7f6000 	C:\Program Files\Android\Android Studio\jre\jre\bin\zip.dll
0x000007fefe030000 - 0x000007fefedbb000 	C:\Windows\system32\SHELL32.dll
0x000007fefde30000 - 0x000007fefe02f000 	C:\Windows\system32\ole32.dll
0x000007fefd630000 - 0x000007fefd63f000 	C:\Windows\system32\profapi.dll
0x000007fefa760000 - 0x000007fefa77a000 	C:\Program Files\Android\Android Studio\jre\jre\bin\net.dll
0x000007fefcb00000 - 0x000007fefcb55000 	C:\Windows\system32\mswsock.dll
0x000007fefcd20000 - 0x000007fefcd27000 	C:\Windows\System32\wship6.dll
0x000007fefa740000 - 0x000007fefa753000 	C:\Program Files\Android\Android Studio\jre\jre\bin\nio.dll
0x000007fee7fa0000 - 0x000007fee7fc7000 	C:\Users\Reginleif\.gradle\native\f6784746aeab05261644944871eae4fe03e0ef1612fff0a4a95f87b438bc6780\windows-amd64\native-platform.dll
0x000007fefcba0000 - 0x000007fefcba3000 	C:\Windows\system32\api-ms-win-core-synch-l1-2-0.DLL
0x000007fefa7d0000 - 0x000007fefa7dd000 	C:\Program Files\Android\Android Studio\jre\jre\bin\management.dll
0x000007fefcc10000 - 0x000007fefcc28000 	C:\Windows\system32\CRYPTSP.dll
0x000007fefc7d0000 - 0x000007fefc817000 	C:\Windows\system32\rsaenh.dll
0x000007fefd8f0000 - 0x000007fefd90f000 	C:\Windows\system32\USERENV.dll
0x000007fefd4d0000 - 0x000007fefd4df000 	C:\Windows\system32\CRYPTBASE.dll
0x000007fef9a40000 - 0x000007fef9a67000 	C:\Windows\system32\IPHLPAPI.DLL
0x000007fefab30000 - 0x000007fefab3b000 	C:\Windows\system32\WINNSI.DLL
0x000007fef9240000 - 0x000007fef9251000 	C:\Windows\system32\dhcpcsvc6.DLL
0x000007fef9680000 - 0x000007fef9698000 	C:\Windows\system32\dhcpcsvc.DLL
0x000007fefd470000 - 0x000007fefd4c7000 	C:\Windows\system32\apphelp.dll

VM Arguments:
jvm_args: -Xmx2048m -Dfile.encoding=UTF-8 -Duser.country=US -Duser.language=en -Duser.variant 
java_command: org.gradle.launcher.daemon.bootstrap.GradleDaemon 6.5
java_class_path (initial): C:\Users\Reginleif\.gradle\wrapper\dists\gradle-6.5-bin\6nifqtx7604sqp1q6g8wikw7p\gradle-6.5\lib\gradle-launcher-6.5.jar
Launcher Type: SUN_STANDARD

Environment Variables:
JAVA_HOME=C:\Program Files\Java\jdk1.8.0_261
USERNAME=Reginleif
OS=Windows_NT
PROCESSOR_IDENTIFIER=Intel64 Family 6 Model 58 Stepping 9, GenuineIntel



---------------  S Y S T E M  ---------------

OS: Windows 7 , 64 bit Build 7601 (6.1.7601.24545)

CPU:total 4 (initial active 4) (2 cores per cpu, 2 threads per core) family 6 model 58 stepping 9, cmov, cx8, fxsr, mmx, sse, sse2, sse3, ssse3, sse4.1, sse4.2, popcnt, avx, aes, clmul, erms, ht, tsc, tscinvbit, tscinv

Memory: 4k page, physical 8059016k(697672k free), swap 9105692k(5148k free)

vm_info: OpenJDK 64-Bit Server VM (25.242-b01) for windows-amd64 JRE (1.8.0_242-release-1644-b01), built by "builder" with MS VC++ 10.0 (VS2010)

time: Fri Jun 18 08:53:20 2021
timezone: Russia TZ 2 Standard Time
elapsed time: 65 seconds (0d 0h 1m 5s)

