#
# There is insufficient memory for the Java Runtime Environment to continue.
# Native memory allocation (malloc) failed to allocate 65552 bytes for Chunk::new
# Possible reasons:
#   The system is out of physical RAM or swap space
#   The process is running with CompressedOops enabled, and the Java Heap may be blocking the growth of the native heap
# Possible solutions:
#   Reduce memory load on the system
#   Increase physical memory or swap space
#   Check if swap backing store is full
#   Decrease Java heap size (-Xmx/-Xms)
#   Decrease number of Java threads
#   Decrease Java thread stack sizes (-Xss)
#   Set larger code cache with -XX:ReservedCodeCacheSize=
#   JVM is running with Unscaled Compressed Oops mode in which the Java heap is
#     placed in the first 4GB address space. The Java Heap base address is the
#     maximum limit for the native heap growth. Please use -XX:HeapBaseMinAddress
#     to set the Java Heap base and to place the Java Heap above 4GB virtual address.
# This output file may be truncated or incomplete.
#
#  Out of Memory Error (allocation.cpp:389), pid=9208, tid=0x0000000000001ce4
#
# JRE version: OpenJDK Runtime Environment (8.0_242-b01) (build 1.8.0_242-release-1644-b01)
# Java VM: OpenJDK 64-Bit Server VM (25.242-b01 mixed mode windows-amd64 compressed oops)
# Failed to write core dump. Minidumps are not enabled by default on client versions of Windows
#

---------------  T H R E A D  ---------------

Current thread (0x0000000058cfc800):  JavaThread "C2 CompilerThread0" daemon [_thread_in_native, id=7396, stack(0x00000000593a0000,0x00000000594a0000)]

Stack: [0x00000000593a0000,0x00000000594a0000]
[error occurred during error reporting (printing stack bounds), id 0xc0000005]

Native frames: (J=compiled Java code, j=interpreted, Vv=VM code, C=native code)


Current CompileTask:
C2:  16155 5137 %     4       org.gradle.internal.instantiation.generator.AbstractClassGenerator::inspectType @ 107 (560 bytes)


---------------  P R O C E S S  ---------------

Java Threads: ( => current thread )
  0x000000005bdb6000 JavaThread "Cache worker for Build Output Cleanup Cache (C:\Users\Reginleif\Desktop\knowledge_base\labs_tasks\rpo-baltin-2021\fclient\.gradle\buildOutputCleanup)" [_thread_blocked, id=8332, stack(0x000000006b0c0000,0x000000006b1c0000)]
  0x000000005bdb5800 JavaThread "jar transforms Thread 92" [_thread_blocked, id=7120, stack(0x000000006ac80000,0x000000006ad80000)]
  0x000000005bdb4800 JavaThread "jar transforms Thread 91" [_thread_blocked, id=5216, stack(0x000000006aac0000,0x000000006abc0000)]
  0x000000005bdb4000 JavaThread "jar transforms Thread 90" [_thread_blocked, id=8684, stack(0x000000006a8c0000,0x000000006a9c0000)]
  0x000000005bdb3000 JavaThread "jar transforms Thread 89" [_thread_blocked, id=6720, stack(0x000000006a680000,0x000000006a780000)]
  0x000000005bdb2800 JavaThread "jar transforms Thread 88" [_thread_blocked, id=8960, stack(0x000000006a490000,0x000000006a590000)]
  0x000000005bdb1800 JavaThread "jar transforms Thread 87" [_thread_blocked, id=8056, stack(0x0000000069ca0000,0x0000000069da0000)]
  0x000000005bdb1000 JavaThread "jar transforms Thread 86" [_thread_blocked, id=4508, stack(0x000000006a290000,0x000000006a390000)]
  0x000000005bdb0000 JavaThread "jar transforms Thread 85" [_thread_blocked, id=7884, stack(0x000000006a090000,0x000000006a190000)]
  0x000000005bdaf800 JavaThread "jar transforms Thread 84" [_thread_blocked, id=8808, stack(0x0000000069ed0000,0x0000000069fd0000)]
  0x0000000061206800 JavaThread "jar transforms Thread 83" [_thread_blocked, id=2176, stack(0x0000000069db0000,0x0000000069eb0000)]
  0x0000000061205800 JavaThread "jar transforms Thread 82" [_thread_blocked, id=9384, stack(0x0000000069b70000,0x0000000069c70000)]
  0x0000000061205000 JavaThread "jar transforms Thread 81" [_thread_blocked, id=4248, stack(0x0000000069a10000,0x0000000069b10000)]
  0x0000000061204000 JavaThread "jar transforms Thread 80" [_thread_blocked, id=9756, stack(0x00000000692c0000,0x00000000693c0000)]
  0x0000000061203800 JavaThread "jar transforms Thread 79" [_thread_blocked, id=9688, stack(0x0000000069870000,0x0000000069970000)]
  0x0000000061202800 JavaThread "jar transforms Thread 78" [_thread_blocked, id=7900, stack(0x0000000069710000,0x0000000069810000)]
  0x0000000061202000 JavaThread "jar transforms Thread 77" [_thread_blocked, id=6048, stack(0x0000000068cf0000,0x0000000068df0000)]
  0x0000000061201000 JavaThread "jar transforms Thread 76" [_thread_blocked, id=5996, stack(0x00000000695a0000,0x00000000696a0000)]
  0x0000000061200800 JavaThread "jar transforms Thread 75" [_thread_blocked, id=9792, stack(0x0000000069450000,0x0000000069550000)]
  0x00000000611ff800 JavaThread "jar transforms Thread 74" [_thread_blocked, id=3908, stack(0x00000000691a0000,0x00000000692a0000)]
  0x000000005bc94000 JavaThread "jar transforms Thread 73" [_thread_blocked, id=9016, stack(0x0000000068fb0000,0x00000000690b0000)]
  0x000000005bc93800 JavaThread "jar transforms Thread 72" [_thread_blocked, id=7424, stack(0x0000000068e00000,0x0000000068f00000)]
  0x000000005bc92800 JavaThread "jar transforms Thread 71" [_thread_blocked, id=1504, stack(0x0000000068ac0000,0x0000000068bc0000)]
  0x000000005bc92000 JavaThread "jar transforms Thread 70" [_thread_blocked, id=6628, stack(0x0000000068bf0000,0x0000000068cf0000)]
  0x000000005bc91000 JavaThread "jar transforms Thread 69" [_thread_blocked, id=8800, stack(0x0000000068920000,0x0000000068a20000)]
  0x000000005bc90800 JavaThread "jar transforms Thread 68" [_thread_blocked, id=9056, stack(0x0000000068810000,0x0000000068910000)]
  0x000000005bc8f800 JavaThread "jar transforms Thread 67" [_thread_blocked, id=9404, stack(0x0000000068700000,0x0000000068800000)]
  0x000000005bc8f000 JavaThread "jar transforms Thread 66" [_thread_blocked, id=9480, stack(0x00000000685a0000,0x00000000686a0000)]
  0x000000005bc8e000 JavaThread "jar transforms Thread 65" [_thread_blocked, id=9500, stack(0x0000000068430000,0x0000000068530000)]
  0x000000005bc8d800 JavaThread "jar transforms Thread 64" [_thread_blocked, id=6644, stack(0x0000000068030000,0x0000000068130000)]
  0x000000005ba6b800 JavaThread "jar transforms Thread 63" [_thread_blocked, id=9072, stack(0x00000000682f0000,0x00000000683f0000)]
  0x000000005ba6a800 JavaThread "jar transforms Thread 62" [_thread_blocked, id=9112, stack(0x00000000681b0000,0x00000000682b0000)]
  0x000000005ba6a000 JavaThread "jar transforms Thread 61" [_thread_blocked, id=9984, stack(0x0000000067a00000,0x0000000067b00000)]
  0x000000005ba69000 JavaThread "jar transforms Thread 60" [_thread_blocked, id=6080, stack(0x0000000067ee0000,0x0000000067fe0000)]
  0x000000005ba68800 JavaThread "jar transforms Thread 59" [_thread_blocked, id=6912, stack(0x0000000067d30000,0x0000000067e30000)]
  0x000000005ba67800 JavaThread "jar transforms Thread 58" [_thread_blocked, id=7844, stack(0x0000000066410000,0x0000000066510000)]
  0x000000005ba67000 JavaThread "jar transforms Thread 57" [_thread_blocked, id=1200, stack(0x0000000067b60000,0x0000000067c60000)]
  0x000000005ba66000 JavaThread "jar transforms Thread 56" [_thread_blocked, id=10152, stack(0x00000000678a0000,0x00000000679a0000)]
  0x000000005ba65800 JavaThread "jar transforms Thread 55" [_thread_blocked, id=2460, stack(0x00000000675b0000,0x00000000676b0000)]
  0x000000005ba64800 JavaThread "jar transforms Thread 54" [_thread_blocked, id=2324, stack(0x0000000065660000,0x0000000065760000)]
  0x000000005b801800 JavaThread "jar transforms Thread 53" [_thread_blocked, id=1868, stack(0x00000000676b0000,0x00000000677b0000)]
  0x000000005b801000 JavaThread "jar transforms Thread 52" [_thread_blocked, id=9120, stack(0x0000000067450000,0x0000000067550000)]
  0x000000005b800000 JavaThread "jar transforms Thread 51" [_thread_blocked, id=7456, stack(0x0000000067140000,0x0000000067240000)]
  0x000000005b7ff800 JavaThread "jar transforms Thread 50" [_thread_blocked, id=7068, stack(0x0000000067280000,0x0000000067380000)]
  0x000000005b7fe800 JavaThread "jar transforms Thread 49" [_thread_blocked, id=10176, stack(0x0000000067040000,0x0000000067140000)]
  0x000000005b7fe000 JavaThread "jar transforms Thread 48" [_thread_blocked, id=9836, stack(0x00000000661f0000,0x00000000662f0000)]
  0x000000005b7fd000 JavaThread "jar transforms Thread 47" [_thread_blocked, id=9316, stack(0x0000000065eb0000,0x0000000065fb0000)]
  0x000000005b7fc000 JavaThread "jar transforms Thread 46" [_thread_blocked, id=1476, stack(0x0000000066ca0000,0x0000000066da0000)]
  0x000000005b7fb800 JavaThread "jar transforms Thread 45" [_thread_blocked, id=1480, stack(0x0000000066ee0000,0x0000000066fe0000)]
  0x000000005b7fa800 JavaThread "jar transforms Thread 44" [_thread_blocked, id=5104, stack(0x0000000066da0000,0x0000000066ea0000)]
  0x000000005bc89000 JavaThread "jar transforms Thread 43" [_thread_blocked, id=7480, stack(0x0000000066a60000,0x0000000066b60000)]
  0x000000005bc88800 JavaThread "jar transforms Thread 42" [_thread_blocked, id=7520, stack(0x0000000066b60000,0x0000000066c60000)]
  0x000000005bc87800 JavaThread "jar transforms Thread 41" [_thread_blocked, id=7936, stack(0x0000000066940000,0x0000000066a40000)]
  0x000000005bc87000 JavaThread "jar transforms Thread 40" [_thread_blocked, id=5552, stack(0x0000000066810000,0x0000000066910000)]
  0x000000005bc86000 JavaThread "jar transforms Thread 39" [_thread_blocked, id=2012, stack(0x00000000666e0000,0x00000000667e0000)]
  0x000000005bc85800 JavaThread "jar transforms Thread 38" [_thread_blocked, id=9160, stack(0x0000000066510000,0x0000000066610000)]
  0x000000005bc84800 JavaThread "jar transforms Thread 37" [_thread_blocked, id=8972, stack(0x0000000066300000,0x0000000066400000)]
  0x000000005bc83800 JavaThread "jar transforms Thread 36" [_thread_blocked, id=6096, stack(0x00000000660f0000,0x00000000661f0000)]
  0x000000005bc83000 JavaThread "jar transforms Thread 35" [_thread_blocked, id=8860, stack(0x0000000065fd0000,0x00000000660d0000)]
  0x000000005bc82000 JavaThread "jar transforms Thread 34" [_thread_blocked, id=6964, stack(0x0000000065860000,0x0000000065960000)]
  0x0000000061160000 JavaThread "jar transforms Thread 33" [_thread_blocked, id=6044, stack(0x0000000065d90000,0x0000000065e90000)]
  0x000000006115f000 JavaThread "jar transforms Thread 32" [_thread_blocked, id=9420, stack(0x0000000065ba0000,0x0000000065ca0000)]
  0x000000006115e800 JavaThread "jar transforms Thread 31" [_thread_blocked, id=9320, stack(0x00000000659f0000,0x0000000065af0000)]
  0x000000006115d800 JavaThread "jar transforms Thread 30" [_thread_blocked, id=9312, stack(0x0000000065760000,0x0000000065860000)]
  0x000000006115d000 JavaThread "jar transforms Thread 29" [_thread_blocked, id=9992, stack(0x0000000065460000,0x0000000065560000)]
  0x000000006115c000 JavaThread "jar transforms Thread 28" [_thread_blocked, id=10184, stack(0x0000000065560000,0x0000000065660000)]
  0x000000006115b800 JavaThread "jar transforms Thread 27" [_thread_blocked, id=9256, stack(0x0000000064f90000,0x0000000065090000)]
  0x000000006115a800 JavaThread "jar transforms Thread 26" [_thread_blocked, id=9464, stack(0x0000000065320000,0x0000000065420000)]
  0x000000006115a000 JavaThread "jar transforms Thread 25" [_thread_blocked, id=1784, stack(0x0000000065200000,0x0000000065300000)]
  0x0000000061159000 JavaThread "jar transforms Thread 24" [_thread_blocked, id=8416, stack(0x00000000650e0000,0x00000000651e0000)]
  0x000000005fe1b000 JavaThread "jar transforms Thread 23" [_thread_blocked, id=9284, stack(0x0000000064890000,0x0000000064990000)]
  0x000000005fe1a800 JavaThread "jar transforms Thread 22" [_thread_blocked, id=7672, stack(0x0000000064e00000,0x0000000064f00000)]
  0x000000005fe19800 JavaThread "jar transforms Thread 21" [_thread_blocked, id=8680, stack(0x0000000064c70000,0x0000000064d70000)]
  0x000000005fe19000 JavaThread "jar transforms Thread 20" [_thread_blocked, id=8648, stack(0x00000000645f0000,0x00000000646f0000)]
  0x000000005fe18000 JavaThread "jar transforms Thread 19" [_thread_blocked, id=7108, stack(0x0000000064b00000,0x0000000064c00000)]
  0x000000005fe17800 JavaThread "jar transforms Thread 18" [_thread_blocked, id=8504, stack(0x0000000064990000,0x0000000064a90000)]
  0x000000005fe16800 JavaThread "jar transforms Thread 17" [_thread_blocked, id=10112, stack(0x0000000064730000,0x0000000064830000)]
  0x000000005fe16000 JavaThread "jar transforms Thread 16" [_thread_blocked, id=9516, stack(0x0000000064210000,0x0000000064310000)]
  0x000000005fe15000 JavaThread "jar transforms Thread 15" [_thread_blocked, id=5736, stack(0x00000000644e0000,0x00000000645e0000)]
  0x000000005fe14000 JavaThread "jar transforms Thread 14" [_thread_blocked, id=8284, stack(0x00000000643b0000,0x00000000644b0000)]
  0x000000005b831800 JavaThread "jar transforms Thread 13" [_thread_blocked, id=5848, stack(0x00000000638f0000,0x00000000639f0000)]
  0x000000005b830800 JavaThread "jar transforms Thread 12" [_thread_blocked, id=7780, stack(0x0000000063cf0000,0x0000000063df0000)]
  0x000000005b830000 JavaThread "jar transforms Thread 11" [_thread_blocked, id=8100, stack(0x00000000640e0000,0x00000000641e0000)]
  0x000000005b82f000 JavaThread "jar transforms Thread 10" [_thread_blocked, id=4952, stack(0x000000005c8f0000,0x000000005c9f0000)]
  0x000000005b82e800 JavaThread "jar transforms Thread 9" [_thread_blocked, id=5140, stack(0x0000000063f60000,0x0000000064060000)]
  0x000000005b82d800 JavaThread "jar transforms Thread 8" [_thread_blocked, id=9348, stack(0x0000000063e00000,0x0000000063f00000)]
  0x000000005b82d000 JavaThread "jar transforms Thread 7" [_thread_blocked, id=6772, stack(0x00000000636f0000,0x00000000637f0000)]
  0x000000005b82c000 JavaThread "jar transforms Thread 6" [_thread_blocked, id=7988, stack(0x0000000063b80000,0x0000000063c80000)]
  0x000000005b82b800 JavaThread "jar transforms Thread 5" [_thread_blocked, id=7888, stack(0x00000000631f0000,0x00000000632f0000)]
  0x000000005b82a800 JavaThread "jar transforms Thread 4" [_thread_blocked, id=7792, stack(0x0000000063a30000,0x0000000063b30000)]
  0x000000005a848000 JavaThread "jar transforms Thread 3" [_thread_blocked, id=1180, stack(0x0000000062f20000,0x0000000063020000)]
  0x000000005a847000 JavaThread "jar transforms Thread 2" [_thread_blocked, id=2988, stack(0x00000000630d0000,0x00000000631d0000)]
  0x000000005a846800 JavaThread "Build operations Thread 4" [_thread_blocked, id=2108, stack(0x00000000637f0000,0x00000000638f0000)]
  0x000000005a845800 JavaThread "Build operations Thread 3" [_thread_blocked, id=7596, stack(0x0000000063300000,0x0000000063400000)]
  0x000000005a845000 JavaThread "Build operations Thread 2" [_thread_blocked, id=5496, stack(0x00000000635e0000,0x00000000636e0000)]
  0x000000005a844000 JavaThread "Build operations" [_thread_blocked, id=2028, stack(0x0000000063430000,0x0000000063530000)]
  0x000000005a83f800 JavaThread "Cache worker for file content cache (C:\Users\Reginleif\.gradle\caches\6.5\fileContent)" [_thread_blocked, id=1900, stack(0x0000000061e20000,0x0000000061f20000)]
  0x000000005a83f000 JavaThread "jar transforms" [_thread_blocked, id=6852, stack(0x0000000062800000,0x0000000062900000)]
  0x000000005a83e000 JavaThread "Cache worker for execution history cache (C:\Users\Reginleif\.gradle\caches\6.5\executionHistory)" [_thread_blocked, id=7144, stack(0x0000000012690000,0x0000000012790000)]
  0x000000005a83d800 JavaThread "Cache worker for cache directory md-rule (C:\Users\Reginleif\.gradle\caches\6.5\md-rule)" [_thread_blocked, id=3340, stack(0x0000000062090000,0x0000000062190000)]
  0x000000005a83c800 JavaThread "Cache worker for cache directory md-supplier (C:\Users\Reginleif\.gradle\caches\6.5\md-supplier)" [_thread_blocked, id=8912, stack(0x0000000060980000,0x0000000060a80000)]
  0x000000005a83c000 JavaThread "Cache worker for checksums cache (C:\Users\Reginleif\Desktop\knowledge_base\labs_tasks\rpo-baltin-2021\fclient\.gradle\checksums)" [_thread_blocked, id=2496, stack(0x0000000060a90000,0x0000000060b90000)]
  0x000000005a83b000 JavaThread "Cache worker for file hash cache (C:\Users\Reginleif\Desktop\knowledge_base\labs_tasks\rpo-baltin-2021\fclient\.gradle\6.5\fileHashes)" [_thread_blocked, id=7052, stack(0x0000000061f20000,0x0000000062020000)]
  0x000000005a83a800 JavaThread "Cache worker for file hash cache (C:\Users\Reginleif\.gradle\caches\6.5\fileHashes)" [_thread_blocked, id=9544, stack(0x000000005e3a0000,0x000000005e4a0000)]
  0x000000005a839800 JavaThread "File lock request listener" [_thread_in_native, id=8820, stack(0x000000005e4e0000,0x000000005e5e0000)]
  0x000000005a839000 JavaThread "Cache worker for journal cache (C:\Users\Reginleif\.gradle\caches\journal-1)" [_thread_blocked, id=8500, stack(0x000000005e2a0000,0x000000005e3a0000)]
  0x000000005b428000 JavaThread "Thread-9" [_thread_blocked, id=8440, stack(0x000000005dee0000,0x000000005dfe0000)]
  0x000000005b353800 JavaThread "Stdin handler" [_thread_blocked, id=9612, stack(0x000000005dc20000,0x000000005dd20000)]
  0x000000005b323000 JavaThread "Asynchronous log dispatcher for DefaultDaemonConnection: socket connection from /127.0.0.1:50934 to /127.0.0.1:50935" [_thread_blocked, id=8452, stack(0x000000005dd50000,0x000000005de50000)]
  0x000000005b300800 JavaThread "Daemon worker" [_thread_in_vm, id=9204, stack(0x000000005d550000,0x000000005d650000)]
  0x000000005b2f3000 JavaThread "Cancel handler" [_thread_blocked, id=9164, stack(0x000000005db20000,0x000000005dc20000)]
  0x000000005b202800 JavaThread "Handler for socket connection from /127.0.0.1:50934 to /127.0.0.1:50935" [_thread_in_native, id=8624, stack(0x000000005c6e0000,0x000000005c7e0000)]
  0x000000005b21e800 JavaThread "Daemon" [_thread_blocked, id=8756, stack(0x000000005d980000,0x000000005da80000)]
  0x000000005b21c000 JavaThread "Daemon periodic checks" [_thread_blocked, id=1668, stack(0x000000005d650000,0x000000005d750000)]
  0x000000005b221800 JavaThread "Incoming local TCP Connector on port 50934" [_thread_in_native, id=1312, stack(0x000000005cbd0000,0x000000005ccd0000)]
  0x00000000598b3000 JavaThread "Daemon health stats" [_thread_blocked, id=9644, stack(0x000000005c450000,0x000000005c550000)]
  0x000000005785d000 JavaThread "Service Thread" daemon [_thread_blocked, id=8296, stack(0x00000000594e0000,0x00000000595e0000)]
  0x000000005785b000 JavaThread "C1 CompilerThread2" daemon [_thread_blocked, id=5968, stack(0x0000000059620000,0x0000000059720000)]
  0x000000005785a000 JavaThread "C2 CompilerThread1" daemon [_thread_in_native, id=9372, stack(0x0000000059160000,0x0000000059260000)]
=>0x0000000058cfc800 JavaThread "C2 CompilerThread0" daemon [_thread_in_native, id=7396, stack(0x00000000593a0000,0x00000000594a0000)]
  0x0000000057857800 JavaThread "Attach Listener" daemon [_thread_blocked, id=1936, stack(0x0000000059270000,0x0000000059370000)]
  0x0000000057856000 JavaThread "Signal Dispatcher" daemon [_thread_blocked, id=9088, stack(0x0000000058890000,0x0000000058990000)]
  0x000000005783a000 JavaThread "Finalizer" daemon [_thread_blocked, id=8612, stack(0x0000000058bf0000,0x0000000058cf0000)]
  0x0000000057833000 JavaThread "Reference Handler" daemon [_thread_blocked, id=8256, stack(0x0000000058aa0000,0x0000000058ba0000)]
  0x00000000000ff000 JavaThread "main" [_thread_blocked, id=8388, stack(0x0000000002480000,0x0000000002580000)]

Other Threads:
  0x00000000577eb800 VMThread [stack: 0x00000000589a0000,0x0000000058aa0000] [id=8252]
  0x0000000058d0e000 WatcherThread [stack: 0x0000000059720000,0x0000000059820000] [id=5864]

VM state:not at safepoint (normal execution)

VM Mutex/Monitor currently owned by a thread:  ([mutex/lock_event])
[0x0000000002188d00] AdapterHandlerLibrary_lock - owner thread: 0x000000005b300800

heap address: 0x0000000080000000, size: 2048 MB, Compressed Oops mode: 32-bit
Narrow klass base: 0x0000000000000000, Narrow klass shift: 0
Compressed class space size: 1073741824 Address: 0x0000000016e60000

Heap:
 PSYoungGen      total 410112K, used 13454K [0x00000000d5580000, 0x00000000f2200000, 0x0000000100000000)
  eden space 390144K, 3% used [0x00000000d5580000,0x00000000d62a3bc0,0x00000000ed280000)
  from space 19968K, 0% used [0x00000000efb00000,0x00000000efb00000,0x00000000f0e80000)
  to   space 14336K, 0% used [0x00000000f1400000,0x00000000f1400000,0x00000000f2200000)
 ParOldGen       total 69632K, used 34370K [0x0000000080000000, 0x0000000084400000, 0x00000000d5580000)
  object space 69632K, 49% used [0x0000000080000000,0x0000000082190990,0x0000000084400000)
 Metaspace       used 57232K, capacity 59524K, committed 59800K, reserved 1101824K
  class space    used 7833K, capacity 8283K, committed 8360K, reserved 1048576K

Card table byte_map: [0x0000000011c10000,0x0000000012020000] byte_map_base: 0x0000000011810000

Marking Bits: (ParMarkBitMap*) 0x000000005d49f030
 Begin Bits: [0x0000000012a60000, 0x0000000014a60000)
 End Bits:   [0x0000000014a60000, 0x0000000016a60000)

Polling page: 0x0000000000150000

CodeCache: size=245760Kb used=16381Kb max_used=16387Kb free=229378Kb
 bounds [0x0000000002850000, 0x0000000003860000, 0x0000000011850000]
 total_blobs=5623 nmethods=4852 adapters=682
 compilation: enabled

Compilation events (10 events):
Event: 16.140 Thread 0x000000005785b000 nmethod 5230 0x0000000003854fd0 code [0x0000000003855120, 0x0000000003855230]
Event: 16.143 Thread 0x000000005785b000 5237       3       org.gradle.internal.instantiation.generator.AsmBackedClassGenerator$ClassBuilderImpl::visitArrayElements (233 bytes)
Event: 16.144 Thread 0x000000005785b000 nmethod 5237 0x0000000003857c50 code [0x0000000003857f20, 0x00000000038593a8]
Event: 16.144 Thread 0x000000005785b000 5238       1       org.gradle.internal.instantiation.generator.AbstractClassGenerator$PropertyMetadata::access$2100 (5 bytes)
Event: 16.144 Thread 0x000000005785b000 nmethod 5238 0x0000000003859c50 code [0x0000000003859da0, 0x0000000003859e90]
Event: 16.145 Thread 0x000000005785a000 nmethod 5181 0x0000000003859f10 code [0x000000000385a380, 0x000000000385bd90]
Event: 16.145 Thread 0x000000005785a000 5190       4       java.util.AbstractCollection::toArray (147 bytes)
Event: 16.149 Thread 0x000000005785b000 5239       1       com.android.build.gradle.internal.scope.GlobalScope::getExtension (5 bytes)
Event: 16.149 Thread 0x000000005785b000 nmethod 5239 0x0000000003857990 code [0x0000000003857ae0, 0x0000000003857bf0]
Event: 16.150 Thread 0x000000005785a000 nmethod 5190 0x0000000003855e50 code [0x0000000003855fa0, 0x0000000003856218]

GC Heap History (10 events):
Event: 8.985 GC heap before
{Heap before GC invocations=8 (full 1):
 PSYoungGen      total 247296K, used 46098K [0x00000000d5580000, 0x00000000e6580000, 0x0000000100000000)
  eden space 235008K, 14% used [0x00000000d5580000,0x00000000d7688c18,0x00000000e3b00000)
  from space 12288K, 99% used [0x00000000e5980000,0x00000000e657bd88,0x00000000e6580000)
  to   space 15360K, 0% used [0x00000000e4780000,0x00000000e4780000,0x00000000e5680000)
 ParOldGen       total 50176K, used 9315K [0x0000000080000000, 0x0000000083100000, 0x00000000d5580000)
  object space 50176K, 18% used [0x0000000080000000,0x0000000080918ce0,0x0000000083100000)
 Metaspace       used 34253K, capacity 35380K, committed 35496K, reserved 1079296K
  class space    used 4693K, capacity 4969K, committed 5032K, reserved 1048576K
Event: 9.015 GC heap after
Heap after GC invocations=8 (full 1):
 PSYoungGen      total 263168K, used 8054K [0x00000000d5580000, 0x00000000f2200000, 0x0000000100000000)
  eden space 247808K, 0% used [0x00000000d5580000,0x00000000d5580000,0x00000000e4780000)
  from space 15360K, 52% used [0x00000000e4780000,0x00000000e4f5d968,0x00000000e5680000)
  to   space 14336K, 0% used [0x00000000f1400000,0x00000000f1400000,0x00000000f2200000)
 ParOldGen       total 50176K, used 9323K [0x0000000080000000, 0x0000000083100000, 0x00000000d5580000)
  object space 50176K, 18% used [0x0000000080000000,0x000000008091ace0,0x0000000083100000)
 Metaspace       used 34253K, capacity 35380K, committed 35496K, reserved 1079296K
  class space    used 4693K, capacity 4969K, committed 5032K, reserved 1048576K
}
Event: 9.015 GC heap before
{Heap before GC invocations=9 (full 2):
 PSYoungGen      total 263168K, used 8054K [0x00000000d5580000, 0x00000000f2200000, 0x0000000100000000)
  eden space 247808K, 0% used [0x00000000d5580000,0x00000000d5580000,0x00000000e4780000)
  from space 15360K, 52% used [0x00000000e4780000,0x00000000e4f5d968,0x00000000e5680000)
  to   space 14336K, 0% used [0x00000000f1400000,0x00000000f1400000,0x00000000f2200000)
 ParOldGen       total 50176K, used 9323K [0x0000000080000000, 0x0000000083100000, 0x00000000d5580000)
  object space 50176K, 18% used [0x0000000080000000,0x000000008091ace0,0x0000000083100000)
 Metaspace       used 34253K, capacity 35380K, committed 35496K, reserved 1079296K
  class space    used 4693K, capacity 4969K, committed 5032K, reserved 1048576K
Event: 9.126 GC heap after
Heap after GC invocations=9 (full 2):
 PSYoungGen      total 263168K, used 0K [0x00000000d5580000, 0x00000000f2200000, 0x0000000100000000)
  eden space 247808K, 0% used [0x00000000d5580000,0x00000000d5580000,0x00000000e4780000)
  from space 15360K, 0% used [0x00000000e4780000,0x00000000e4780000,0x00000000e5680000)
  to   space 14336K, 0% used [0x00000000f1400000,0x00000000f1400000,0x00000000f2200000)
 ParOldGen       total 69632K, used 14373K [0x0000000080000000, 0x0000000084400000, 0x00000000d5580000)
  object space 69632K, 20% used [0x0000000080000000,0x0000000080e09648,0x0000000084400000)
 Metaspace       used 34253K, capacity 35380K, committed 35496K, reserved 1079296K
  class space    used 4693K, capacity 4969K, committed 5032K, reserved 1048576K
}
Event: 13.289 GC heap before
{Heap before GC invocations=10 (full 2):
 PSYoungGen      total 263168K, used 247808K [0x00000000d5580000, 0x00000000f2200000, 0x0000000100000000)
  eden space 247808K, 100% used [0x00000000d5580000,0x00000000e4780000,0x00000000e4780000)
  from space 15360K, 0% used [0x00000000e4780000,0x00000000e4780000,0x00000000e5680000)
  to   space 14336K, 0% used [0x00000000f1400000,0x00000000f1400000,0x00000000f2200000)
 ParOldGen       total 69632K, used 14373K [0x0000000080000000, 0x0000000084400000, 0x00000000d5580000)
  object space 69632K, 20% used [0x0000000080000000,0x0000000080e09648,0x0000000084400000)
 Metaspace       used 48620K, capacity 50484K, committed 50728K, reserved 1093632K
  class space    used 6508K, capacity 6912K, committed 6952K, reserved 1048576K
Event: 13.314 GC heap after
Heap after GC invocations=10 (full 2):
 PSYoungGen      total 404480K, used 14317K [0x00000000d5580000, 0x00000000f2200000, 0x0000000100000000)
  eden space 390144K, 0% used [0x00000000d5580000,0x00000000d5580000,0x00000000ed280000)
  from space 14336K, 99% used [0x00000000f1400000,0x00000000f21fb638,0x00000000f2200000)
  to   space 19968K, 0% used [0x00000000efb00000,0x00000000efb00000,0x00000000f0e80000)
 ParOldGen       total 69632K, used 22184K [0x0000000080000000, 0x0000000084400000, 0x00000000d5580000)
  object space 69632K, 31% used [0x0000000080000000,0x00000000815aa388,0x0000000084400000)
 Metaspace       used 48620K, capacity 50484K, committed 50728K, reserved 1093632K
  class space    used 6508K, capacity 6912K, committed 6952K, reserved 1048576K
}
Event: 15.380 GC heap before
{Heap before GC invocations=11 (full 2):
 PSYoungGen      total 404480K, used 117501K [0x00000000d5580000, 0x00000000f2200000, 0x0000000100000000)
  eden space 390144K, 26% used [0x00000000d5580000,0x00000000dba43f78,0x00000000ed280000)
  from space 14336K, 99% used [0x00000000f1400000,0x00000000f21fb638,0x00000000f2200000)
  to   space 19968K, 0% used [0x00000000efb00000,0x00000000efb00000,0x00000000f0e80000)
 ParOldGen       total 69632K, used 22184K [0x0000000080000000, 0x0000000084400000, 0x00000000d5580000)
  object space 69632K, 31% used [0x0000000080000000,0x00000000815aa388,0x0000000084400000)
 Metaspace       used 56864K, capacity 59096K, committed 59160K, reserved 1099776K
  class space    used 7749K, capacity 8213K, committed 8232K, reserved 1048576K
Event: 15.504 GC heap after
Heap after GC invocations=11 (full 2):
 PSYoungGen      total 410112K, used 19958K [0x00000000d5580000, 0x00000000f2200000, 0x0000000100000000)
  eden space 390144K, 0% used [0x00000000d5580000,0x00000000d5580000,0x00000000ed280000)
  from space 19968K, 99% used [0x00000000efb00000,0x00000000f0e7db50,0x00000000f0e80000)
  to   space 14336K, 0% used [0x00000000f1400000,0x00000000f1400000,0x00000000f2200000)
 ParOldGen       total 69632K, used 24655K [0x0000000080000000, 0x0000000084400000, 0x00000000d5580000)
  object space 69632K, 35% used [0x0000000080000000,0x0000000081813c20,0x0000000084400000)
 Metaspace       used 56864K, capacity 59096K, committed 59160K, reserved 1099776K
  class space    used 7749K, capacity 8213K, committed 8232K, reserved 1048576K
}
Event: 15.504 GC heap before
{Heap before GC invocations=12 (full 3):
 PSYoungGen      total 410112K, used 19958K [0x00000000d5580000, 0x00000000f2200000, 0x0000000100000000)
  eden space 390144K, 0% used [0x00000000d5580000,0x00000000d5580000,0x00000000ed280000)
  from space 19968K, 99% used [0x00000000efb00000,0x00000000f0e7db50,0x00000000f0e80000)
  to   space 14336K, 0% used [0x00000000f1400000,0x00000000f1400000,0x00000000f2200000)
 ParOldGen       total 69632K, used 24655K [0x0000000080000000, 0x0000000084400000, 0x00000000d5580000)
  object space 69632K, 35% used [0x0000000080000000,0x0000000081813c20,0x0000000084400000)
 Metaspace       used 56864K, capacity 59096K, committed 59160K, reserved 1099776K
  class space    used 7749K, capacity 8213K, committed 8232K, reserved 1048576K
Event: 15.911 GC heap after
Heap after GC invocations=12 (full 3):
 PSYoungGen      total 410112K, used 0K [0x00000000d5580000, 0x00000000f2200000, 0x0000000100000000)
  eden space 390144K, 0% used [0x00000000d5580000,0x00000000d5580000,0x00000000ed280000)
  from space 19968K, 0% used [0x00000000efb00000,0x00000000efb00000,0x00000000f0e80000)
  to   space 14336K, 0% used [0x00000000f1400000,0x00000000f1400000,0x00000000f2200000)
 ParOldGen       total 69632K, used 34370K [0x0000000080000000, 0x0000000084400000, 0x00000000d5580000)
  object space 69632K, 49% used [0x0000000080000000,0x0000000082190990,0x0000000084400000)
 Metaspace       used 56857K, capacity 59072K, committed 59160K, reserved 1099776K
  class space    used 7747K, capacity 8209K, committed 8232K, reserved 1048576K
}

Deoptimization events (10 events):
Event: 13.736 Thread 0x000000005b300800 Uncommon trap: reason=class_check action=maybe_recompile pc=0x0000000002fa53a0 method=java.util.WeakHashMap.eq(Ljava/lang/Object;Ljava/lang/Object;)Z @ 7
Event: 14.872 Thread 0x000000005b300800 Uncommon trap: reason=unstable_if action=reinterpret pc=0x0000000002b34288 method=sun.misc.MetaIndex.mayContain(Ljava/lang/String;)Z @ 38
Event: 14.873 Thread 0x000000005b300800 Uncommon trap: reason=unstable_if action=reinterpret pc=0x00000000036047d0 method=java.security.CodeSource.hashCode()I @ 4
Event: 15.340 Thread 0x000000005b300800 Uncommon trap: reason=unstable_if action=reinterpret pc=0x0000000003544e50 method=org.objectweb.asm.ByteVector.putInt(I)Lorg/objectweb/asm/ByteVector; @ 13
Event: 15.369 Thread 0x000000005b300800 Uncommon trap: reason=unstable_if action=reinterpret pc=0x0000000002b730b8 method=java.util.HashMap.resize()[Ljava/util/HashMap$Node; @ 206
Event: 15.370 Thread 0x000000005b300800 Uncommon trap: reason=unstable_if action=reinterpret pc=0x00000000034fdb60 method=java.util.HashMap.getNode(ILjava/lang/Object;)Ljava/util/HashMap$Node; @ 84
Event: 15.370 Thread 0x000000005b300800 Uncommon trap: reason=unstable_if action=reinterpret pc=0x00000000037205dc method=java.util.HashMap.getNode(ILjava/lang/Object;)Ljava/util/HashMap$Node; @ 84
Event: 15.370 Thread 0x000000005b300800 Uncommon trap: reason=unstable_if action=reinterpret pc=0x00000000035cbb54 method=java.util.HashMap.getNode(ILjava/lang/Object;)Ljava/util/HashMap$Node; @ 84
Event: 15.970 Thread 0x000000005b300800 Uncommon trap: reason=unstable_if action=reinterpret pc=0x0000000003214a80 method=java.io.WinNTFileSystem.normalize(Ljava/lang/String;)Ljava/lang/String; @ 74
Event: 15.970 Thread 0x000000005b300800 Uncommon trap: reason=unstable_if action=reinterpret pc=0x0000000002a88bcc method=java.io.WinNTFileSystem.normalize(Ljava/lang/String;II)Ljava/lang/String; @ 103

Classes redefined (0 events):
No events

Internal exceptions (10 events):
Event: 13.804 Thread 0x000000005b300800 Exception <a 'java/lang/ClassNotFoundException': com/android/build/gradle/internal/CompileOptions_DecoratedCustomizer> (0x00000000d7cc8a60) thrown at [C:\src\AOSP-openjdk-git\hotspot\src\share\vm\classfile\systemDictionary.cpp, line 210]
Event: 14.374 Thread 0x000000005b300800 Exception <a 'sun/nio/fs/WindowsException'> (0x00000000d93dc188) thrown at [C:\src\AOSP-openjdk-git\hotspot\src\share\vm\prims\jni.cpp, line 710]
Event: 14.873 Thread 0x000000005b300800 Implicit null exception at 0x0000000003602689 to 0x00000000036047b1
Event: 15.232 Thread 0x000000005b300800 Exception <a 'java/lang/ClassNotFoundException': com/android/build/gradle/internal/api/ApkVariantOutputImpl_DecoratedBeanInfo> (0x00000000dafaf010) thrown at [C:\src\AOSP-openjdk-git\hotspot\src\share\vm\classfile\systemDictionary.cpp, line 210]
Event: 15.233 Thread 0x000000005b300800 Exception <a 'java/lang/ClassNotFoundException': com/android/build/gradle/internal/api/ApkVariantOutputImplBeanInfo> (0x00000000dafcc240) thrown at [C:\src\AOSP-openjdk-git\hotspot\src\share\vm\classfile\systemDictionary.cpp, line 210]
Event: 15.234 Thread 0x000000005b300800 Exception <a 'java/lang/ClassNotFoundException': com/android/build/gradle/internal/api/BaseVariantOutputImplBeanInfo> (0x00000000dafea678) thrown at [C:\src\AOSP-openjdk-git\hotspot\src\share\vm\classfile\systemDictionary.cpp, line 210]
Event: 15.234 Thread 0x000000005b300800 Exception <a 'java/lang/ClassNotFoundException': com/android/build/gradle/internal/api/BaseVariantOutputImplCustomizer> (0x00000000db009010) thrown at [C:\src\AOSP-openjdk-git\hotspot\src\share\vm\classfile\systemDictionary.cpp, line 210]
Event: 15.236 Thread 0x000000005b300800 Exception <a 'java/lang/ClassNotFoundException': com/android/build/gradle/internal/api/ApkVariantOutputImplCustomizer> (0x00000000db0417b8) thrown at [C:\src\AOSP-openjdk-git\hotspot\src\share\vm\classfile\systemDictionary.cpp, line 210]
Event: 15.237 Thread 0x000000005b300800 Exception <a 'java/lang/ClassNotFoundException': com/android/build/gradle/internal/api/ApkVariantOutputImpl_DecoratedCustomizer> (0x00000000db075558) thrown at [C:\src\AOSP-openjdk-git\hotspot\src\share\vm\classfile\systemDictionary.cpp, line 210]
Event: 15.978 Thread 0x000000005b300800 Exception <a 'java/lang/NoSuchMethodError': java.lang.Object.lambda$static$0(Lorg/gradle/api/internal/tasks/TaskDependencyResolveContext;)V> (0x00000000d584c760) thrown at [C:\src\AOSP-openjdk-git\hotspot\src\share\vm\interpreter\linkResolver.cpp, line 62

Events (10 events):
Event: 16.132 loading class com/android/build/api/variant/impl/AaptOptionsImplKt
Event: 16.132 loading class com/android/build/api/variant/impl/AaptOptionsImplKt done
Event: 16.133 loading class com/android/build/api/variant/impl/AaptOptionsImpl
Event: 16.133 loading class com/android/build/api/variant/impl/AaptOptionsImpl done
Event: 16.137 loading class com/android/build/gradle/internal/scope/SplitList
Event: 16.137 loading class com/android/build/gradle/internal/scope/SplitList done
Event: 16.138 loading class com/android/build/gradle/internal/AndroidJarInput
Event: 16.138 loading class com/android/build/gradle/internal/AndroidJarInput done
Event: 16.150 loading class org/gradle/api/NonExtensible
Event: 16.150 loading class org/gradle/api/NonExtensible done


Dynamic libraries:
0x000000013f860000 - 0x000000013f891000 	C:\Program Files\Android\Android Studio\jre\bin\java.exe
0x0000000077ae0000 - 0x0000000077c7f000 	C:\Windows\SYSTEM32\ntdll.dll
0x00000000778c0000 - 0x00000000779df000 	C:\Windows\system32\kernel32.dll
0x000007fefd7d0000 - 0x000007fefd837000 	C:\Windows\system32\KERNELBASE.dll
0x000007fefd9f0000 - 0x000007fefdacb000 	C:\Windows\system32\ADVAPI32.dll
0x000007feffc90000 - 0x000007feffd2f000 	C:\Windows\system32\msvcrt.dll
0x000007feff090000 - 0x000007feff0af000 	C:\Windows\SYSTEM32\sechost.dll
0x000007feff0b0000 - 0x000007feff1dc000 	C:\Windows\system32\RPCRT4.dll
0x00000000779e0000 - 0x0000000077adb000 	C:\Windows\system32\USER32.dll
0x000007feff3c0000 - 0x000007feff427000 	C:\Windows\system32\GDI32.dll
0x000007fefde20000 - 0x000007fefde2e000 	C:\Windows\system32\LPK.dll
0x000007feff690000 - 0x000007feff75b000 	C:\Windows\system32\USP10.dll
0x000007fefce60000 - 0x000007fefd055000 	C:\Windows\WinSxS\amd64_microsoft.windows.common-controls_6595b64144ccf1df_6.0.7601.24483_none_e372d88f30fbb845\COMCTL32.dll
0x000007fefdc10000 - 0x000007fefdc81000 	C:\Windows\system32\SHLWAPI.dll
0x000007feff600000 - 0x000007feff62e000 	C:\Windows\system32\IMM32.DLL
0x000007feff4f0000 - 0x000007feff5fb000 	C:\Windows\system32\MSCTF.dll
0x000000005c360000 - 0x000000005c432000 	C:\Program Files\Android\Android Studio\jre\jre\bin\msvcr100.dll
0x000000005ccd0000 - 0x000000005d51b000 	C:\Program Files\Android\Android Studio\jre\jre\bin\server\jvm.dll
0x000007fef8e30000 - 0x000007fef8e39000 	C:\Windows\system32\WSOCK32.dll
0x000007fefdbc0000 - 0x000007fefdc0d000 	C:\Windows\system32\WS2_32.dll
0x000007fefdbb0000 - 0x000007fefdbb8000 	C:\Windows\system32\NSI.dll
0x000007fefb1d0000 - 0x000007fefb20b000 	C:\Windows\system32\WINMM.dll
0x000007fefc310000 - 0x000007fefc31c000 	C:\Windows\system32\VERSION.dll
0x0000000077c80000 - 0x0000000077c87000 	C:\Windows\system32\PSAPI.DLL
0x000007fefa830000 - 0x000007fefa83f000 	C:\Program Files\Android\Android Studio\jre\jre\bin\verify.dll
0x000007fefa800000 - 0x000007fefa829000 	C:\Program Files\Android\Android Studio\jre\jre\bin\java.dll
0x000007fefa7e0000 - 0x000007fefa7f6000 	C:\Program Files\Android\Android Studio\jre\jre\bin\zip.dll
0x000007fefe030000 - 0x000007fefedbb000 	C:\Windows\system32\SHELL32.dll
0x000007fefde30000 - 0x000007fefe02f000 	C:\Windows\system32\ole32.dll
0x000007fefd630000 - 0x000007fefd63f000 	C:\Windows\system32\profapi.dll
0x000007fefa760000 - 0x000007fefa77a000 	C:\Program Files\Android\Android Studio\jre\jre\bin\net.dll
0x000007fefcb00000 - 0x000007fefcb55000 	C:\Windows\system32\mswsock.dll
0x000007fefcd20000 - 0x000007fefcd27000 	C:\Windows\System32\wship6.dll
0x000007fefa740000 - 0x000007fefa753000 	C:\Program Files\Android\Android Studio\jre\jre\bin\nio.dll
0x000007fee7fa0000 - 0x000007fee7fc7000 	C:\Users\Reginleif\.gradle\native\f6784746aeab05261644944871eae4fe03e0ef1612fff0a4a95f87b438bc6780\windows-amd64\native-platform.dll
0x000007fefcba0000 - 0x000007fefcba3000 	C:\Windows\system32\api-ms-win-core-synch-l1-2-0.DLL
0x000007fefa7d0000 - 0x000007fefa7dd000 	C:\Program Files\Android\Android Studio\jre\jre\bin\management.dll
0x000007fefcc10000 - 0x000007fefcc28000 	C:\Windows\system32\CRYPTSP.dll
0x000007fefc7d0000 - 0x000007fefc817000 	C:\Windows\system32\rsaenh.dll
0x000007fefd8f0000 - 0x000007fefd90f000 	C:\Windows\system32\USERENV.dll
0x000007fefd4d0000 - 0x000007fefd4df000 	C:\Windows\system32\CRYPTBASE.dll
0x000007fef9a40000 - 0x000007fef9a67000 	C:\Windows\system32\IPHLPAPI.DLL
0x000007fefab30000 - 0x000007fefab3b000 	C:\Windows\system32\WINNSI.DLL
0x000007fef9240000 - 0x000007fef9251000 	C:\Windows\system32\dhcpcsvc6.DLL
0x000007fef9680000 - 0x000007fef9698000 	C:\Windows\system32\dhcpcsvc.DLL

VM Arguments:
jvm_args: -Xmx2048m -Dfile.encoding=UTF-8 -Duser.country=US -Duser.language=en -Duser.variant 
java_command: org.gradle.launcher.daemon.bootstrap.GradleDaemon 6.5
java_class_path (initial): C:\Users\Reginleif\.gradle\wrapper\dists\gradle-6.5-bin\6nifqtx7604sqp1q6g8wikw7p\gradle-6.5\lib\gradle-launcher-6.5.jar
Launcher Type: SUN_STANDARD

Environment Variables:
JAVA_HOME=C:\Program Files\Java\jdk1.8.0_261
USERNAME=Reginleif
OS=Windows_NT
PROCESSOR_IDENTIFIER=Intel64 Family 6 Model 58 Stepping 9, GenuineIntel



---------------  S Y S T E M  ---------------

OS: Windows 7 , 64 bit Build 7601 (6.1.7601.24545)

CPU:total 4 (initial active 4) (2 cores per cpu, 2 threads per core) family 6 model 58 stepping 9, cmov, cx8, fxsr, mmx, sse, sse2, sse3, ssse3, sse4.1, sse4.2, popcnt, avx, aes, clmul, erms, ht, tsc, tscinvbit, tscinv

Memory: 4k page, physical 8059016k(732972k free), swap 9105692k(1420k free)

vm_info: OpenJDK 64-Bit Server VM (25.242-b01) for windows-amd64 JRE (1.8.0_242-release-1644-b01), built by "builder" with MS VC++ 10.0 (VS2010)

time: Fri Jun 18 08:52:07 2021
timezone: Russia TZ 2 Standard Time
elapsed time: 16 seconds (0d 0h 0m 16s)

