#
# There is insufficient memory for the Java Runtime Environment to continue.
# Native memory allocation (malloc) failed to allocate 1373360 bytes for Chunk::new
# Possible reasons:
#   The system is out of physical RAM or swap space
#   The process is running with CompressedOops enabled, and the Java Heap may be blocking the growth of the native heap
# Possible solutions:
#   Reduce memory load on the system
#   Increase physical memory or swap space
#   Check if swap backing store is full
#   Decrease Java heap size (-Xmx/-Xms)
#   Decrease number of Java threads
#   Decrease Java thread stack sizes (-Xss)
#   Set larger code cache with -XX:ReservedCodeCacheSize=
#   JVM is running with Unscaled Compressed Oops mode in which the Java heap is
#     placed in the first 4GB address space. The Java Heap base address is the
#     maximum limit for the native heap growth. Please use -XX:HeapBaseMinAddress
#     to set the Java Heap base and to place the Java Heap above 4GB virtual address.
# This output file may be truncated or incomplete.
#
#  Out of Memory Error (allocation.cpp:389), pid=8616, tid=0x0000000000001dd4
#
# JRE version: OpenJDK Runtime Environment (8.0_242-b01) (build 1.8.0_242-release-1644-b01)
# Java VM: OpenJDK 64-Bit Server VM (25.242-b01 mixed mode windows-amd64 compressed oops)
# Failed to write core dump. Minidumps are not enabled by default on client versions of Windows
#

---------------  T H R E A D  ---------------

Current thread (0x000000005753c000):  JavaThread "C2 CompilerThread1" daemon [_thread_in_native, id=7636, stack(0x0000000059010000,0x0000000059110000)]

Stack: [0x0000000059010000,0x0000000059110000]
[error occurred during error reporting (printing stack bounds), id 0xc0000005]

Native frames: (J=compiled Java code, j=interpreted, Vv=VM code, C=native code)


Current CompileTask:
C2:  13767 5779       4       org.gradle.internal.instantiation.generator.AbstractClassGenerator::inspectType (560 bytes)


---------------  P R O C E S S  ---------------

Java Threads: ( => current thread )
  0x000000005f746800 JavaThread "Cache worker for execution history cache (C:\Users\Reginleif\Desktop\knowledge_base\labs_tasks\rpo-baltin-2021\fclient\.gradle\6.5\executionHistory)" [_thread_blocked, id=6516, stack(0x000000006cb50000,0x000000006cc50000)]
  0x000000005f745800 JavaThread "Execution worker for ':' Thread 3" [_thread_blocked, id=8868, stack(0x000000006c8f0000,0x000000006c9f0000)]
  0x000000005f745000 JavaThread "Execution worker for ':' Thread 2" [_thread_blocked, id=8836, stack(0x000000006bd40000,0x000000006be40000)]
  0x000000005f744000 JavaThread "Execution worker for ':'" [_thread_blocked, id=6596, stack(0x000000006b1a0000,0x000000006b2a0000)]
  0x000000005f743800 JavaThread "Cache worker for file content cache (C:\Users\Reginleif\Desktop\knowledge_base\labs_tasks\rpo-baltin-2021\fclient\.gradle\6.5\fileContent)" [_thread_blocked, id=7016, stack(0x000000006c5f0000,0x000000006c6f0000)]
  0x000000005f742800 JavaThread "Memory manager" [_thread_blocked, id=6440, stack(0x000000006a7b0000,0x000000006a8b0000)]
  0x000000005f742000 JavaThread "Cache worker for Build Output Cleanup Cache (C:\Users\Reginleif\Desktop\knowledge_base\labs_tasks\rpo-baltin-2021\fclient\.gradle\buildOutputCleanup)" [_thread_blocked, id=4508, stack(0x000000006ac70000,0x000000006ad70000)]
  0x000000005b9e7000 JavaThread "jar transforms Thread 92" [_thread_blocked, id=1504, stack(0x000000006a8d0000,0x000000006a9d0000)]
  0x000000005b9e6000 JavaThread "jar transforms Thread 91" [_thread_blocked, id=9016, stack(0x000000006a670000,0x000000006a770000)]
  0x000000005b9e5800 JavaThread "jar transforms Thread 90" [_thread_blocked, id=6628, stack(0x000000006a540000,0x000000006a640000)]
  0x000000005b9e4800 JavaThread "jar transforms Thread 89" [_thread_blocked, id=7900, stack(0x000000006a420000,0x000000006a520000)]
  0x000000005b9e4000 JavaThread "jar transforms Thread 88" [_thread_blocked, id=9384, stack(0x000000006a070000,0x000000006a170000)]
  0x000000005b9e3000 JavaThread "jar transforms Thread 87" [_thread_blocked, id=4248, stack(0x000000006a2b0000,0x000000006a3b0000)]
  0x000000005b9e2800 JavaThread "jar transforms Thread 86" [_thread_blocked, id=7424, stack(0x000000006a170000,0x000000006a270000)]
  0x000000005b9e1800 JavaThread "jar transforms Thread 85" [_thread_blocked, id=9756, stack(0x0000000069f30000,0x000000006a030000)]
  0x000000005b9e1000 JavaThread "jar transforms Thread 84" [_thread_blocked, id=9792, stack(0x0000000069de0000,0x0000000069ee0000)]
  0x000000005b9e0000 JavaThread "jar transforms Thread 83" [_thread_blocked, id=3908, stack(0x0000000068dd0000,0x0000000068ed0000)]
  0x000000005a362000 JavaThread "jar transforms Thread 82" [_thread_blocked, id=5996, stack(0x00000000699c0000,0x0000000069ac0000)]
  0x000000005a361800 JavaThread "jar transforms Thread 81" [_thread_blocked, id=6048, stack(0x0000000069ca0000,0x0000000069da0000)]
  0x000000005a360800 JavaThread "jar transforms Thread 80" [_thread_blocked, id=9688, stack(0x0000000069b00000,0x0000000069c00000)]
  0x000000005a360000 JavaThread "jar transforms Thread 79" [_thread_blocked, id=4128, stack(0x00000000698a0000,0x00000000699a0000)]
  0x000000005a35f000 JavaThread "jar transforms Thread 78" [_thread_blocked, id=9480, stack(0x0000000069350000,0x0000000069450000)]
  0x000000005a35e800 JavaThread "jar transforms Thread 77" [_thread_blocked, id=9056, stack(0x0000000068510000,0x0000000068610000)]
  0x000000005a35d800 JavaThread "jar transforms Thread 76" [_thread_blocked, id=9500, stack(0x0000000069760000,0x0000000069860000)]
  0x000000005a35d000 JavaThread "jar transforms Thread 75" [_thread_blocked, id=9404, stack(0x0000000069590000,0x0000000069690000)]
  0x000000005a35c000 JavaThread "jar transforms Thread 74" [_thread_blocked, id=7368, stack(0x0000000069470000,0x0000000069570000)]
  0x000000005a35b800 JavaThread "jar transforms Thread 73" [_thread_blocked, id=5584, stack(0x0000000069230000,0x0000000069330000)]
  0x000000005b5a8000 JavaThread "jar transforms Thread 72" [_thread_blocked, id=9312, stack(0x0000000069000000,0x0000000069100000)]
  0x000000005b5a7000 JavaThread "jar transforms Thread 71" [_thread_blocked, id=7672, stack(0x00000000689e0000,0x0000000068ae0000)]
  0x000000005b5a6800 JavaThread "jar transforms Thread 70" [_thread_blocked, id=9256, stack(0x0000000069100000,0x0000000069200000)]
  0x000000005b5a5800 JavaThread "jar transforms Thread 69" [_thread_blocked, id=8972, stack(0x0000000068ee0000,0x0000000068fe0000)]
  0x000000005b5a5000 JavaThread "jar transforms Thread 68" [_thread_blocked, id=9420, stack(0x0000000068cc0000,0x0000000068dc0000)]
  0x000000005b5a4000 JavaThread "jar transforms Thread 67" [_thread_blocked, id=8860, stack(0x0000000066830000,0x0000000066930000)]
  0x000000005b5a3800 JavaThread "jar transforms Thread 66" [_thread_blocked, id=9320, stack(0x0000000068b00000,0x0000000068c00000)]
  0x000000005b5a2800 JavaThread "jar transforms Thread 65" [_thread_blocked, id=9744, stack(0x00000000688c0000,0x00000000689c0000)]
  0x000000005b5a2000 JavaThread "jar transforms Thread 64" [_thread_blocked, id=3972, stack(0x00000000680c0000,0x00000000681c0000)]
  0x000000005b5a1000 JavaThread "jar transforms Thread 63" [_thread_blocked, id=6512, stack(0x0000000068720000,0x0000000068820000)]
  0x000000005bb4a800 JavaThread "jar transforms Thread 62" [_thread_blocked, id=9564, stack(0x0000000068610000,0x0000000068710000)]
  0x000000005bb49800 JavaThread "jar transforms Thread 61" [_thread_blocked, id=9940, stack(0x0000000068410000,0x0000000068510000)]
  0x000000005bb49000 JavaThread "jar transforms Thread 60" [_thread_blocked, id=6980, stack(0x0000000068220000,0x0000000068320000)]
  0x000000005bb48000 JavaThread "jar transforms Thread 59" [_thread_blocked, id=2104, stack(0x0000000067fb0000,0x00000000680b0000)]
  0x000000005bb47800 JavaThread "jar transforms Thread 58" [_thread_blocked, id=5644, stack(0x0000000067a80000,0x0000000067b80000)]
  0x000000005bb46800 JavaThread "jar transforms Thread 57" [_thread_blocked, id=6436, stack(0x0000000067e60000,0x0000000067f60000)]
  0x000000005bb46000 JavaThread "jar transforms Thread 56" [_thread_blocked, id=7868, stack(0x0000000067cd0000,0x0000000067dd0000)]
  0x000000005bb45000 JavaThread "jar transforms Thread 55" [_thread_blocked, id=7864, stack(0x0000000067bd0000,0x0000000067cd0000)]
  0x000000005bb44800 JavaThread "jar transforms Thread 54" [_thread_blocked, id=6044, stack(0x0000000067940000,0x0000000067a40000)]
  0x000000005bb43800 JavaThread "jar transforms Thread 53" [_thread_blocked, id=3164, stack(0x0000000066620000,0x0000000066720000)]
  0x000000005a348800 JavaThread "jar transforms Thread 52" [_thread_blocked, id=7480, stack(0x0000000067540000,0x0000000067640000)]
  0x000000005a348000 JavaThread "jar transforms Thread 51" [_thread_blocked, id=2012, stack(0x00000000677b0000,0x00000000678b0000)]
  0x000000005a347000 JavaThread "jar transforms Thread 50" [_thread_blocked, id=6964, stack(0x0000000067660000,0x0000000067760000)]
  0x000000005a346800 JavaThread "jar transforms Thread 49" [_thread_blocked, id=7520, stack(0x0000000067270000,0x0000000067370000)]
  0x000000005a345800 JavaThread "jar transforms Thread 48" [_thread_blocked, id=5552, stack(0x00000000673c0000,0x00000000674c0000)]
  0x000000005a345000 JavaThread "jar transforms Thread 47" [_thread_blocked, id=9072, stack(0x0000000066fd0000,0x00000000670d0000)]
  0x000000005a344000 JavaThread "jar transforms Thread 46" [_thread_blocked, id=9836, stack(0x0000000067130000,0x0000000067230000)]
  0x000000005a343800 JavaThread "jar transforms Thread 45" [_thread_blocked, id=9112, stack(0x0000000066b70000,0x0000000066c70000)]
  0x000000005a342800 JavaThread "jar transforms Thread 44" [_thread_blocked, id=9316, stack(0x0000000066db0000,0x0000000066eb0000)]
  0x000000005a342000 JavaThread "jar transforms Thread 43" [_thread_blocked, id=1476, stack(0x0000000066ec0000,0x0000000066fc0000)]
  0x000000005b5a0000 JavaThread "jar transforms Thread 42" [_thread_blocked, id=9992, stack(0x0000000066c80000,0x0000000066d80000)]
  0x000000005b59f000 JavaThread "jar transforms Thread 41" [_thread_blocked, id=8416, stack(0x0000000066a70000,0x0000000066b70000)]
  0x000000005b59e800 JavaThread "jar transforms Thread 40" [_thread_blocked, id=8504, stack(0x0000000066930000,0x0000000066a30000)]
  0x000000005b59d800 JavaThread "jar transforms Thread 39" [_thread_blocked, id=8648, stack(0x0000000066720000,0x0000000066820000)]
  0x000000005b59d000 JavaThread "jar transforms Thread 38" [_thread_blocked, id=10112, stack(0x0000000065d60000,0x0000000065e60000)]
  0x000000005b59c000 JavaThread "jar transforms Thread 37" [_thread_blocked, id=7108, stack(0x0000000066510000,0x0000000066610000)]
  0x000000005b59b800 JavaThread "jar transforms Thread 36" [_thread_blocked, id=2496, stack(0x0000000066380000,0x0000000066480000)]
  0x000000005b59a800 JavaThread "jar transforms Thread 35" [_thread_blocked, id=7052, stack(0x0000000066240000,0x0000000066340000)]
  0x000000005b59a000 JavaThread "jar transforms Thread 34" [_thread_blocked, id=8100, stack(0x00000000660e0000,0x00000000661e0000)]
  0x000000005b599000 JavaThread "jar transforms Thread 33" [_thread_blocked, id=8884, stack(0x0000000065ef0000,0x0000000065ff0000)]
  0x000000005a351000 JavaThread "jar transforms Thread 32" [_thread_blocked, id=8452, stack(0x0000000065c20000,0x0000000065d20000)]
  0x000000005a350000 JavaThread "jar transforms Thread 31" [_thread_blocked, id=4352, stack(0x0000000065ae0000,0x0000000065be0000)]
  0x000000005a34f000 JavaThread "jar transforms Thread 30" [_thread_blocked, id=1180, stack(0x0000000065670000,0x0000000065770000)]
  0x000000005a34e800 JavaThread "jar transforms Thread 29" [_thread_blocked, id=7792, stack(0x00000000659c0000,0x0000000065ac0000)]
  0x000000005a34d800 JavaThread "jar transforms Thread 28" [_thread_blocked, id=7888, stack(0x0000000065880000,0x0000000065980000)]
  0x000000005a34d000 JavaThread "jar transforms Thread 27" [_thread_blocked, id=6772, stack(0x0000000065780000,0x0000000065880000)]
  0x000000005a34c000 JavaThread "jar transforms Thread 26" [_thread_blocked, id=7988, stack(0x00000000654d0000,0x00000000655d0000)]
  0x000000005a34b800 JavaThread "jar transforms Thread 25" [_thread_blocked, id=2988, stack(0x0000000065030000,0x0000000065130000)]
  0x000000005a34a800 JavaThread "jar transforms Thread 24" [_thread_blocked, id=3856, stack(0x0000000065300000,0x0000000065400000)]
  0x000000005a34a000 JavaThread "jar transforms Thread 23" [_thread_blocked, id=10160, stack(0x0000000065180000,0x0000000065280000)]
  0x00000000613b3800 JavaThread "jar transforms Thread 22" [_thread_blocked, id=8404, stack(0x0000000064e90000,0x0000000064f90000)]
  0x00000000613b3000 JavaThread "jar transforms Thread 21" [_thread_blocked, id=9544, stack(0x0000000064cb0000,0x0000000064db0000)]
  0x00000000613b2000 JavaThread "jar transforms Thread 20" [_thread_blocked, id=7464, stack(0x0000000064ba0000,0x0000000064ca0000)]
  0x00000000613b1800 JavaThread "jar transforms Thread 19" [_thread_blocked, id=7048, stack(0x0000000063ad0000,0x0000000063bd0000)]
  0x00000000613b0800 JavaThread "jar transforms Thread 18" [_thread_blocked, id=3340, stack(0x00000000649d0000,0x0000000064ad0000)]
  0x00000000613b0000 JavaThread "jar transforms Thread 17" [_thread_blocked, id=6852, stack(0x0000000064770000,0x0000000064870000)]
  0x00000000613af000 JavaThread "jar transforms Thread 16" [_thread_blocked, id=2028, stack(0x00000000648a0000,0x00000000649a0000)]
  0x00000000613ae800 JavaThread "jar transforms Thread 15" [_thread_blocked, id=5496, stack(0x0000000064670000,0x0000000064770000)]
  0x00000000613ad800 JavaThread "jar transforms Thread 14" [_thread_blocked, id=1900, stack(0x0000000063f10000,0x0000000064010000)]
  0x00000000613ad000 JavaThread "jar transforms Thread 13" [_thread_blocked, id=8912, stack(0x0000000064530000,0x0000000064630000)]
  0x000000005f7cd800 JavaThread "jar transforms Thread 12" [_thread_blocked, id=8440, stack(0x0000000064340000,0x0000000064440000)]
  0x000000005f7cd000 JavaThread "jar transforms Thread 11" [_thread_blocked, id=7596, stack(0x000000005c860000,0x000000005c960000)]
  0x000000005f7cc000 JavaThread "jar transforms Thread 10" [_thread_blocked, id=7144, stack(0x0000000064190000,0x0000000064290000)]
  0x000000005f7cb800 JavaThread "jar transforms Thread 9" [_thread_blocked, id=1060, stack(0x0000000064010000,0x0000000064110000)]
  0x000000005f7ca800 JavaThread "jar transforms Thread 8" [_thread_blocked, id=9012, stack(0x0000000063dc0000,0x0000000063ec0000)]
  0x000000005f7ca000 JavaThread "jar transforms Thread 7" [_thread_blocked, id=7544, stack(0x0000000063c00000,0x0000000063d00000)]
  0x000000005f7c9000 JavaThread "jar transforms Thread 6" [_thread_blocked, id=10212, stack(0x0000000063440000,0x0000000063540000)]
  0x000000005f7c8000 JavaThread "jar transforms Thread 5" [_thread_blocked, id=8820, stack(0x00000000636d0000,0x00000000637d0000)]
  0x000000005f7c7800 JavaThread "jar transforms Thread 4" [_thread_blocked, id=8644, stack(0x00000000639c0000,0x0000000063ac0000)]
  0x000000005f7c6800 JavaThread "jar transforms Thread 3" [_thread_blocked, id=8900, stack(0x00000000631b0000,0x00000000632b0000)]
  0x000000005afd6800 JavaThread "jar transforms Thread 2" [_thread_blocked, id=7640, stack(0x0000000063330000,0x0000000063430000)]
  0x000000005afd5800 JavaThread "Build operations Thread 4" [_thread_blocked, id=7608, stack(0x00000000637e0000,0x00000000638e0000)]
  0x000000005afd5000 JavaThread "Build operations Thread 3" [_thread_blocked, id=5200, stack(0x00000000635b0000,0x00000000636b0000)]
  0x000000005afd4000 JavaThread "Build operations Thread 2" [_thread_blocked, id=8604, stack(0x000000005d550000,0x000000005d650000)]
  0x000000005afd3800 JavaThread "Build operations" [_thread_blocked, id=10072, stack(0x0000000060fb0000,0x00000000610b0000)]
  0x000000005afcf000 JavaThread "Cache worker for file content cache (C:\Users\Reginleif\.gradle\caches\6.5\fileContent)" [_thread_blocked, id=9288, stack(0x000000005db90000,0x000000005dc90000)]
  0x000000005afce000 JavaThread "jar transforms" [_thread_blocked, id=1580, stack(0x0000000062a90000,0x0000000062b90000)]
  0x000000005afcd800 JavaThread "Cache worker for execution history cache (C:\Users\Reginleif\.gradle\caches\6.5\executionHistory)" [_thread_blocked, id=7088, stack(0x0000000060eb0000,0x0000000060fb0000)]
  0x000000005afcc800 JavaThread "Cache worker for cache directory md-rule (C:\Users\Reginleif\.gradle\caches\6.5\md-rule)" [_thread_blocked, id=9048, stack(0x000000005ddb0000,0x000000005deb0000)]
  0x000000005afcc000 JavaThread "Cache worker for cache directory md-supplier (C:\Users\Reginleif\.gradle\caches\6.5\md-supplier)" [_thread_blocked, id=5500, stack(0x0000000060d90000,0x0000000060e90000)]
  0x000000005afcb000 JavaThread "Cache worker for checksums cache (C:\Users\Reginleif\Desktop\knowledge_base\labs_tasks\rpo-baltin-2021\fclient\.gradle\checksums)" [_thread_blocked, id=9376, stack(0x0000000060c70000,0x0000000060d70000)]
  0x000000005afca800 JavaThread "Cache worker for file hash cache (C:\Users\Reginleif\Desktop\knowledge_base\labs_tasks\rpo-baltin-2021\fclient\.gradle\6.5\fileHashes)" [_thread_blocked, id=8756, stack(0x0000000062570000,0x0000000062670000)]
  0x000000005afc9800 JavaThread "Cache worker for file hash cache (C:\Users\Reginleif\.gradle\caches\6.5\fileHashes)" [_thread_blocked, id=8560, stack(0x000000005e710000,0x000000005e810000)]
  0x000000005afc9000 JavaThread "File lock request listener" [_thread_in_native, id=8244, stack(0x000000005e550000,0x000000005e650000)]
  0x000000005afc8000 JavaThread "Cache worker for journal cache (C:\Users\Reginleif\.gradle\caches\journal-1)" [_thread_blocked, id=9088, stack(0x000000005e380000,0x000000005e480000)]
  0x000000005afc7800 JavaThread "Thread-9" [_thread_blocked, id=9400, stack(0x000000005dfe0000,0x000000005e0e0000)]
  0x000000005aece800 JavaThread "Stdin handler" [_thread_blocked, id=3868, stack(0x000000005dec0000,0x000000005dfc0000)]
  0x000000005aeca000 JavaThread "Asynchronous log dispatcher for DefaultDaemonConnection: socket connection from /127.0.0.1:51147 to /127.0.0.1:51148" [_thread_blocked, id=9520, stack(0x000000005dcb0000,0x000000005ddb0000)]
  0x000000005aec3800 JavaThread "Daemon worker" [_thread_blocked, id=7784, stack(0x000000005da90000,0x000000005db90000)]
  0x000000005aeb1800 JavaThread "Cancel handler" [_thread_blocked, id=9364, stack(0x000000005d980000,0x000000005da80000)]
  0x000000005ae9c800 JavaThread "Handler for socket connection from /127.0.0.1:51147 to /127.0.0.1:51148" [_thread_in_native, id=9616, stack(0x000000005d7b0000,0x000000005d8b0000)]
  0x000000005ae35000 JavaThread "Daemon" [_thread_blocked, id=8920, stack(0x000000005d650000,0x000000005d750000)]
  0x000000005ae34800 JavaThread "Daemon periodic checks" [_thread_blocked, id=5912, stack(0x000000005c970000,0x000000005ca70000)]
  0x000000005ae31000 JavaThread "Incoming local TCP Connector on port 51147" [_thread_in_native, id=9840, stack(0x000000005c5f0000,0x000000005c6f0000)]
  0x000000005963a800 JavaThread "Daemon health stats" [_thread_blocked, id=9664, stack(0x000000005c130000,0x000000005c230000)]
  0x000000005753f800 JavaThread "Service Thread" daemon [_thread_blocked, id=6812, stack(0x00000000594c0000,0x00000000595c0000)]
  0x000000005753d000 JavaThread "C1 CompilerThread2" daemon [_thread_blocked, id=6552, stack(0x00000000592c0000,0x00000000593c0000)]
=>0x000000005753c000 JavaThread "C2 CompilerThread1" daemon [_thread_in_native, id=7636, stack(0x0000000059010000,0x0000000059110000)]
  0x000000005753a800 JavaThread "C2 CompilerThread0" daemon [_thread_blocked, id=5624, stack(0x0000000058d40000,0x0000000058e40000)]
  0x0000000057539000 JavaThread "Attach Listener" daemon [_thread_blocked, id=7524, stack(0x0000000058e60000,0x0000000058f60000)]
  0x0000000057538000 JavaThread "Signal Dispatcher" daemon [_thread_blocked, id=6060, stack(0x0000000058bb0000,0x0000000058cb0000)]
  0x000000005751a000 JavaThread "Finalizer" daemon [_thread_blocked, id=10116, stack(0x00000000585b0000,0x00000000586b0000)]
  0x0000000057513000 JavaThread "Reference Handler" daemon [_thread_blocked, id=6456, stack(0x0000000058340000,0x0000000058440000)]
  0x000000000226f000 JavaThread "main" [_thread_blocked, id=9924, stack(0x0000000002450000,0x0000000002550000)]

Other Threads:
  0x00000000574cb800 VMThread [stack: 0x0000000058470000,0x0000000058570000] [id=9340]
  0x000000005880b800 WatcherThread [stack: 0x0000000059130000,0x0000000059230000] [id=1324]

VM state:at safepoint (normal execution)

VM Mutex/Monitor currently owned by a thread:  ([mutex/lock_event])
[0x0000000000588880] Threads_lock - owner thread: 0x00000000574cb800
[0x0000000000588d80] Heap_lock - owner thread: 0x000000005afd3800

heap address: 0x0000000080000000, size: 2048 MB, Compressed Oops mode: 32-bit
Narrow klass base: 0x0000000000000000, Narrow klass shift: 0
Compressed class space size: 1073741824 Address: 0x0000000016b40000

Heap:
 PSYoungGen      total 448512K, used 134243K [0x00000000d5580000, 0x00000000fd580000, 0x0000000100000000)
  eden space 429056K, 31% used [0x00000000d5580000,0x00000000dd898eb8,0x00000000ef880000)
  from space 19456K, 0% used [0x00000000ef880000,0x00000000ef880000,0x00000000f0b80000)
  to   space 24064K, 25% used [0x00000000fbe00000,0x00000000fc40eba8,0x00000000fd580000)
 ParOldGen       total 66048K, used 34816K [0x0000000080000000, 0x0000000084080000, 0x00000000d5580000)
  object space 66048K, 52% used [0x0000000080000000,0x0000000082200380,0x0000000084080000)
 Metaspace       used 64660K, capacity 67306K, committed 67352K, reserved 1112064K
  class space    used 8949K, capacity 9490K, committed 9512K, reserved 1048576K

Card table byte_map: [0x0000000011be0000,0x0000000011ff0000] byte_map_base: 0x00000000117e0000

Marking Bits: (ParMarkBitMap*) 0x000000005d49f030
 Begin Bits: [0x0000000012740000, 0x0000000014740000)
 End Bits:   [0x0000000014740000, 0x0000000016740000)

Polling page: 0x0000000000430000

CodeCache: size=245760Kb used=18247Kb max_used=18786Kb free=227512Kb
 bounds [0x0000000002820000, 0x0000000003aa0000, 0x0000000011820000]
 total_blobs=6431 nmethods=5644 adapters=700
 compilation: enabled

Compilation events (10 events):
Event: 13.729 Thread 0x000000005753d000 6397       3       org.gradle.api.internal.artifacts.ivyservice.resolveengine.artifact.DefaultArtifactSet$SingleVariantArtifactSet::getVariants (8 bytes)
Event: 13.729 Thread 0x000000005753d000 nmethod 6397 0x0000000002a90b50 code [0x0000000002a90d00, 0x0000000002a91248]
Event: 13.729 Thread 0x000000005753d000 6398       3       org.gradle.api.internal.attributes.DefaultAttributeMatchingStrategy_Decorated::getCompatibilityRules (39 bytes)
Event: 13.730 Thread 0x000000005753d000 nmethod 6398 0x0000000002aa0050 code [0x0000000002aa0220, 0x0000000002aa0908]
Event: 13.735 Thread 0x000000005753d000 6399       3       org.gradle.internal.concurrent.ManagedExecutorImpl::trackedCommand (10 bytes)
Event: 13.735 Thread 0x000000005753d000 nmethod 6399 0x0000000003122cd0 code [0x0000000003122e40, 0x00000000031230d0]
Event: 13.735 Thread 0x000000005753d000 6400       3       org.gradle.internal.concurrent.ManagedExecutorImpl$1::<init> (15 bytes)
Event: 13.736 Thread 0x000000005753d000 nmethod 6400 0x00000000031c8850 code [0x00000000031c89a0, 0x00000000031c8b70]
Event: 13.736 Thread 0x000000005753d000 6401       3       org.gradle.internal.concurrent.ManagedExecutorImpl::execute (15 bytes)
Event: 13.736 Thread 0x000000005753d000 nmethod 6401 0x0000000002a9f810 code [0x0000000002a9f9a0, 0x0000000002a9fdc8]

GC Heap History (10 events):
Event: 6.484 GC heap after
Heap after GC invocations=8 (full 1):
 PSYoungGen      total 263168K, used 8003K [0x00000000d5580000, 0x00000000f1980000, 0x0000000100000000)
  eden space 247808K, 0% used [0x00000000d5580000,0x00000000d5580000,0x00000000e4780000)
  from space 15360K, 52% used [0x00000000e4780000,0x00000000e4f50f50,0x00000000e5680000)
  to   space 14336K, 0% used [0x00000000f0b80000,0x00000000f0b80000,0x00000000f1980000)
 ParOldGen       total 51712K, used 9284K [0x0000000080000000, 0x0000000083280000, 0x00000000d5580000)
  object space 51712K, 17% used [0x0000000080000000,0x00000000809111c0,0x0000000083280000)
 Metaspace       used 34267K, capacity 35376K, committed 35496K, reserved 1079296K
  class space    used 4687K, capacity 4969K, committed 5032K, reserved 1048576K
}
Event: 6.484 GC heap before
{Heap before GC invocations=9 (full 2):
 PSYoungGen      total 263168K, used 8003K [0x00000000d5580000, 0x00000000f1980000, 0x0000000100000000)
  eden space 247808K, 0% used [0x00000000d5580000,0x00000000d5580000,0x00000000e4780000)
  from space 15360K, 52% used [0x00000000e4780000,0x00000000e4f50f50,0x00000000e5680000)
  to   space 14336K, 0% used [0x00000000f0b80000,0x00000000f0b80000,0x00000000f1980000)
 ParOldGen       total 51712K, used 9284K [0x0000000080000000, 0x0000000083280000, 0x00000000d5580000)
  object space 51712K, 17% used [0x0000000080000000,0x00000000809111c0,0x0000000083280000)
 Metaspace       used 34267K, capacity 35376K, committed 35496K, reserved 1079296K
  class space    used 4687K, capacity 4969K, committed 5032K, reserved 1048576K
Event: 6.580 GC heap after
Heap after GC invocations=9 (full 2):
 PSYoungGen      total 263168K, used 0K [0x00000000d5580000, 0x00000000f1980000, 0x0000000100000000)
  eden space 247808K, 0% used [0x00000000d5580000,0x00000000d5580000,0x00000000e4780000)
  from space 15360K, 0% used [0x00000000e4780000,0x00000000e4780000,0x00000000e5680000)
  to   space 14336K, 0% used [0x00000000f0b80000,0x00000000f0b80000,0x00000000f1980000)
 ParOldGen       total 66048K, used 14370K [0x0000000080000000, 0x0000000084080000, 0x00000000d5580000)
  object space 66048K, 21% used [0x0000000080000000,0x0000000080e08bf0,0x0000000084080000)
 Metaspace       used 34267K, capacity 35376K, committed 35496K, reserved 1079296K
  class space    used 4687K, capacity 4969K, committed 5032K, reserved 1048576K
}
Event: 9.375 GC heap before
{Heap before GC invocations=10 (full 2):
 PSYoungGen      total 263168K, used 247808K [0x00000000d5580000, 0x00000000f1980000, 0x0000000100000000)
  eden space 247808K, 100% used [0x00000000d5580000,0x00000000e4780000,0x00000000e4780000)
  from space 15360K, 0% used [0x00000000e4780000,0x00000000e4780000,0x00000000e5680000)
  to   space 14336K, 0% used [0x00000000f0b80000,0x00000000f0b80000,0x00000000f1980000)
 ParOldGen       total 66048K, used 14370K [0x0000000080000000, 0x0000000084080000, 0x00000000d5580000)
  object space 66048K, 21% used [0x0000000080000000,0x0000000080e08bf0,0x0000000084080000)
 Metaspace       used 48092K, capacity 49948K, committed 50216K, reserved 1093632K
  class space    used 6460K, capacity 6846K, committed 6952K, reserved 1048576K
Event: 9.394 GC heap after
Heap after GC invocations=10 (full 2):
 PSYoungGen      total 443392K, used 14335K [0x00000000d5580000, 0x00000000f1f80000, 0x0000000100000000)
  eden space 429056K, 0% used [0x00000000d5580000,0x00000000d5580000,0x00000000ef880000)
  from space 14336K, 99% used [0x00000000f0b80000,0x00000000f197ff38,0x00000000f1980000)
  to   space 19456K, 0% used [0x00000000ef880000,0x00000000ef880000,0x00000000f0b80000)
 ParOldGen       total 66048K, used 21206K [0x0000000080000000, 0x0000000084080000, 0x00000000d5580000)
  object space 66048K, 32% used [0x0000000080000000,0x00000000814b5af0,0x0000000084080000)
 Metaspace       used 48092K, capacity 49948K, committed 50216K, reserved 1093632K
  class space    used 6460K, capacity 6846K, committed 6952K, reserved 1048576K
}
Event: 11.080 GC heap before
{Heap before GC invocations=11 (full 2):
 PSYoungGen      total 443392K, used 135214K [0x00000000d5580000, 0x00000000f1f80000, 0x0000000100000000)
  eden space 429056K, 28% used [0x00000000d5580000,0x00000000dcb8b9f8,0x00000000ef880000)
  from space 14336K, 99% used [0x00000000f0b80000,0x00000000f197ff38,0x00000000f1980000)
  to   space 19456K, 0% used [0x00000000ef880000,0x00000000ef880000,0x00000000f0b80000)
 ParOldGen       total 66048K, used 21206K [0x0000000080000000, 0x0000000084080000, 0x00000000d5580000)
  object space 66048K, 32% used [0x0000000080000000,0x00000000814b5af0,0x0000000084080000)
 Metaspace       used 56872K, capacity 59092K, committed 59160K, reserved 1099776K
  class space    used 7749K, capacity 8213K, committed 8232K, reserved 1048576K
Event: 11.112 GC heap after
Heap after GC invocations=11 (full 2):
 PSYoungGen      total 448512K, used 19428K [0x00000000d5580000, 0x00000000fd580000, 0x0000000100000000)
  eden space 429056K, 0% used [0x00000000d5580000,0x00000000d5580000,0x00000000ef880000)
  from space 19456K, 99% used [0x00000000ef880000,0x00000000f0b79140,0x00000000f0b80000)
  to   space 24064K, 0% used [0x00000000fbe00000,0x00000000fbe00000,0x00000000fd580000)
 ParOldGen       total 66048K, used 24667K [0x0000000080000000, 0x0000000084080000, 0x00000000d5580000)
  object space 66048K, 37% used [0x0000000080000000,0x0000000081816f78,0x0000000084080000)
 Metaspace       used 56872K, capacity 59092K, committed 59160K, reserved 1099776K
  class space    used 7749K, capacity 8213K, committed 8232K, reserved 1048576K
}
Event: 11.112 GC heap before
{Heap before GC invocations=12 (full 3):
 PSYoungGen      total 448512K, used 19428K [0x00000000d5580000, 0x00000000fd580000, 0x0000000100000000)
  eden space 429056K, 0% used [0x00000000d5580000,0x00000000d5580000,0x00000000ef880000)
  from space 19456K, 99% used [0x00000000ef880000,0x00000000f0b79140,0x00000000f0b80000)
  to   space 24064K, 0% used [0x00000000fbe00000,0x00000000fbe00000,0x00000000fd580000)
 ParOldGen       total 66048K, used 24667K [0x0000000080000000, 0x0000000084080000, 0x00000000d5580000)
  object space 66048K, 37% used [0x0000000080000000,0x0000000081816f78,0x0000000084080000)
 Metaspace       used 56872K, capacity 59092K, committed 59160K, reserved 1099776K
  class space    used 7749K, capacity 8213K, committed 8232K, reserved 1048576K
Event: 11.383 GC heap after
Heap after GC invocations=12 (full 3):
 PSYoungGen      total 448512K, used 0K [0x00000000d5580000, 0x00000000fd580000, 0x0000000100000000)
  eden space 429056K, 0% used [0x00000000d5580000,0x00000000d5580000,0x00000000ef880000)
  from space 19456K, 0% used [0x00000000ef880000,0x00000000ef880000,0x00000000f0b80000)
  to   space 24064K, 0% used [0x00000000fbe00000,0x00000000fbe00000,0x00000000fd580000)
 ParOldGen       total 66048K, used 34808K [0x0000000080000000, 0x0000000084080000, 0x00000000d5580000)
  object space 66048K, 52% used [0x0000000080000000,0x00000000821fe380,0x0000000084080000)
 Metaspace       used 56865K, capacity 59068K, committed 59160K, reserved 1099776K
  class space    used 7747K, capacity 8209K, committed 8232K, reserved 1048576K
}
Event: 13.744 GC heap before
{Heap before GC invocations=13 (full 3):
 PSYoungGen      total 448512K, used 134243K [0x00000000d5580000, 0x00000000fd580000, 0x0000000100000000)
  eden space 429056K, 31% used [0x00000000d5580000,0x00000000dd898eb8,0x00000000ef880000)
  from space 19456K, 0% used [0x00000000ef880000,0x00000000ef880000,0x00000000f0b80000)
  to   space 24064K, 0% used [0x00000000fbe00000,0x00000000fbe00000,0x00000000fd580000)
 ParOldGen       total 66048K, used 34808K [0x0000000080000000, 0x0000000084080000, 0x00000000d5580000)
  object space 66048K, 52% used [0x0000000080000000,0x00000000821fe380,0x0000000084080000)
 Metaspace       used 64660K, capacity 67306K, committed 67352K, reserved 1112064K
  class space    used 8949K, capacity 9490K, committed 9512K, reserved 1048576K

Deoptimization events (10 events):
Event: 13.323 Thread 0x000000005f746800 Uncommon trap: reason=bimorphic action=maybe_recompile pc=0x000000000348d220 method=java.util.Arrays.binarySearch0([Ljava/lang/Object;IILjava/lang/Object;Ljava/util/Comparator;)I @ 48
Event: 13.324 Thread 0x000000005f746800 Uncommon trap: reason=bimorphic action=maybe_recompile pc=0x000000000348d220 method=java.util.Arrays.binarySearch0([Ljava/lang/Object;IILjava/lang/Object;Ljava/util/Comparator;)I @ 48
Event: 13.340 Thread 0x000000005f745000 Uncommon trap: reason=unstable_if action=reinterpret pc=0x00000000039ae6f0 method=com.sun.org.apache.xerces.internal.impl.XMLEntityScanner.scanContent(Lcom/sun/org/apache/xerces/internal/xni/XMLString;)I @ 127
Event: 13.420 Thread 0x000000005f745000 Uncommon trap: reason=predicate action=maybe_recompile pc=0x0000000002c406a8 method=java.util.AbstractCollection.toArray([Ljava/lang/Object;)[Ljava/lang/Object; @ 49
Event: 13.442 Thread 0x000000005f745000 Uncommon trap: reason=array_check action=maybe_recompile pc=0x00000000034e9060 method=java.util.AbstractCollection.toArray([Ljava/lang/Object;)[Ljava/lang/Object; @ 119
Event: 13.442 Thread 0x000000005f745000 Uncommon trap: reason=array_check action=maybe_recompile pc=0x00000000034e9060 method=java.util.AbstractCollection.toArray([Ljava/lang/Object;)[Ljava/lang/Object; @ 119
Event: 13.442 Thread 0x000000005f745000 Uncommon trap: reason=array_check action=maybe_recompile pc=0x00000000034e9060 method=java.util.AbstractCollection.toArray([Ljava/lang/Object;)[Ljava/lang/Object; @ 119
Event: 13.442 Thread 0x000000005f745000 Uncommon trap: reason=array_check action=maybe_recompile pc=0x00000000034e9060 method=java.util.AbstractCollection.toArray([Ljava/lang/Object;)[Ljava/lang/Object; @ 119
Event: 13.700 Thread 0x000000005f745000 Uncommon trap: reason=unstable_if action=reinterpret pc=0x00000000029dab6c method=com.esotericsoftware.kryo.io.Input.readString()Ljava/lang/String; @ 38
Event: 13.702 Thread 0x000000005f745000 Uncommon trap: reason=unstable_if action=reinterpret pc=0x0000000002ef3228 method=com.esotericsoftware.kryo.io.Input.readString()Ljava/lang/String; @ 38

Classes redefined (0 events):
No events

Internal exceptions (10 events):
Event: 12.750 Thread 0x000000005aec3800 Exception <a 'java/lang/ClassNotFoundException': org/gradle/api/internal/file/CompositeFileCollectionCustomizer> (0x00000000da4a4f58) thrown at [C:\src\AOSP-openjdk-git\hotspot\src\share\vm\classfile\systemDictionary.cpp, line 210]
Event: 12.751 Thread 0x000000005aec3800 Exception <a 'java/lang/ClassNotFoundException': org/gradle/api/internal/file/CompositeFileTreeCustomizer> (0x00000000da4cb178) thrown at [C:\src\AOSP-openjdk-git\hotspot\src\share\vm\classfile\systemDictionary.cpp, line 210]
Event: 12.752 Thread 0x000000005aec3800 Exception <a 'java/lang/ClassNotFoundException': org/gradle/api/internal/file/collections/DefaultConfigurableFileTreeCustomizer> (0x00000000da4f7d00) thrown at [C:\src\AOSP-openjdk-git\hotspot\src\share\vm\classfile\systemDictionary.cpp, line 210]
Event: 13.145 Thread 0x000000005afc7800 Exception <a 'java/lang/NoSuchMethodError': <clinit>> (0x00000000d5587d68) thrown at [C:\src\AOSP-openjdk-git\hotspot\src\share\vm\prims\jni.cpp, line 1615]
Event: 13.147 Thread 0x000000005afc7800 Exception <a 'java/lang/NoSuchMethodError': <clinit>> (0x00000000d55934b8) thrown at [C:\src\AOSP-openjdk-git\hotspot\src\share\vm\prims\jni.cpp, line 1615]
Event: 13.196 Thread 0x000000005afc7800 Exception <a 'java/lang/NoSuchMethodError': <clinit>> (0x00000000d55a0000) thrown at [C:\src\AOSP-openjdk-git\hotspot\src\share\vm\prims\jni.cpp, line 1615]
Event: 13.200 Thread 0x000000005afc7800 Exception <a 'java/lang/NoSuchMethodError': <clinit>> (0x00000000d55b0d88) thrown at [C:\src\AOSP-openjdk-git\hotspot\src\share\vm\prims\jni.cpp, line 1615]
Event: 13.201 Thread 0x000000005afc7800 Exception <a 'java/lang/NoSuchMethodError': <clinit>> (0x00000000d55b28c0) thrown at [C:\src\AOSP-openjdk-git\hotspot\src\share\vm\prims\jni.cpp, line 1615]
Event: 13.314 Thread 0x000000005afc7800 Exception <a 'java/lang/NoSuchMethodError': <clinit>> (0x00000000d55bf7a0) thrown at [C:\src\AOSP-openjdk-git\hotspot\src\share\vm\prims\jni.cpp, line 1615]
Event: 13.354 Thread 0x000000005f745000 Exception <a 'java/lang/NoSuchMethodError': java.lang.Object.lambda$static$0(Lorg/gradle/internal/snapshot/SnapshotHierarchy$DiffCapturingUpdateFunction;Lorg/gradle/internal/snapshot/SnapshotHierarchy;)Lorg/gradle/internal/snapshot/SnapshotHierarchy;> (0x

Events (10 events):
Event: 13.741 loading class org/gradle/api/internal/artifacts/transform/TransformationStep done
Event: 13.741 loading class org/gradle/api/internal/artifacts/transform/TransformationStep
Event: 13.741 loading class org/gradle/api/internal/artifacts/transform/TransformationStep done
Event: 13.741 loading class org/gradle/api/internal/project/DefaultProjectStateRegistry$SafeExclusiveLockImpl$1
Event: 13.741 loading class org/gradle/api/internal/project/DefaultProjectStateRegistry$SafeExclusiveLockImpl$1 done
Event: 13.743 loading class org/gradle/api/internal/artifacts/transform/DefaultTransformer$2
Event: 13.743 loading class org/gradle/api/internal/artifacts/transform/DefaultTransformer$2 done
Event: 13.744 loading class org/gradle/api/internal/artifacts/transform/DefaultTransformer$FingerprintTransformInputsOperation$Details
Event: 13.744 loading class org/gradle/api/internal/artifacts/transform/DefaultTransformer$FingerprintTransformInputsOperation$Details done
Event: 13.744 Executing VM operation: CollectForMetadataAllocation


Dynamic libraries:
0x000000013f9c0000 - 0x000000013f9f1000 	C:\Program Files\Android\Android Studio\jre\bin\java.exe
0x0000000077ae0000 - 0x0000000077c7f000 	C:\Windows\SYSTEM32\ntdll.dll
0x00000000778c0000 - 0x00000000779df000 	C:\Windows\system32\kernel32.dll
0x000007fefd7d0000 - 0x000007fefd837000 	C:\Windows\system32\KERNELBASE.dll
0x000007fefd9f0000 - 0x000007fefdacb000 	C:\Windows\system32\ADVAPI32.dll
0x000007feffc90000 - 0x000007feffd2f000 	C:\Windows\system32\msvcrt.dll
0x000007feff090000 - 0x000007feff0af000 	C:\Windows\SYSTEM32\sechost.dll
0x000007feff0b0000 - 0x000007feff1dc000 	C:\Windows\system32\RPCRT4.dll
0x00000000779e0000 - 0x0000000077adb000 	C:\Windows\system32\USER32.dll
0x000007feff3c0000 - 0x000007feff427000 	C:\Windows\system32\GDI32.dll
0x000007fefde20000 - 0x000007fefde2e000 	C:\Windows\system32\LPK.dll
0x000007feff690000 - 0x000007feff75b000 	C:\Windows\system32\USP10.dll
0x000007fefce60000 - 0x000007fefd055000 	C:\Windows\WinSxS\amd64_microsoft.windows.common-controls_6595b64144ccf1df_6.0.7601.24483_none_e372d88f30fbb845\COMCTL32.dll
0x000007fefdc10000 - 0x000007fefdc81000 	C:\Windows\system32\SHLWAPI.dll
0x000007feff600000 - 0x000007feff62e000 	C:\Windows\system32\IMM32.DLL
0x000007feff4f0000 - 0x000007feff5fb000 	C:\Windows\system32\MSCTF.dll
0x000000005c280000 - 0x000000005c352000 	C:\Program Files\Android\Android Studio\jre\jre\bin\msvcr100.dll
0x000000005ccd0000 - 0x000000005d51b000 	C:\Program Files\Android\Android Studio\jre\jre\bin\server\jvm.dll
0x000007fef8e30000 - 0x000007fef8e39000 	C:\Windows\system32\WSOCK32.dll
0x000007fefdbc0000 - 0x000007fefdc0d000 	C:\Windows\system32\WS2_32.dll
0x000007fefdbb0000 - 0x000007fefdbb8000 	C:\Windows\system32\NSI.dll
0x000007fefb1d0000 - 0x000007fefb20b000 	C:\Windows\system32\WINMM.dll
0x000007fefc310000 - 0x000007fefc31c000 	C:\Windows\system32\VERSION.dll
0x0000000077c80000 - 0x0000000077c87000 	C:\Windows\system32\PSAPI.DLL
0x000007fefa830000 - 0x000007fefa83f000 	C:\Program Files\Android\Android Studio\jre\jre\bin\verify.dll
0x000007fefa800000 - 0x000007fefa829000 	C:\Program Files\Android\Android Studio\jre\jre\bin\java.dll
0x000007fefa7e0000 - 0x000007fefa7f6000 	C:\Program Files\Android\Android Studio\jre\jre\bin\zip.dll
0x000007fefe030000 - 0x000007fefedbb000 	C:\Windows\system32\SHELL32.dll
0x000007fefde30000 - 0x000007fefe02f000 	C:\Windows\system32\ole32.dll
0x000007fefd630000 - 0x000007fefd63f000 	C:\Windows\system32\profapi.dll
0x000007fefa760000 - 0x000007fefa77a000 	C:\Program Files\Android\Android Studio\jre\jre\bin\net.dll
0x000007fefcb00000 - 0x000007fefcb55000 	C:\Windows\system32\mswsock.dll
0x000007fefcd20000 - 0x000007fefcd27000 	C:\Windows\System32\wship6.dll
0x000007fefa740000 - 0x000007fefa753000 	C:\Program Files\Android\Android Studio\jre\jre\bin\nio.dll
0x000007fee7fa0000 - 0x000007fee7fc7000 	C:\Users\Reginleif\.gradle\native\f6784746aeab05261644944871eae4fe03e0ef1612fff0a4a95f87b438bc6780\windows-amd64\native-platform.dll
0x000007fefcba0000 - 0x000007fefcba3000 	C:\Windows\system32\api-ms-win-core-synch-l1-2-0.DLL
0x000007fefa7d0000 - 0x000007fefa7dd000 	C:\Program Files\Android\Android Studio\jre\jre\bin\management.dll
0x000007fefcc10000 - 0x000007fefcc28000 	C:\Windows\system32\CRYPTSP.dll
0x000007fefc7d0000 - 0x000007fefc817000 	C:\Windows\system32\rsaenh.dll
0x000007fefd8f0000 - 0x000007fefd90f000 	C:\Windows\system32\USERENV.dll
0x000007fefd4d0000 - 0x000007fefd4df000 	C:\Windows\system32\CRYPTBASE.dll
0x000007fef9a40000 - 0x000007fef9a67000 	C:\Windows\system32\IPHLPAPI.DLL
0x000007fefab30000 - 0x000007fefab3b000 	C:\Windows\system32\WINNSI.DLL
0x000007fef9240000 - 0x000007fef9251000 	C:\Windows\system32\dhcpcsvc6.DLL
0x000007fef9680000 - 0x000007fef9698000 	C:\Windows\system32\dhcpcsvc.DLL

VM Arguments:
jvm_args: -Xmx2048m -Dfile.encoding=UTF-8 -Duser.country=US -Duser.language=en -Duser.variant 
java_command: org.gradle.launcher.daemon.bootstrap.GradleDaemon 6.5
java_class_path (initial): C:\Users\Reginleif\.gradle\wrapper\dists\gradle-6.5-bin\6nifqtx7604sqp1q6g8wikw7p\gradle-6.5\lib\gradle-launcher-6.5.jar
Launcher Type: SUN_STANDARD

Environment Variables:
JAVA_HOME=C:\Program Files\Java\jdk1.8.0_261
USERNAME=Reginleif
OS=Windows_NT
PROCESSOR_IDENTIFIER=Intel64 Family 6 Model 58 Stepping 9, GenuineIntel



---------------  S Y S T E M  ---------------

OS: Windows 7 , 64 bit Build 7601 (6.1.7601.24545)

CPU:total 4 (initial active 4) (2 cores per cpu, 2 threads per core) family 6 model 58 stepping 9, cmov, cx8, fxsr, mmx, sse, sse2, sse3, ssse3, sse4.1, sse4.2, popcnt, avx, aes, clmul, erms, ht, tsc, tscinvbit, tscinv

Memory: 4k page, physical 8059016k(729408k free), swap 9105692k(6116k free)

vm_info: OpenJDK 64-Bit Server VM (25.242-b01) for windows-amd64 JRE (1.8.0_242-release-1644-b01), built by "builder" with MS VC++ 10.0 (VS2010)

time: Fri Jun 18 08:53:56 2021
timezone: Russia TZ 2 Standard Time
elapsed time: 13 seconds (0d 0h 0m 13s)

